#
# A fatal error has been detected by the Java Runtime Environment:
#
#  SIGSEGV (0xb) at pc=0x00007f294e005060, pid=9609, tid=0x00007f29a3f0b700
#
# JRE version: Java(TM) SE Runtime Environment (8.0_121-b13) (build 1.8.0_121-b13)
# Java VM: Java HotSpot(TM) 64-Bit Server VM (25.121-b13 mixed mode linux-amd64 compressed oops)
# Problematic frame:
# C  0x00007f294e005060
#
# Failed to write core dump. Core dumps have been disabled. To enable core dumping, try "ulimit -c unlimited" before starting Java again
#
# If you would like to submit a bug report, please visit:
#   http://bugreport.java.com/bugreport/crash.jsp
#

---------------  T H R E A D  ---------------

Current thread (0x00007f299c00a000):  JavaThread "main" [_thread_in_Java, id=9610, stack(0x00007f29a3e0b000,0x00007f29a3f0c000)]

siginfo: si_signo: 11 (SIGSEGV), si_code: 1 (SEGV_MAPERR), si_addr: 0x00007f294e005060

Registers:
RAX=0x00007f298c904400, RBX=0x00007f298c904400, RCX=0x00000000d0c36910, RDX=0x00000000d0ca8588
RSP=0x00007f29a3f09878, RBP=0x00007f29a3f098d8, RSI=0x00000000d0c36910, RDI=0x00007f29a3f09800
R8 =0x0000000000000160, R9 =0x00000000f07e2238, R10=0x00007f29a3301800, R11=0x00007f298d19aea0
R12=0x0000000000000000, R13=0x00007f29a3f09888, R14=0x00007f298cb11d70, R15=0x00007f299c00a000
RIP=0x00007f294e005060, EFLAGS=0x0000000000010202, CSGSFS=0x0000000000000033, ERR=0x0000000000000014
  TRAPNO=0x000000000000000e

Top of Stack: (sp=0x00007f29a3f09878)
0x00007f29a3f09878:   00007f298d007d80 00007f298d007d80
0x00007f29a3f09888:   00000000d0ca8588 00000000d0c36910
0x00007f29a3f09898:   00007f29a3f09898 00007f298c904116
0x00007f29a3f098a8:   00007f29a3f09908 00007f298c904788
0x00007f29a3f098b8:   00007f298cb11d70 00007f298c904148
0x00007f29a3f098c8:   00007f29a3f09888 00007f29a3f09910
0x00007f29a3f098d8:   00007f29a3f099b0 00007f298d20d0fc
0x00007f29a3f098e8:   0000000000000000 0000000000000000
0x00007f29a3f098f8:   0000000000000000 00000000d0ca8588
0x00007f29a3f09908:   00000000d0c36910 00007f29a3f09950
0x00007f29a3f09918:   00007f29a3f099b0 00007f298d007d80
0x00007f29a3f09928:   0000000000000000 0000000000000000
0x00007f29a3f09938:   0000000000000014 00000000f07e2238
0x00007f29a3f09948:   0000000000000014 00007f29a3f099b0
0x00007f29a3f09958:   00007f298d007d80 00007f298d007d80
0x00007f29a3f09968:   00000000d0c36910 00007f29a3f09970
0x00007f29a3f09978:   00007f298c924c43 00007f29a3f099f0
0x00007f29a3f09988:   00007f298c9255e8 00007f298cb22668
0x00007f29a3f09998:   00007f298c924cd8 00007f29a3f09968
0x00007f29a3f099a8:   00007f29a3f099d8 00007f29a3f09a40
0x00007f29a3f099b8:   00007f298d007d80 0000000000000000
0x00007f29a3f099c8:   0000000000000000 0000000000000000
0x00007f29a3f099d8:   0000000000000017 000000000000ec40
0x00007f29a3f099e8:   00000000f07a5b60 00000000f0a80428
0x00007f29a3f099f8:   00000000f07e22a0 00007f29a3f09a00
0x00007f29a3f09a08:   00007f298c80366f 00007f29a3f09a70
0x00007f29a3f09a18:   00007f298c8aeb98 00007f298cb224f0
0x00007f29a3f09a28:   00007f298c803688 00007f29a3f099d8
0x00007f29a3f09a38:   00007f29a3f09a50 00007f29a3f09ad8
0x00007f29a3f09a48:   00007f298d007ffd 00000000f0a80428
0x00007f29a3f09a58:   0000000000000017 000000000000ec40
0x00007f29a3f09a68:   00000000f07a5b60 00000000f07e22a0 

Instructions: (pc=0x00007f294e005060)
0x00007f294e005040:   
[error occurred during error reporting (printing registers, top of stack, instructions near pc), id 0xb]

Register to memory mapping:

RAX={method} {0x00007f298c904400} 'getMap' '(Ljava/lang/Thread;)Ljava/lang/ThreadLocal$ThreadLocalMap;' in 'java/lang/ThreadLocal'
RBX={method} {0x00007f298c904400} 'getMap' '(Ljava/lang/Thread;)Ljava/lang/ThreadLocal$ThreadLocalMap;' in 'java/lang/ThreadLocal'
RCX=0x00000000d0c36910 is an oop
java.lang.ThreadLocal 
 - klass: 'java/lang/ThreadLocal'
RDX=0x00000000d0ca8588 is an oop
java.lang.Thread 
 - klass: 'java/lang/Thread'
RSP=0x00007f29a3f09878 is pointing into the stack for thread: 0x00007f299c00a000
RBP=0x00007f29a3f098d8 is pointing into the stack for thread: 0x00007f299c00a000
RSI=0x00000000d0c36910 is an oop
java.lang.ThreadLocal 
 - klass: 'java/lang/ThreadLocal'
RDI=0x00007f29a3f09800 is pointing into the stack for thread: 0x00007f299c00a000
R8 =0x0000000000000160 is an unknown value
R9 =0x00000000f07e2238 is an oop
[C 
 - klass: {type array char}
 - length: 20
R10=0x00007f29a3301800: <offset 0xfc7800> in /usr/lib/jvm/java-8-oracle/jre/lib/amd64/server/libjvm.so at 0x00007f29a233a000
R11=0x00007f298d19aea0 is at entry_point+32 in (nmethod*)0x00007f298d19ad10
R12=0x0000000000000000 is an unknown value
R13=0x00007f29a3f09888 is pointing into the stack for thread: 0x00007f299c00a000
R14=0x00007f298cb11d70 is pointing into metadata
R15=0x00007f299c00a000 is a thread


Stack: [0x00007f29a3e0b000,0x00007f29a3f0c000],  sp=0x00007f29a3f09878,  free space=1018k
Native frames: (J=compiled Java code, j=interpreted, Vv=VM code, C=native code)
C  0x00007f294e005060
J 370 C1 java.lang.StringCoding.deref(Ljava/lang/ThreadLocal;)Ljava/lang/Object; (19 bytes) @ 0x00007f298d20d0fc [0x00007f298d20d020+0xdc]
C  0x0000000000000000


---------------  P R O C E S S  ---------------

Java Threads: ( => current thread )
  0x00007f299c0cc000 JavaThread "Service Thread" daemon [_thread_blocked, id=9619, stack(0x00007f29860d1000,0x00007f29861d2000)]
  0x00007f299c0b7800 JavaThread "C1 CompilerThread1" daemon [_thread_in_native, id=9618, stack(0x00007f29861d2000,0x00007f29862d3000)]
  0x00007f299c0b4800 JavaThread "C2 CompilerThread0" daemon [_thread_in_native, id=9617, stack(0x00007f29862d3000,0x00007f29863d4000)]
  0x00007f299c0b3000 JavaThread "Signal Dispatcher" daemon [_thread_blocked, id=9616, stack(0x00007f29863d4000,0x00007f29864d5000)]
  0x00007f299c07f800 JavaThread "Finalizer" daemon [_thread_blocked, id=9615, stack(0x00007f298665e000,0x00007f298675f000)]
  0x00007f299c07b000 JavaThread "Reference Handler" daemon [_thread_blocked, id=9614, stack(0x00007f298675f000,0x00007f2986860000)]
=>0x00007f299c00a000 JavaThread "main" [_thread_in_Java, id=9610, stack(0x00007f29a3e0b000,0x00007f29a3f0c000)]

Other Threads:
  0x00007f299c073800 VMThread [stack: 0x00007f298c0f9000,0x00007f298c1fa000] [id=9613]
  0x00007f299c0cf000 WatcherThread [stack: 0x00007f2985fd0000,0x00007f29860d1000] [id=9620]

VM state:not at safepoint (normal execution)

VM Mutex/Monitor currently owned by a thread: None

Heap:
 PSYoungGen      total 6656K, used 4563K [0x00000000f0400000, 0x00000000f0b00000, 0x0000000100000000)
  eden space 6144K, 66% used [0x00000000f0400000,0x00000000f07fcd70,0x00000000f0a00000)
  from space 512K, 93% used [0x00000000f0a80000,0x00000000f0af8030,0x00000000f0b00000)
  to   space 512K, 0% used [0x00000000f0a00000,0x00000000f0a00000,0x00000000f0a80000)
 ParOldGen       total 5632K, used 879K [0x00000000d0c00000, 0x00000000d1180000, 0x00000000f0400000)
  object space 5632K, 15% used [0x00000000d0c00000,0x00000000d0cdbc40,0x00000000d1180000)
 Metaspace       used 7347K, capacity 8308K, committed 8448K, reserved 1056768K
  class space    used 886K, capacity 944K, committed 1024K, reserved 1048576K

Card table byte_map: [0x00007f29a0a6a000,0x00007f29a0be5000] byte_map_base: 0x00007f29a03e4000

Marking Bits: (ParMarkBitMap*) 0x00007f29a32fec80
 Begin Bits: [0x00007f2986860000, 0x00007f2987430000)
 End Bits:   [0x00007f2987430000, 0x00007f2988000000)

Polling page: 0x00007f29a3f2b000

CodeCache: size=245760Kb used=2139Kb max_used=2139Kb free=243620Kb
 bounds [0x00007f298d000000, 0x00007f298d270000, 0x00007f299c000000]
 total_blobs=648 nmethods=366 adapters=198
 compilation: enabled

Compilation events (10 events):
Event: 0,431 Thread 0x00007f299c0b7800 nmethod 329 0x00007f298d20f590 code [0x00007f298d20f6e0, 0x00007f298d20f830]
Event: 0,431 Thread 0x00007f299c0b7800  361       3       java.util.HashMap::newNode (13 bytes)
Event: 0,431 Thread 0x00007f299c0b7800 nmethod 361 0x00007f298d20f8d0 code [0x00007f298d20fa40, 0x00007f298d20fcf0]
Event: 0,431 Thread 0x00007f299c0b7800  362       3       java.util.HashMap::afterNodeInsertion (1 bytes)
Event: 0,431 Thread 0x00007f299c0b7800 nmethod 362 0x00007f298d20fe10 code [0x00007f298d20ff60, 0x00007f298d2100b0]
Event: 0,431 Thread 0x00007f299c0b7800  341       3       com.sun.tools.javac.parser.JavaTokenizer::scanLitChar (496 bytes)
Event: 0,444 Thread 0x00007f299c0b7800 nmethod 341 0x00007f298d210310 code [0x00007f298d210680, 0x00007f298d211a68]
Event: 0,444 Thread 0x00007f299c0b7800  381       1       java.lang.ThreadLocal::getMap (5 bytes)
Event: 0,444 Thread 0x00007f299c0b7800 nmethod 381 0x00007f298d212650 code [0x00007f298d2127a0, 0x00007f298d2128b0]
Event: 0,444 Thread 0x00007f299c0b7800  383       3       com.sun.tools.javac.file.ZipFileIndex::get4ByteLittleEndian (47 bytes)

GC Heap History (8 events):
Event: 0,107 GC heap before
{Heap before GC invocations=1 (full 0):
 PSYoungGen      total 2048K, used 1520K [0x00000000f0400000, 0x00000000f0680000, 0x0000000100000000)
  eden space 1536K, 98% used [0x00000000f0400000,0x00000000f057c260,0x00000000f0580000)
  from space 512K, 0% used [0x00000000f0600000,0x00000000f0600000,0x00000000f0680000)
  to   space 512K, 0% used [0x00000000f0580000,0x00000000f0580000,0x00000000f0600000)
 ParOldGen       total 5632K, used 0K [0x00000000d0c00000, 0x00000000d1180000, 0x00000000f0400000)
  object space 5632K, 0% used [0x00000000d0c00000,0x00000000d0c00000,0x00000000d1180000)
 Metaspace       used 3419K, capacity 4812K, committed 5120K, reserved 1056768K
  class space    used 396K, capacity 456K, committed 512K, reserved 1048576K
Event: 0,109 GC heap after
Heap after GC invocations=1 (full 0):
 PSYoungGen      total 2048K, used 495K [0x00000000f0400000, 0x00000000f0800000, 0x0000000100000000)
  eden space 1536K, 0% used [0x00000000f0400000,0x00000000f0400000,0x00000000f0580000)
  from space 512K, 96% used [0x00000000f0580000,0x00000000f05fbc20,0x00000000f0600000)
  to   space 512K, 0% used [0x00000000f0780000,0x00000000f0780000,0x00000000f0800000)
 ParOldGen       total 5632K, used 8K [0x00000000d0c00000, 0x00000000d1180000, 0x00000000f0400000)
  object space 5632K, 0% used [0x00000000d0c00000,0x00000000d0c02000,0x00000000d1180000)
 Metaspace       used 3419K, capacity 4812K, committed 5120K, reserved 1056768K
  class space    used 396K, capacity 456K, committed 512K, reserved 1048576K
}
Event: 0,140 GC heap before
{Heap before GC invocations=2 (full 0):
 PSYoungGen      total 2048K, used 1943K [0x00000000f0400000, 0x00000000f0800000, 0x0000000100000000)
  eden space 1536K, 94% used [0x00000000f0400000,0x00000000f056a1b0,0x00000000f0580000)
  from space 512K, 96% used [0x00000000f0580000,0x00000000f05fbc20,0x00000000f0600000)
  to   space 512K, 0% used [0x00000000f0780000,0x00000000f0780000,0x00000000f0800000)
 ParOldGen       total 5632K, used 8K [0x00000000d0c00000, 0x00000000d1180000, 0x00000000f0400000)
  object space 5632K, 0% used [0x00000000d0c00000,0x00000000d0c02000,0x00000000d1180000)
 Metaspace       used 4083K, capacity 5388K, committed 5760K, reserved 1056768K
  class space    used 489K, capacity 520K, committed 640K, reserved 1048576K
Event: 0,144 GC heap after
Heap after GC invocations=2 (full 0):
 PSYoungGen      total 3584K, used 480K [0x00000000f0400000, 0x00000000f0800000, 0x0000000100000000)
  eden space 3072K, 0% used [0x00000000f0400000,0x00000000f0400000,0x00000000f0700000)
  from space 512K, 93% used [0x00000000f0780000,0x00000000f07f8020,0x00000000f0800000)
  to   space 512K, 0% used [0x00000000f0700000,0x00000000f0700000,0x00000000f0780000)
 ParOldGen       total 5632K, used 32K [0x00000000d0c00000, 0x00000000d1180000, 0x00000000f0400000)
  object space 5632K, 0% used [0x00000000d0c00000,0x00000000d0c08000,0x00000000d1180000)
 Metaspace       used 4083K, capacity 5388K, committed 5760K, reserved 1056768K
  class space    used 489K, capacity 520K, committed 640K, reserved 1048576K
}
Event: 0,200 GC heap before
{Heap before GC invocations=3 (full 0):
 PSYoungGen      total 3584K, used 3552K [0x00000000f0400000, 0x00000000f0800000, 0x0000000100000000)
  eden space 3072K, 100% used [0x00000000f0400000,0x00000000f0700000,0x00000000f0700000)
  from space 512K, 93% used [0x00000000f0780000,0x00000000f07f8020,0x00000000f0800000)
  to   space 512K, 0% used [0x00000000f0700000,0x00000000f0700000,0x00000000f0780000)
 ParOldGen       total 5632K, used 32K [0x00000000d0c00000, 0x00000000d1180000, 0x00000000f0400000)
  object space 5632K, 0% used [0x00000000d0c00000,0x00000000d0c08000,0x00000000d1180000)
 Metaspace       used 5123K, capacity 6348K, committed 6656K, reserved 1056768K
  class space    used 623K, capacity 648K, committed 768K, reserved 1048576K
Event: 0,202 GC heap after
Heap after GC invocations=3 (full 0):
 PSYoungGen      total 3584K, used 496K [0x00000000f0400000, 0x00000000f0b00000, 0x0000000100000000)
  eden space 3072K, 0% used [0x00000000f0400000,0x00000000f0400000,0x00000000f0700000)
  from space 512K, 96% used [0x00000000f0700000,0x00000000f077c040,0x00000000f0780000)
  to   space 512K, 0% used [0x00000000f0a80000,0x00000000f0a80000,0x00000000f0b00000)
 ParOldGen       total 5632K, used 496K [0x00000000d0c00000, 0x00000000d1180000, 0x00000000f0400000)
  object space 5632K, 8% used [0x00000000d0c00000,0x00000000d0c7c030,0x00000000d1180000)
 Metaspace       used 5123K, capacity 6348K, committed 6656K, reserved 1056768K
  class space    used 623K, capacity 648K, committed 768K, reserved 1048576K
}
Event: 0,270 GC heap before
{Heap before GC invocations=4 (full 0):
 PSYoungGen      total 3584K, used 3568K [0x00000000f0400000, 0x00000000f0b00000, 0x0000000100000000)
  eden space 3072K, 100% used [0x00000000f0400000,0x00000000f0700000,0x00000000f0700000)
  from space 512K, 96% used [0x00000000f0700000,0x00000000f077c040,0x00000000f0780000)
  to   space 512K, 0% used [0x00000000f0a80000,0x00000000f0a80000,0x00000000f0b00000)
 ParOldGen       total 5632K, used 496K [0x00000000d0c00000, 0x00000000d1180000, 0x00000000f0400000)
  object space 5632K, 8% used [0x00000000d0c00000,0x00000000d0c7c030,0x00000000d1180000)
 Metaspace       used 6224K, capacity 7404K, committed 7552K, reserved 1056768K
  class space    used 780K, capacity 808K, committed 896K, reserved 1048576K
Event: 0,273 GC heap after
Heap after GC invocations=4 (full 0):
 PSYoungGen      total 6656K, used 480K [0x00000000f0400000, 0x00000000f0b00000, 0x0000000100000000)
  eden space 6144K, 0% used [0x00000000f0400000,0x00000000f0400000,0x00000000f0a00000)
  from space 512K, 93% used [0x00000000f0a80000,0x00000000f0af8030,0x00000000f0b00000)
  to   space 512K, 0% used [0x00000000f0a00000,0x00000000f0a00000,0x00000000f0a80000)
 ParOldGen       total 5632K, used 879K [0x00000000d0c00000, 0x00000000d1180000, 0x00000000f0400000)
  object space 5632K, 15% used [0x00000000d0c00000,0x00000000d0cdbc40,0x00000000d1180000)
 Metaspace       used 6224K, capacity 7404K, committed 7552K, reserved 1056768K
  class space    used 780K, capacity 808K, committed 896K, reserved 1048576K
}

Deoptimization events (5 events):
Event: 0,301 Thread 0x00007f299c00a000 Uncommon trap: reason=unstable_if action=reinterpret pc=0x00007f298d16712c method=java.lang.String.replace(CC)Ljava/lang/String; @ 2
Event: 0,304 Thread 0x00007f299c00a000 Uncommon trap: reason=class_check action=maybe_recompile pc=0x00007f298d1a7260 method=sun.misc.URLClassPath.getLoader(I)Lsun/misc/URLClassPath$Loader; @ 94
Event: 0,304 Thread 0x00007f299c00a000 Uncommon trap: reason=unstable_if action=reinterpret pc=0x00007f298d188e40 method=java.lang.String.indexOf([CII[CIII)I @ 134
Event: 0,334 Thread 0x00007f299c00a000 Uncommon trap: reason=unstable_if action=reinterpret pc=0x00007f298d1a9e54 method=java.lang.String.<init>([CII)V @ 18
Event: 0,396 Thread 0x00007f299c00a000 Uncommon trap: reason=unstable_if action=reinterpret pc=0x00007f298d1aeaf0 method=com.sun.tools.javac.parser.UnicodeReader.scanCommentChar()V @ 10

Internal exceptions (10 events):
Event: 0,019 Thread 0x00007f299c00a000 Exception <a 'java/lang/NoSuchMethodError': Method sun.misc.Unsafe.defineClass(Ljava/lang/String;[BII)Ljava/lang/Class; name or signature does not match> (0x00000000f0407cd8) thrown at [/HUDSON3/workspace/8-2-build-linux-amd64/jdk8u121/8372/hotspot/src/sh
Event: 0,019 Thread 0x00007f299c00a000 Exception <a 'java/lang/NoSuchMethodError': Method sun.misc.Unsafe.prefetchRead(Ljava/lang/Object;J)V name or signature does not match> (0x00000000f0407fc0) thrown at [/HUDSON3/workspace/8-2-build-linux-amd64/jdk8u121/8372/hotspot/src/share/vm/prims/jni.c
Event: 0,105 Thread 0x00007f299c00a000 Exception <a 'java/security/PrivilegedActionException'> (0x00000000f0564aa0) thrown at [/HUDSON3/workspace/8-2-build-linux-amd64/jdk8u121/8372/hotspot/src/share/vm/prims/jvm.cpp, line 1390]
Event: 0,105 Thread 0x00007f299c00a000 Exception <a 'java/security/PrivilegedActionException'> (0x00000000f0564e98) thrown at [/HUDSON3/workspace/8-2-build-linux-amd64/jdk8u121/8372/hotspot/src/share/vm/prims/jvm.cpp, line 1390]
Event: 0,105 Thread 0x00007f299c00a000 Exception <a 'java/security/PrivilegedActionException'> (0x00000000f05674e8) thrown at [/HUDSON3/workspace/8-2-build-linux-amd64/jdk8u121/8372/hotspot/src/share/vm/prims/jvm.cpp, line 1390]
Event: 0,105 Thread 0x00007f299c00a000 Exception <a 'java/security/PrivilegedActionException'> (0x00000000f05678e0) thrown at [/HUDSON3/workspace/8-2-build-linux-amd64/jdk8u121/8372/hotspot/src/share/vm/prims/jvm.cpp, line 1390]
Event: 0,111 Thread 0x00007f299c00a000 Exception <a 'java/security/PrivilegedActionException'> (0x00000000f04129b0) thrown at [/HUDSON3/workspace/8-2-build-linux-amd64/jdk8u121/8372/hotspot/src/share/vm/prims/jvm.cpp, line 1390]
Event: 0,111 Thread 0x00007f299c00a000 Exception <a 'java/security/PrivilegedActionException'> (0x00000000f0412da8) thrown at [/HUDSON3/workspace/8-2-build-linux-amd64/jdk8u121/8372/hotspot/src/share/vm/prims/jvm.cpp, line 1390]
Event: 0,304 Thread 0x00007f299c00a000 Exception <a 'java/security/PrivilegedActionException'> (0x00000000f05082b0) thrown at [/HUDSON3/workspace/8-2-build-linux-amd64/jdk8u121/8372/hotspot/src/share/vm/prims/jvm.cpp, line 1390]
Event: 0,304 Thread 0x00007f299c00a000 Exception <a 'java/security/PrivilegedActionException'> (0x00000000f05084c0) thrown at [/HUDSON3/workspace/8-2-build-linux-amd64/jdk8u121/8372/hotspot/src/share/vm/prims/jvm.cpp, line 1390]

Events (10 events):
Event: 0,432 loading class java/io/DataOutput done
Event: 0,432 loading class java/io/DataInput
Event: 0,432 loading class java/io/DataInput done
Event: 0,432 loading class java/io/RandomAccessFile done
Event: 0,432 loading class com/sun/tools/javac/file/ZipFileIndex$ZipDirectory
Event: 0,432 loading class com/sun/tools/javac/file/ZipFileIndex$ZipDirectory done
Event: 0,433 loading class com/sun/tools/javac/file/ZipFileIndex$DirectoryEntry
Event: 0,433 loading class com/sun/tools/javac/file/ZipFileIndex$DirectoryEntry done
Event: 0,433 loading class com/sun/tools/javac/file/ZipFileIndex$Entry
Event: 0,433 loading class com/sun/tools/javac/file/ZipFileIndex$Entry done


Dynamic libraries:
00400000-00401000 r-xp 00000000 08:01 4995247                            /usr/lib/jvm/java-8-oracle/bin/javac
00600000-00601000 rw-p 00000000 08:01 4995247                            /usr/lib/jvm/java-8-oracle/bin/javac
0120f000-01230000 rw-p 00000000 00:00 0                                  [heap]
d0c00000-d1180000 rw-p 00000000 00:00 0 
d1180000-f0400000 ---p 00000000 00:00 0 
f0400000-f0b00000 rw-p 00000000 00:00 0 
f0b00000-100000000 ---p 00000000 00:00 0 
100000000-100100000 rw-p 00000000 00:00 0 
100100000-140000000 ---p 00000000 00:00 0 
7f295c000000-7f295c021000 rw-p 00000000 00:00 0 
7f295c021000-7f2960000000 ---p 00000000 00:00 0 
7f2964000000-7f296475b000 rw-p 00000000 00:00 0 
7f296475b000-7f2968000000 ---p 00000000 00:00 0 
7f2968000000-7f2968021000 rw-p 00000000 00:00 0 
7f2968021000-7f296c000000 ---p 00000000 00:00 0 
7f296c000000-7f296c021000 rw-p 00000000 00:00 0 
7f296c021000-7f2970000000 ---p 00000000 00:00 0 
7f2970000000-7f29703e8000 rw-p 00000000 00:00 0 
7f29703e8000-7f2974000000 ---p 00000000 00:00 0 
7f2974000000-7f2974021000 rw-p 00000000 00:00 0 
7f2974021000-7f2978000000 ---p 00000000 00:00 0 
7f2978000000-7f2978021000 rw-p 00000000 00:00 0 
7f2978021000-7f297c000000 ---p 00000000 00:00 0 
7f297c000000-7f297c021000 rw-p 00000000 00:00 0 
7f297c021000-7f2980000000 ---p 00000000 00:00 0 
7f2980000000-7f2980021000 rw-p 00000000 00:00 0 
7f2980021000-7f2984000000 ---p 00000000 00:00 0 
7f2985fd0000-7f2985fd1000 ---p 00000000 00:00 0 
7f2985fd1000-7f29860d1000 rw-p 00000000 00:00 0                          [stack:9620]
7f29860d1000-7f29860d4000 ---p 00000000 00:00 0 
7f29860d4000-7f29861d2000 rw-p 00000000 00:00 0                          [stack:9619]
7f29861d2000-7f29861d5000 ---p 00000000 00:00 0 
7f29861d5000-7f29862d3000 rw-p 00000000 00:00 0                          [stack:9618]
7f29862d3000-7f29862d6000 ---p 00000000 00:00 0 
7f29862d6000-7f29863d4000 rw-p 00000000 00:00 0                          [stack:9617]
7f29863d4000-7f29863d7000 ---p 00000000 00:00 0 
7f29863d7000-7f29864d5000 rw-p 00000000 00:00 0                          [stack:9616]
7f29864d5000-7f298665e000 r--p 00000000 08:01 4460371                    /usr/lib/locale/locale-archive
7f298665e000-7f2986661000 ---p 00000000 00:00 0 
7f2986661000-7f298675f000 rw-p 00000000 00:00 0                          [stack:9615]
7f298675f000-7f2986762000 ---p 00000000 00:00 0 
7f2986762000-7f2988000000 rw-p 00000000 00:00 0                          [stack:9614]
7f2988000000-7f2988021000 rw-p 00000000 00:00 0 
7f2988021000-7f298c000000 ---p 00000000 00:00 0 
7f298c07f000-7f298c0f9000 r--s 010f6000 08:01 4596462                    /usr/lib/jvm/java-8-oracle/lib/tools.jar
7f298c0f9000-7f298c0fa000 ---p 00000000 00:00 0 
7f298c0fa000-7f298cf40000 rw-p 00000000 00:00 0                          [stack:9613]
7f298cf40000-7f298d000000 ---p 00000000 00:00 0 
7f298d000000-7f298d270000 rwxp 00000000 00:00 0 
7f298d270000-7f299c000000 ---p 00000000 00:00 0 
7f299c000000-7f299c3cd000 rw-p 00000000 00:00 0 
7f299c3cd000-7f29a0000000 ---p 00000000 00:00 0 
7f29a003d000-7f29a03a3000 rw-p 00000000 00:00 0 
7f29a03a3000-7f29a057c000 r--s 03d3e000 08:01 5251199                    /usr/lib/jvm/java-8-oracle/jre/lib/rt.jar
7f29a057c000-7f29a076c000 rw-p 00000000 00:00 0 
7f29a076c000-7f29a076d000 ---p 00000000 00:00 0 
7f29a076d000-7f29a086d000 rw-p 00000000 00:00 0                          [stack:9612]
7f29a086d000-7f29a086e000 ---p 00000000 00:00 0 
7f29a086e000-7f29a0971000 rw-p 00000000 00:00 0                          [stack:9611]
7f29a0971000-7f29a0a6a000 ---p 00000000 00:00 0 
7f29a0a6a000-7f29a0a6d000 rw-p 00000000 00:00 0 
7f29a0a6d000-7f29a0b66000 ---p 00000000 00:00 0 
7f29a0b66000-7f29a0b6a000 rw-p 00000000 00:00 0 
7f29a0b6a000-7f29a0be4000 ---p 00000000 00:00 0 
7f29a0be4000-7f29a0bef000 rw-p 00000000 00:00 0 
7f29a0bef000-7f29a0fa5000 ---p 00000000 00:00 0 
7f29a0fa5000-7f29a0fbf000 r-xp 00000000 08:01 5251230                    /usr/lib/jvm/java-8-oracle/jre/lib/amd64/libzip.so
7f29a0fbf000-7f29a11bf000 ---p 0001a000 08:01 5251230                    /usr/lib/jvm/java-8-oracle/jre/lib/amd64/libzip.so
7f29a11bf000-7f29a11c0000 rw-p 0001a000 08:01 5251230                    /usr/lib/jvm/java-8-oracle/jre/lib/amd64/libzip.so
7f29a11c0000-7f29a11cb000 r-xp 00000000 08:01 4328379                    /lib/x86_64-linux-gnu/libnss_files-2.19.so
7f29a11cb000-7f29a13ca000 ---p 0000b000 08:01 4328379                    /lib/x86_64-linux-gnu/libnss_files-2.19.so
7f29a13ca000-7f29a13cb000 r--p 0000a000 08:01 4328379                    /lib/x86_64-linux-gnu/libnss_files-2.19.so
7f29a13cb000-7f29a13cc000 rw-p 0000b000 08:01 4328379                    /lib/x86_64-linux-gnu/libnss_files-2.19.so
7f29a13cc000-7f29a13d6000 r-xp 00000000 08:01 4328381                    /lib/x86_64-linux-gnu/libnss_nis-2.19.so
7f29a13d6000-7f29a15d5000 ---p 0000a000 08:01 4328381                    /lib/x86_64-linux-gnu/libnss_nis-2.19.so
7f29a15d5000-7f29a15d6000 r--p 00009000 08:01 4328381                    /lib/x86_64-linux-gnu/libnss_nis-2.19.so
7f29a15d6000-7f29a15d7000 rw-p 0000a000 08:01 4328381                    /lib/x86_64-linux-gnu/libnss_nis-2.19.so
7f29a15d7000-7f29a15ec000 r-xp 00000000 08:01 4328376                    /lib/x86_64-linux-gnu/libnsl-2.19.so
7f29a15ec000-7f29a17eb000 ---p 00015000 08:01 4328376                    /lib/x86_64-linux-gnu/libnsl-2.19.so
7f29a17eb000-7f29a17ec000 r--p 00014000 08:01 4328376                    /lib/x86_64-linux-gnu/libnsl-2.19.so
7f29a17ec000-7f29a17ed000 rw-p 00015000 08:01 4328376                    /lib/x86_64-linux-gnu/libnsl-2.19.so
7f29a17ed000-7f29a17ef000 rw-p 00000000 00:00 0 
7f29a17ef000-7f29a17f6000 r-xp 00000000 08:01 4328377                    /lib/x86_64-linux-gnu/libnss_compat-2.19.so
7f29a17f6000-7f29a19f5000 ---p 00007000 08:01 4328377                    /lib/x86_64-linux-gnu/libnss_compat-2.19.so
7f29a19f5000-7f29a19f6000 r--p 00006000 08:01 4328377                    /lib/x86_64-linux-gnu/libnss_compat-2.19.so
7f29a19f6000-7f29a19f7000 rw-p 00007000 08:01 4328377                    /lib/x86_64-linux-gnu/libnss_compat-2.19.so
7f29a19f7000-7f29a1a22000 r-xp 00000000 08:01 5251255                    /usr/lib/jvm/java-8-oracle/jre/lib/amd64/libjava.so
7f29a1a22000-7f29a1c21000 ---p 0002b000 08:01 5251255                    /usr/lib/jvm/java-8-oracle/jre/lib/amd64/libjava.so
7f29a1c21000-7f29a1c23000 rw-p 0002a000 08:01 5251255                    /usr/lib/jvm/java-8-oracle/jre/lib/amd64/libjava.so
7f29a1c23000-7f29a1c30000 r-xp 00000000 08:01 5251208                    /usr/lib/jvm/java-8-oracle/jre/lib/amd64/libverify.so
7f29a1c30000-7f29a1e2f000 ---p 0000d000 08:01 5251208                    /usr/lib/jvm/java-8-oracle/jre/lib/amd64/libverify.so
7f29a1e2f000-7f29a1e31000 rw-p 0000c000 08:01 5251208                    /usr/lib/jvm/java-8-oracle/jre/lib/amd64/libverify.so
7f29a1e31000-7f29a1e38000 r-xp 00000000 08:01 4328385                    /lib/x86_64-linux-gnu/librt-2.19.so
7f29a1e38000-7f29a2037000 ---p 00007000 08:01 4328385                    /lib/x86_64-linux-gnu/librt-2.19.so
7f29a2037000-7f29a2038000 r--p 00006000 08:01 4328385                    /lib/x86_64-linux-gnu/librt-2.19.so
7f29a2038000-7f29a2039000 rw-p 00007000 08:01 4328385                    /lib/x86_64-linux-gnu/librt-2.19.so
7f29a2039000-7f29a2139000 r-xp 00000000 08:01 4328374                    /lib/x86_64-linux-gnu/libm-2.19.so
7f29a2139000-7f29a2338000 ---p 00100000 08:01 4328374                    /lib/x86_64-linux-gnu/libm-2.19.so
7f29a2338000-7f29a2339000 r--p 000ff000 08:01 4328374                    /lib/x86_64-linux-gnu/libm-2.19.so
7f29a2339000-7f29a233a000 rw-p 00100000 08:01 4328374                    /lib/x86_64-linux-gnu/libm-2.19.so
7f29a233a000-7f29a3008000 r-xp 00000000 08:01 5516074                    /usr/lib/jvm/java-8-oracle/jre/lib/amd64/server/libjvm.so
7f29a3008000-7f29a3208000 ---p 00cce000 08:01 5516074                    /usr/lib/jvm/java-8-oracle/jre/lib/amd64/server/libjvm.so
7f29a3208000-7f29a32e1000 rw-p 00cce000 08:01 5516074                    /usr/lib/jvm/java-8-oracle/jre/lib/amd64/server/libjvm.so
7f29a32e1000-7f29a332c000 rw-p 00000000 00:00 0 
7f29a332c000-7f29a34cd000 r-xp 00000000 08:01 4328370                    /lib/x86_64-linux-gnu/libc-2.19.so
7f29a34cd000-7f29a36cd000 ---p 001a1000 08:01 4328370                    /lib/x86_64-linux-gnu/libc-2.19.so
7f29a36cd000-7f29a36d1000 r--p 001a1000 08:01 4328370                    /lib/x86_64-linux-gnu/libc-2.19.so
7f29a36d1000-7f29a36d3000 rw-p 001a5000 08:01 4328370                    /lib/x86_64-linux-gnu/libc-2.19.so
7f29a36d3000-7f29a36d7000 rw-p 00000000 00:00 0 
7f29a36d7000-7f29a36da000 r-xp 00000000 08:01 4328373                    /lib/x86_64-linux-gnu/libdl-2.19.so
7f29a36da000-7f29a38d9000 ---p 00003000 08:01 4328373                    /lib/x86_64-linux-gnu/libdl-2.19.so
7f29a38d9000-7f29a38da000 r--p 00002000 08:01 4328373                    /lib/x86_64-linux-gnu/libdl-2.19.so
7f29a38da000-7f29a38db000 rw-p 00003000 08:01 4328373                    /lib/x86_64-linux-gnu/libdl-2.19.so
7f29a38db000-7f29a38f0000 r-xp 00000000 08:01 4725419                    /usr/lib/jvm/java-8-oracle/lib/amd64/jli/libjli.so
7f29a38f0000-7f29a3af0000 ---p 00015000 08:01 4725419                    /usr/lib/jvm/java-8-oracle/lib/amd64/jli/libjli.so
7f29a3af0000-7f29a3af1000 rw-p 00015000 08:01 4725419                    /usr/lib/jvm/java-8-oracle/lib/amd64/jli/libjli.so
7f29a3af1000-7f29a3b09000 r-xp 00000000 08:01 4328366                    /lib/x86_64-linux-gnu/libpthread-2.19.so
7f29a3b09000-7f29a3d08000 ---p 00018000 08:01 4328366                    /lib/x86_64-linux-gnu/libpthread-2.19.so
7f29a3d08000-7f29a3d09000 r--p 00017000 08:01 4328366                    /lib/x86_64-linux-gnu/libpthread-2.19.so
7f29a3d09000-7f29a3d0a000 rw-p 00018000 08:01 4328366                    /lib/x86_64-linux-gnu/libpthread-2.19.so
7f29a3d0a000-7f29a3d0e000 rw-p 00000000 00:00 0 
7f29a3d0e000-7f29a3d2e000 r-xp 00000000 08:01 4328367                    /lib/x86_64-linux-gnu/ld-2.19.so
7f29a3d37000-7f29a3d39000 r--s 0000c000 08:01 6947485                    /usr/class/cs143/cool/lib/jlex.jar
7f29a3d39000-7f29a3e0b000 rw-p 00000000 00:00 0 
7f29a3e0b000-7f29a3e0e000 ---p 00000000 00:00 0 
7f29a3e0e000-7f29a3f10000 rw-p 00000000 00:00 0                          [stack:9610]
7f29a3f11000-7f29a3f13000 r--s 00010000 08:01 6947486                    /usr/class/cs143/cool/lib/java-cup-11a.jar
7f29a3f13000-7f29a3f22000 rw-p 00000000 00:00 0 
7f29a3f22000-7f29a3f2a000 rw-s 00000000 08:01 5118154                    /tmp/hsperfdata_antonio/9609
7f29a3f2a000-7f29a3f2b000 rw-p 00000000 00:00 0 
7f29a3f2b000-7f29a3f2c000 r--p 00000000 00:00 0 
7f29a3f2c000-7f29a3f2e000 rw-p 00000000 00:00 0 
7f29a3f2e000-7f29a3f2f000 r--p 00020000 08:01 4328367                    /lib/x86_64-linux-gnu/ld-2.19.so
7f29a3f2f000-7f29a3f30000 rw-p 00021000 08:01 4328367                    /lib/x86_64-linux-gnu/ld-2.19.so
7f29a3f30000-7f29a3f31000 rw-p 00000000 00:00 0 
7fff0c09c000-7fff0c0bd000 rw-p 00000000 00:00 0                          [stack]
7fff0c189000-7fff0c18b000 r-xp 00000000 00:00 0                          [vdso]
7fff0c18b000-7fff0c18d000 r--p 00000000 00:00 0                          [vvar]
ffffffffff600000-ffffffffff601000 r-xp 00000000 00:00 0                  [vsyscall]

VM Arguments:
jvm_args: -Dapplication.home=/usr/lib/jvm/java-8-oracle -Xms8m 
java_command: com.sun.tools.javac.Main -classpath /usr/class/cs143/cool/lib/java-cup-11a.jar:/usr/class/cs143/cool/lib/jlex.jar:.:/usr/java/lib/rt.jar AbstractSymbol.java AbstractTable.java BoolConst.java CgenSupport.java Flags.java IdSymbol.java IdTable.java IntSymbol.java IntTable.java Lexer.java StringSymbol.java StringTable.java TokenConstants.java Utilities.java CoolLexer.java
java_class_path (initial): /usr/lib/jvm/java-8-oracle/lib/tools.jar:/usr/lib/jvm/java-8-oracle/classes
Launcher Type: SUN_STANDARD

Environment Variables:
JAVA_HOME=/usr/lib/jvm/java-8-oracle
PATH=/usr/class/cs143/cool/bin:/usr/local/bin:/usr/bin:/bin:/usr/local/games:/usr/games:/usr/lib/jvm/java-8-oracle/bin:/usr/lib/jvm/java-8-oracle/db/bin:/usr/lib/jvm/java-8-oracle/jre/bin
USERNAME=antonio
SHELL=/bin/bash
DISPLAY=:0.0

Signal Handlers:
SIGSEGV: [libjvm.so+0xac78c0], sa_mask[0]=11111111011111111101111111111110, sa_flags=SA_RESTART|SA_SIGINFO
SIGBUS: [libjvm.so+0xac78c0], sa_mask[0]=11111111011111111101111111111110, sa_flags=SA_RESTART|SA_SIGINFO
SIGFPE: [libjvm.so+0x920ac0], sa_mask[0]=11111111011111111101111111111110, sa_flags=SA_RESTART|SA_SIGINFO
SIGPIPE: [libjvm.so+0x920ac0], sa_mask[0]=11111111011111111101111111111110, sa_flags=SA_RESTART|SA_SIGINFO
SIGXFSZ: [libjvm.so+0x920ac0], sa_mask[0]=11111111011111111101111111111110, sa_flags=SA_RESTART|SA_SIGINFO
SIGILL: [libjvm.so+0x920ac0], sa_mask[0]=11111111011111111101111111111110, sa_flags=SA_RESTART|SA_SIGINFO
SIGUSR1: SIG_DFL, sa_mask[0]=00000000000000000000000000000000, sa_flags=none
SIGUSR2: [libjvm.so+0x922300], sa_mask[0]=00000000000000000000000000000000, sa_flags=SA_RESTART|SA_SIGINFO
SIGHUP: [libjvm.so+0x923700], sa_mask[0]=11111111011111111101111111111110, sa_flags=SA_RESTART|SA_SIGINFO
SIGINT: [libjvm.so+0x923700], sa_mask[0]=11111111011111111101111111111110, sa_flags=SA_RESTART|SA_SIGINFO
SIGTERM: [libjvm.so+0x923700], sa_mask[0]=11111111011111111101111111111110, sa_flags=SA_RESTART|SA_SIGINFO
SIGQUIT: [libjvm.so+0x923700], sa_mask[0]=11111111011111111101111111111110, sa_flags=SA_RESTART|SA_SIGINFO


---------------  S Y S T E M  ---------------

OS:PRETTY_NAME="Debian GNU/Linux 8 (jessie)"
NAME="Debian GNU/Linux"
VERSION_ID="8"
VERSION="8 (jessie)"
ID=debian
HOME_URL="http://www.debian.org/"
SUPPORT_URL="http://www.debian.org/support"
BUG_REPORT_URL="https://bugs.debian.org/"

uname:Linux 3.16.0-4-amd64 #1 SMP Debian 3.16.39-1 (2016-12-30) x86_64
libc:glibc 2.19 NPTL 2.19 
rlimit: STACK 8192k, CORE 0k, NPROC 12009, NOFILE 65536, AS infinity
load average:0,51 0,50 0,44

/proc/meminfo:
MemTotal:        3091540 kB
MemFree:          994600 kB
MemAvailable:    2084216 kB
Buffers:          128812 kB
Cached:          1061024 kB
SwapCached:            0 kB
Active:          1431788 kB
Inactive:         444064 kB
Active(anon):     687052 kB
Inactive(anon):    29332 kB
Active(file):     744736 kB
Inactive(file):   414732 kB
Unevictable:         112 kB
Mlocked:             112 kB
SwapTotal:       6286332 kB
SwapFree:        6286332 kB
Dirty:               272 kB
Writeback:             0 kB
AnonPages:        686192 kB
Mapped:           358892 kB
Shmem:             30372 kB
Slab:             118624 kB
SReclaimable:      85540 kB
SUnreclaim:        33084 kB
KernelStack:        5424 kB
PageTables:        22176 kB
NFS_Unstable:          0 kB
Bounce:                0 kB
WritebackTmp:          0 kB
CommitLimit:     7832100 kB
Committed_AS:    3058116 kB
VmallocTotal:   34359738367 kB
VmallocUsed:       84628 kB
VmallocChunk:   34359651196 kB
HardwareCorrupted:     0 kB
AnonHugePages:         0 kB
HugePages_Total:       0
HugePages_Free:        0
HugePages_Rsvd:        0
HugePages_Surp:        0
Hugepagesize:       2048 kB
DirectMap4k:      164800 kB
DirectMap2M:     2979840 kB


CPU:total 2 (2 cores per cpu, 1 threads per core) family 6 model 23 stepping 6, cmov, cx8, fxsr, mmx, sse, sse2, sse3, ssse3, sse4.1, tsc

/proc/cpuinfo:
processor	: 0
vendor_id	: GenuineIntel
cpu family	: 6
model		: 23
model name	: Intel(R) Core(TM)2 Duo CPU     E8500  @ 3.16GHz
stepping	: 6
microcode	: 0x606
cpu MHz		: 3166.586
cache size	: 6144 KB
physical id	: 0
siblings	: 2
core id		: 0
cpu cores	: 2
apicid		: 0
initial apicid	: 0
fpu		: yes
fpu_exception	: yes
cpuid level	: 10
wp		: yes
flags		: fpu vme de pse tsc msr pae mce cx8 apic sep mtrr pge mca cmov pat pse36 clflush dts acpi mmx fxsr sse sse2 ss ht tm pbe syscall nx lm constant_tsc arch_perfmon pebs bts rep_good nopl aperfmperf pni dtes64 monitor ds_cpl vmx smx est tm2 ssse3 cx16 xtpr pdcm sse4_1 lahf_lm dtherm tpr_shadow vnmi flexpriority
bogomips	: 6333.17
clflush size	: 64
cache_alignment	: 64
address sizes	: 36 bits physical, 48 bits virtual
power management:

processor	: 1
vendor_id	: GenuineIntel
cpu family	: 6
model		: 23
model name	: Intel(R) Core(TM)2 Duo CPU     E8500  @ 3.16GHz
stepping	: 6
microcode	: 0x606
cpu MHz		: 3166.586
cache size	: 6144 KB
physical id	: 0
siblings	: 2
core id		: 1
cpu cores	: 2
apicid		: 1
initial apicid	: 1
fpu		: yes
fpu_exception	: yes
cpuid level	: 10
wp		: yes
flags		: fpu vme de pse tsc msr pae mce cx8 apic sep mtrr pge mca cmov pat pse36 clflush dts acpi mmx fxsr sse sse2 ss ht tm pbe syscall nx lm constant_tsc arch_perfmon pebs bts rep_good nopl aperfmperf pni dtes64 monitor ds_cpl vmx smx est tm2 ssse3 cx16 xtpr pdcm sse4_1 lahf_lm dtherm tpr_shadow vnmi flexpriority
bogomips	: 6333.17
clflush size	: 64
cache_alignment	: 64
address sizes	: 36 bits physical, 48 bits virtual
power management:



Memory: 4k page, physical 3091540k(994600k free), swap 6286332k(6286332k free)

vm_info: Java HotSpot(TM) 64-Bit Server VM (25.121-b13) for linux-amd64 JRE (1.8.0_121-b13), built on Dec 12 2016 16:36:53 by "java_re" with gcc 4.3.0 20080428 (Red Hat 4.3.0-8)

time: Tue Apr 11 16:41:19 2017
elapsed time: 0 seconds (0d 0h 0m 0s)

