#
# A fatal error has been detected by the Java Runtime Environment:
#
#  SIGSEGV (0xb) at pc=0x00007fde5d9d3060, pid=3248, tid=0x00007fdeb2adf700
#
# JRE version: Java(TM) SE Runtime Environment (8.0_121-b13) (build 1.8.0_121-b13)
# Java VM: Java HotSpot(TM) 64-Bit Server VM (25.121-b13 mixed mode linux-amd64 compressed oops)
# Problematic frame:
# C  0x00007fde5d9d3060
#
# Failed to write core dump. Core dumps have been disabled. To enable core dumping, try "ulimit -c unlimited" before starting Java again
#
# If you would like to submit a bug report, please visit:
#   http://bugreport.java.com/bugreport/crash.jsp
#

---------------  T H R E A D  ---------------

Current thread (0x00007fdeac00a000):  JavaThread "main" [_thread_in_Java, id=3249, stack(0x00007fdeb29df000,0x00007fdeb2ae0000)]

siginfo: si_signo: 11 (SIGSEGV), si_code: 1 (SEGV_MAPERR), si_addr: 0x00007fde5d9d3060

Registers:
RAX=0x00007fde9a3a4a08, RBX=0x00007fde9a3a4a08, RCX=0x00007fde9a3aab60, RDX=0x0000000000000332
RSP=0x00007fdeb2adaf88, RBP=0x00007fdeb2adaff8, RSI=0x00000000d0c5c0f0, RDI=0x00007fde9a47e808
R8 =0x00000000006862e6, R9 =0x0000000000000300, R10=0x00007fdeb1ed3800, R11=0x00007fde9cae0b00
R12=0x0000000000000000, R13=0x00007fdeb2adaf98, R14=0x00007fdeb2adb0d8, R15=0x00007fdeac00a000
RIP=0x00007fde5d9d3060, EFLAGS=0x0000000000010206, CSGSFS=0x0000000000000033, ERR=0x0000000000000014
  TRAPNO=0x000000000000000e

Top of Stack: (sp=0x00007fdeb2adaf88)
0x00007fdeb2adaf88:   00007fde9c9d5d80 00007fde9c9d5d80
0x00007fdeb2adaf98:   0000000000000332 00000000d0c5c0f0
0x00007fdeb2adafa8:   0000000000000009 0000000000000000
0x00007fdeb2adafb8:   00007fdeb2adafa8 00007fde9a3a82a8
0x00007fdeb2adafc8:   00007fdeb2adb0d8 00007fde9a3aab60
0x00007fdeb2adafd8:   00007fde9a4b3158 00007fde9a3a8558
0x00007fdeb2adafe8:   00007fdeb2adaf98 00007fdeb2adb0e0
0x00007fdeb2adaff8:   00007fdeb2adb6f0 00007fde9cb06b44
0x00007fdeb2adb008:   0000000000000000 0000000000000000
0x00007fdeb2adb018:   0000000000000000 0000000000000000
0x00007fdeb2adb028:   0000000000000000 00000000d0c618e0
0x00007fdeb2adb038:   00000000d0c5fdc8 0000000000000400
0x00007fdeb2adb048:   00000000f0af5c60 00000000f0af5c60
0x00007fdeb2adb058:   0000000000000000 0000000000000000
0x00007fdeb2adb068:   00000000f0af5c60 00000000f0af5c60
0x00007fdeb2adb078:   000000002bc08b33 00000000f0af5c60
0x00007fdeb2adb088:   0000000000000300 0000000000000332
0x00007fdeb2adb098:   0000000000000000 0000000000000000
0x00007fdeb2adb0a8:   00000000f056bdc0 0000000000000800
0x00007fdeb2adb0b8:   0000000000000040 0000000000000400
0x00007fdeb2adb0c8:   00000000f0569db0 00000000d0c5c0f0
0x00007fdeb2adb0d8:   00000000d0c5c0b0 00007fdeb2adb158
0x00007fdeb2adb0e8:   00007fde9c9d5d80 0000000000000400
0x00007fdeb2adb0f8:   0000000000000800 00000000d0c527d8
0x00007fdeb2adb108:   0000000000000009 0000000000000000
0x00007fdeb2adb118:   00007fdeb2adb108 00007fde9a3a82a8
0x00007fdeb2adb128:   00007fdeb2adb238 00007fde9a3aab60
0x00007fdeb2adb138:   00007fde9a4b30b0 00007fde9a3a8558
0x00007fdeb2adb148:   0000000000000000 00007fdeb2adb240
0x00007fdeb2adb158:   00007fdeb2adb6f0 000000009cb06b44
0x00007fdeb2adb168:   0000000000000000 0000000000000000
0x00007fdeb2adb178:   00000000d0c5c0b0 0000000000000300 

Instructions: (pc=0x00007fde5d9d3060)
0x00007fde5d9d3040:   
[error occurred during error reporting (printing registers, top of stack, instructions near pc), id 0xb]

Register to memory mapping:

RAX={method} {0x00007fde9a3a4a08} 'tabAt' '([Ljava/util/concurrent/ConcurrentHashMap$Node;I)Ljava/util/concurrent/ConcurrentHashMap$Node;' in 'java/util/concurrent/ConcurrentHashMap'
RBX={method} {0x00007fde9a3a4a08} 'tabAt' '([Ljava/util/concurrent/ConcurrentHashMap$Node;I)Ljava/util/concurrent/ConcurrentHashMap$Node;' in 'java/util/concurrent/ConcurrentHashMap'
RCX=0x00007fde9a3aab60 is pointing into metadata
RDX=0x0000000000000332 is an unknown value
RSP=0x00007fdeb2adaf88 is pointing into the stack for thread: 0x00007fdeac00a000
RBP=0x00007fdeb2adaff8 is pointing into the stack for thread: 0x00007fdeac00a000
RSI=0x00000000d0c5c0f0 is an oop
[Ljava.util.concurrent.ConcurrentHashMap$Node; 
 - klass: 'java/util/concurrent/ConcurrentHashMap$Node'[]
 - length: 1024
RDI=0x00007fde9a47e808 is pointing into metadata
R8 =0x00000000006862e6 is an unknown value
R9 =0x0000000000000300 is an unknown value
R10=0x00007fdeb1ed3800: <offset 0xfc7800> in /usr/lib/jvm/java-8-oracle/jre/lib/amd64/server/libjvm.so at 0x00007fdeb0f0c000
R11=0x00007fde9cae0b00 is at entry_point+0 in (nmethod*)0x00007fde9cae0990
R12=0x0000000000000000 is an unknown value
R13=0x00007fdeb2adaf98 is pointing into the stack for thread: 0x00007fdeac00a000
R14=0x00007fdeb2adb0d8 is pointing into the stack for thread: 0x00007fdeac00a000
R15=0x00007fdeac00a000 is a thread


Stack: [0x00007fdeb29df000,0x00007fdeb2ae0000],  sp=0x00007fdeb2adaf88,  free space=1007k
Native frames: (J=compiled Java code, j=interpreted, Vv=VM code, C=native code)
C  0x00007fde5d9d3060
J 91 C1 java.util.concurrent.ConcurrentHashMap.addCount(JI)V (292 bytes) @ 0x00007fde9cb06b44 [0x00007fde9cb06360+0x7e4]
C  0x00000000d0c5c0f0


---------------  P R O C E S S  ---------------

Java Threads: ( => current thread )
  0x00007fdeac0ba000 JavaThread "Service Thread" daemon [_thread_blocked, id=3258, stack(0x00007fde98dcc000,0x00007fde98ecd000)]
  0x00007fdeac0b7800 JavaThread "C1 CompilerThread1" daemon [_thread_blocked, id=3257, stack(0x00007fde98ecd000,0x00007fde98fce000)]
  0x00007fdeac0b4800 JavaThread "C2 CompilerThread0" daemon [_thread_blocked, id=3256, stack(0x00007fde98fce000,0x00007fde990cf000)]
  0x00007fdeac0b3000 JavaThread "Signal Dispatcher" daemon [_thread_blocked, id=3255, stack(0x00007fde990cf000,0x00007fde991d0000)]
  0x00007fdeac07f800 JavaThread "Finalizer" daemon [_thread_blocked, id=3254, stack(0x00007fde99359000,0x00007fde9945a000)]
  0x00007fdeac07b000 JavaThread "Reference Handler" daemon [_thread_blocked, id=3253, stack(0x00007fde9945a000,0x00007fde9955b000)]
=>0x00007fdeac00a000 JavaThread "main" [_thread_in_Java, id=3249, stack(0x00007fdeb29df000,0x00007fdeb2ae0000)]

Other Threads:
  0x00007fdeac073800 VMThread [stack: 0x00007fde9955b000,0x00007fde9965c000] [id=3252]
  0x00007fdeac0bd800 WatcherThread [stack: 0x00007fde98ccb000,0x00007fde98dcc000] [id=3259]

VM state:not at safepoint (normal execution)

VM Mutex/Monitor currently owned by a thread: None

Heap:
 PSYoungGen      total 6656K, used 1997K [0x00000000f0400000, 0x00000000f0b00000, 0x0000000100000000)
  eden space 6144K, 24% used [0x00000000f0400000,0x00000000f05773f0,0x00000000f0a00000)
  from space 512K, 96% used [0x00000000f0a80000,0x00000000f0afc020,0x00000000f0b00000)
  to   space 512K, 0% used [0x00000000f0a00000,0x00000000f0a00000,0x00000000f0a80000)
 ParOldGen       total 5632K, used 868K [0x00000000d0c00000, 0x00000000d1180000, 0x00000000f0400000)
  object space 5632K, 15% used [0x00000000d0c00000,0x00000000d0cd9060,0x00000000d1180000)
 Metaspace       used 7032K, capacity 7988K, committed 8064K, reserved 1056768K
  class space    used 867K, capacity 880K, committed 896K, reserved 1048576K

Card table byte_map: [0x00007fdeb002e000,0x00007fdeb01a9000] byte_map_base: 0x00007fdeaf9a8000

Marking Bits: (ParMarkBitMap*) 0x00007fdeb1ed0c80
 Begin Bits: [0x00007fde9ab70000, 0x00007fde9b740000)
 End Bits:   [0x00007fde9b740000, 0x00007fde9c310000)

Polling page: 0x00007fdeb2afd000

CodeCache: size=245760Kb used=1775Kb max_used=1786Kb free=243984Kb
 bounds [0x00007fde9c9ce000, 0x00007fde9cc3e000, 0x00007fdeab9ce000]
 total_blobs=555 nmethods=277 adapters=194
 compilation: enabled

Compilation events (10 events):
Event: 0,327 Thread 0x00007fdeac0b7800  273       3       java.util.HashMap::afterNodeAccess (1 bytes)
Event: 0,327 Thread 0x00007fdeac0b7800 nmethod 273 0x00007fde9cb88b50 code [0x00007fde9cb88ca0, 0x00007fde9cb88df0]
Event: 0,328 Thread 0x00007fdeac0b7800  274       3       java.lang.Character::isSurrogate (18 bytes)
Event: 0,328 Thread 0x00007fdeac0b7800 nmethod 274 0x00007fde9cb88390 code [0x00007fde9cb88500, 0x00007fde9cb886d0]
Event: 0,328 Thread 0x00007fdeac0b7800  275       3       java.util.regex.Pattern::has (15 bytes)
Event: 0,328 Thread 0x00007fdeac0b7800 nmethod 275 0x00007fde9cb88010 code [0x00007fde9cb88180, 0x00007fde9cb88330]
Event: 0,335 Thread 0x00007fdeac0b7800  276       3       com.sun.tools.javac.parser.UnicodeReader::scanChar (45 bytes)
Event: 0,336 Thread 0x00007fdeac0b7800 nmethod 276 0x00007fde9cb872d0 code [0x00007fde9cb87440, 0x00007fde9cb87688]
Event: 0,336 Thread 0x00007fdeac0b4800  277       4       java.util.concurrent.ConcurrentHashMap::tabAt (21 bytes)
Event: 0,336 Thread 0x00007fdeac0b4800 nmethod 277 0x00007fde9cb870d0 code [0x00007fde9cb87200, 0x00007fde9cb87258]

GC Heap History (8 events):
Event: 0,105 GC heap before
{Heap before GC invocations=1 (full 0):
 PSYoungGen      total 2048K, used 1522K [0x00000000f0400000, 0x00000000f0680000, 0x0000000100000000)
  eden space 1536K, 99% used [0x00000000f0400000,0x00000000f057ca00,0x00000000f0580000)
  from space 512K, 0% used [0x00000000f0600000,0x00000000f0600000,0x00000000f0680000)
  to   space 512K, 0% used [0x00000000f0580000,0x00000000f0580000,0x00000000f0600000)
 ParOldGen       total 5632K, used 0K [0x00000000d0c00000, 0x00000000d1180000, 0x00000000f0400000)
  object space 5632K, 0% used [0x00000000d0c00000,0x00000000d0c00000,0x00000000d1180000)
 Metaspace       used 3419K, capacity 4812K, committed 5120K, reserved 1056768K
  class space    used 396K, capacity 456K, committed 512K, reserved 1048576K
Event: 0,107 GC heap after
Heap after GC invocations=1 (full 0):
 PSYoungGen      total 2048K, used 495K [0x00000000f0400000, 0x00000000f0800000, 0x0000000100000000)
  eden space 1536K, 0% used [0x00000000f0400000,0x00000000f0400000,0x00000000f0580000)
  from space 512K, 96% used [0x00000000f0580000,0x00000000f05fbc40,0x00000000f0600000)
  to   space 512K, 0% used [0x00000000f0780000,0x00000000f0780000,0x00000000f0800000)
 ParOldGen       total 5632K, used 8K [0x00000000d0c00000, 0x00000000d1180000, 0x00000000f0400000)
  object space 5632K, 0% used [0x00000000d0c00000,0x00000000d0c02000,0x00000000d1180000)
 Metaspace       used 3419K, capacity 4812K, committed 5120K, reserved 1056768K
  class space    used 396K, capacity 456K, committed 512K, reserved 1048576K
}
Event: 0,137 GC heap before
{Heap before GC invocations=2 (full 0):
 PSYoungGen      total 2048K, used 1942K [0x00000000f0400000, 0x00000000f0800000, 0x0000000100000000)
  eden space 1536K, 94% used [0x00000000f0400000,0x00000000f0569eb8,0x00000000f0580000)
  from space 512K, 96% used [0x00000000f0580000,0x00000000f05fbc40,0x00000000f0600000)
  to   space 512K, 0% used [0x00000000f0780000,0x00000000f0780000,0x00000000f0800000)
 ParOldGen       total 5632K, used 8K [0x00000000d0c00000, 0x00000000d1180000, 0x00000000f0400000)
  object space 5632K, 0% used [0x00000000d0c00000,0x00000000d0c02000,0x00000000d1180000)
 Metaspace       used 4102K, capacity 5388K, committed 5760K, reserved 1056768K
  class space    used 489K, capacity 520K, committed 640K, reserved 1048576K
Event: 0,139 GC heap after
Heap after GC invocations=2 (full 0):
 PSYoungGen      total 3584K, used 512K [0x00000000f0400000, 0x00000000f0800000, 0x0000000100000000)
  eden space 3072K, 0% used [0x00000000f0400000,0x00000000f0400000,0x00000000f0700000)
  from space 512K, 100% used [0x00000000f0780000,0x00000000f0800000,0x00000000f0800000)
  to   space 512K, 0% used [0x00000000f0700000,0x00000000f0700000,0x00000000f0780000)
 ParOldGen       total 5632K, used 40K [0x00000000d0c00000, 0x00000000d1180000, 0x00000000f0400000)
  object space 5632K, 0% used [0x00000000d0c00000,0x00000000d0c0a010,0x00000000d1180000)
 Metaspace       used 4102K, capacity 5388K, committed 5760K, reserved 1056768K
  class space    used 489K, capacity 520K, committed 640K, reserved 1048576K
}
Event: 0,200 GC heap before
{Heap before GC invocations=3 (full 0):
 PSYoungGen      total 3584K, used 3584K [0x00000000f0400000, 0x00000000f0800000, 0x0000000100000000)
  eden space 3072K, 100% used [0x00000000f0400000,0x00000000f0700000,0x00000000f0700000)
  from space 512K, 100% used [0x00000000f0780000,0x00000000f0800000,0x00000000f0800000)
  to   space 512K, 0% used [0x00000000f0700000,0x00000000f0700000,0x00000000f0780000)
 ParOldGen       total 5632K, used 40K [0x00000000d0c00000, 0x00000000d1180000, 0x00000000f0400000)
  object space 5632K, 0% used [0x00000000d0c00000,0x00000000d0c0a010,0x00000000d1180000)
 Metaspace       used 5125K, capacity 6348K, committed 6656K, reserved 1056768K
  class space    used 623K, capacity 648K, committed 768K, reserved 1048576K
Event: 0,202 GC heap after
Heap after GC invocations=3 (full 0):
 PSYoungGen      total 3584K, used 496K [0x00000000f0400000, 0x00000000f0b00000, 0x0000000100000000)
  eden space 3072K, 0% used [0x00000000f0400000,0x00000000f0400000,0x00000000f0700000)
  from space 512K, 96% used [0x00000000f0700000,0x00000000f077c020,0x00000000f0780000)
  to   space 512K, 0% used [0x00000000f0a80000,0x00000000f0a80000,0x00000000f0b00000)
 ParOldGen       total 5632K, used 504K [0x00000000d0c00000, 0x00000000d1180000, 0x00000000f0400000)
  object space 5632K, 8% used [0x00000000d0c00000,0x00000000d0c7e050,0x00000000d1180000)
 Metaspace       used 5125K, capacity 6348K, committed 6656K, reserved 1056768K
  class space    used 623K, capacity 648K, committed 768K, reserved 1048576K
}
Event: 0,288 GC heap before
{Heap before GC invocations=4 (full 0):
 PSYoungGen      total 3584K, used 3568K [0x00000000f0400000, 0x00000000f0b00000, 0x0000000100000000)
  eden space 3072K, 100% used [0x00000000f0400000,0x00000000f0700000,0x00000000f0700000)
  from space 512K, 96% used [0x00000000f0700000,0x00000000f077c020,0x00000000f0780000)
  to   space 512K, 0% used [0x00000000f0a80000,0x00000000f0a80000,0x00000000f0b00000)
 ParOldGen       total 5632K, used 504K [0x00000000d0c00000, 0x00000000d1180000, 0x00000000f0400000)
  object space 5632K, 8% used [0x00000000d0c00000,0x00000000d0c7e050,0x00000000d1180000)
 Metaspace       used 6229K, capacity 7404K, committed 7552K, reserved 1056768K
  class space    used 780K, capacity 808K, committed 896K, reserved 1048576K
Event: 0,290 GC heap after
Heap after GC invocations=4 (full 0):
 PSYoungGen      total 6656K, used 496K [0x00000000f0400000, 0x00000000f0b00000, 0x0000000100000000)
  eden space 6144K, 0% used [0x00000000f0400000,0x00000000f0400000,0x00000000f0a00000)
  from space 512K, 96% used [0x00000000f0a80000,0x00000000f0afc020,0x00000000f0b00000)
  to   space 512K, 0% used [0x00000000f0a00000,0x00000000f0a00000,0x00000000f0a80000)
 ParOldGen       total 5632K, used 868K [0x00000000d0c00000, 0x00000000d1180000, 0x00000000f0400000)
  object space 5632K, 15% used [0x00000000d0c00000,0x00000000d0cd9060,0x00000000d1180000)
 Metaspace       used 6229K, capacity 7404K, committed 7552K, reserved 1056768K
  class space    used 780K, capacity 808K, committed 896K, reserved 1048576K
}

Deoptimization events (4 events):
Event: 0,318 Thread 0x00007fdeac00a000 Uncommon trap: reason=unstable_if action=reinterpret pc=0x00007fde9cb3a9ac method=java.lang.String.replace(CC)Ljava/lang/String; @ 2
Event: 0,320 Thread 0x00007fdeac00a000 Uncommon trap: reason=class_check action=maybe_recompile pc=0x00007fde9cb72420 method=sun.misc.URLClassPath.getLoader(I)Lsun/misc/URLClassPath$Loader; @ 94
Event: 0,321 Thread 0x00007fdeac00a000 Uncommon trap: reason=class_check action=maybe_recompile pc=0x00007fde9cb72420 method=sun.misc.URLClassPath.getLoader(I)Lsun/misc/URLClassPath$Loader; @ 94
Event: 0,321 Thread 0x00007fdeac00a000 Uncommon trap: reason=unstable_if action=reinterpret pc=0x00007fde9cb4653c method=java.lang.String.indexOf([CII[CIII)I @ 134

Internal exceptions (10 events):
Event: 0,021 Thread 0x00007fdeac00a000 Exception <a 'java/lang/NoSuchMethodError': Method sun.misc.Unsafe.defineClass(Ljava/lang/String;[BII)Ljava/lang/Class; name or signature does not match> (0x00000000f0407cd8) thrown at [/HUDSON3/workspace/8-2-build-linux-amd64/jdk8u121/8372/hotspot/src/sh
Event: 0,021 Thread 0x00007fdeac00a000 Exception <a 'java/lang/NoSuchMethodError': Method sun.misc.Unsafe.prefetchRead(Ljava/lang/Object;J)V name or signature does not match> (0x00000000f0407fc0) thrown at [/HUDSON3/workspace/8-2-build-linux-amd64/jdk8u121/8372/hotspot/src/share/vm/prims/jni.c
Event: 0,103 Thread 0x00007fdeac00a000 Exception <a 'java/security/PrivilegedActionException'> (0x00000000f0565240) thrown at [/HUDSON3/workspace/8-2-build-linux-amd64/jdk8u121/8372/hotspot/src/share/vm/prims/jvm.cpp, line 1390]
Event: 0,103 Thread 0x00007fdeac00a000 Exception <a 'java/security/PrivilegedActionException'> (0x00000000f0565638) thrown at [/HUDSON3/workspace/8-2-build-linux-amd64/jdk8u121/8372/hotspot/src/share/vm/prims/jvm.cpp, line 1390]
Event: 0,104 Thread 0x00007fdeac00a000 Exception <a 'java/security/PrivilegedActionException'> (0x00000000f0567c88) thrown at [/HUDSON3/workspace/8-2-build-linux-amd64/jdk8u121/8372/hotspot/src/share/vm/prims/jvm.cpp, line 1390]
Event: 0,104 Thread 0x00007fdeac00a000 Exception <a 'java/security/PrivilegedActionException'> (0x00000000f0568080) thrown at [/HUDSON3/workspace/8-2-build-linux-amd64/jdk8u121/8372/hotspot/src/share/vm/prims/jvm.cpp, line 1390]
Event: 0,110 Thread 0x00007fdeac00a000 Exception <a 'java/security/PrivilegedActionException'> (0x00000000f0424130) thrown at [/HUDSON3/workspace/8-2-build-linux-amd64/jdk8u121/8372/hotspot/src/share/vm/prims/jvm.cpp, line 1390]
Event: 0,110 Thread 0x00007fdeac00a000 Exception <a 'java/security/PrivilegedActionException'> (0x00000000f0424528) thrown at [/HUDSON3/workspace/8-2-build-linux-amd64/jdk8u121/8372/hotspot/src/share/vm/prims/jvm.cpp, line 1390]
Event: 0,321 Thread 0x00007fdeac00a000 Exception <a 'java/security/PrivilegedActionException'> (0x00000000f04fd538) thrown at [/HUDSON3/workspace/8-2-build-linux-amd64/jdk8u121/8372/hotspot/src/share/vm/prims/jvm.cpp, line 1390]
Event: 0,321 Thread 0x00007fdeac00a000 Exception <a 'java/security/PrivilegedActionException'> (0x00000000f04fd748) thrown at [/HUDSON3/workspace/8-2-build-linux-amd64/jdk8u121/8372/hotspot/src/share/vm/prims/jvm.cpp, line 1390]

Events (10 events):
Event: 0,331 loading class com/sun/tools/javac/tree/DocCommentTable
Event: 0,331 loading class com/sun/tools/javac/tree/DocCommentTable done
Event: 0,335 loading class com/sun/tools/javac/parser/JavacParser$1
Event: 0,335 loading class com/sun/tools/javac/parser/JavacParser$1 done
Event: 0,335 loading class com/sun/tools/javac/parser/Tokens$Comment$CommentStyle
Event: 0,335 loading class com/sun/tools/javac/parser/Tokens$Comment$CommentStyle done
Event: 0,335 loading class com/sun/tools/javac/parser/JavaTokenizer$BasicComment
Event: 0,335 loading class com/sun/tools/javac/parser/JavaTokenizer$BasicComment done
Event: 0,335 loading class com/sun/tools/javac/parser/JavaTokenizer$1
Event: 0,335 loading class com/sun/tools/javac/parser/JavaTokenizer$1 done


Dynamic libraries:
00400000-00401000 r-xp 00000000 08:11 4995247                            /usr/lib/jvm/java-8-oracle/bin/javac
00600000-00601000 rw-p 00000000 08:11 4995247                            /usr/lib/jvm/java-8-oracle/bin/javac
00e14000-00e35000 rw-p 00000000 00:00 0                                  [heap]
d0c00000-d1180000 rw-p 00000000 00:00 0 
d1180000-f0400000 ---p 00000000 00:00 0 
f0400000-f0b00000 rw-p 00000000 00:00 0 
f0b00000-100000000 ---p 00000000 00:00 0 
100000000-1000e0000 rw-p 00000000 00:00 0 
1000e0000-140000000 ---p 00000000 00:00 0 
7fde6c000000-7fde6c021000 rw-p 00000000 00:00 0 
7fde6c021000-7fde70000000 ---p 00000000 00:00 0 
7fde74000000-7fde740cf000 rw-p 00000000 00:00 0 
7fde740cf000-7fde78000000 ---p 00000000 00:00 0 
7fde78000000-7fde78021000 rw-p 00000000 00:00 0 
7fde78021000-7fde7c000000 ---p 00000000 00:00 0 
7fde7c000000-7fde7c021000 rw-p 00000000 00:00 0 
7fde7c021000-7fde80000000 ---p 00000000 00:00 0 
7fde80000000-7fde80109000 rw-p 00000000 00:00 0 
7fde80109000-7fde84000000 ---p 00000000 00:00 0 
7fde84000000-7fde84021000 rw-p 00000000 00:00 0 
7fde84021000-7fde88000000 ---p 00000000 00:00 0 
7fde88000000-7fde88021000 rw-p 00000000 00:00 0 
7fde88021000-7fde8c000000 ---p 00000000 00:00 0 
7fde8c000000-7fde8c021000 rw-p 00000000 00:00 0 
7fde8c021000-7fde90000000 ---p 00000000 00:00 0 
7fde90000000-7fde90021000 rw-p 00000000 00:00 0 
7fde90021000-7fde94000000 ---p 00000000 00:00 0 
7fde94000000-7fde94021000 rw-p 00000000 00:00 0 
7fde94021000-7fde98000000 ---p 00000000 00:00 0 
7fde98c51000-7fde98ccb000 r--s 010f6000 08:11 4596462                    /usr/lib/jvm/java-8-oracle/lib/tools.jar
7fde98ccb000-7fde98ccc000 ---p 00000000 00:00 0 
7fde98ccc000-7fde98dcc000 rw-p 00000000 00:00 0                          [stack:3259]
7fde98dcc000-7fde98dcf000 ---p 00000000 00:00 0 
7fde98dcf000-7fde98ecd000 rw-p 00000000 00:00 0                          [stack:3258]
7fde98ecd000-7fde98ed0000 ---p 00000000 00:00 0 
7fde98ed0000-7fde98fce000 rw-p 00000000 00:00 0                          [stack:3257]
7fde98fce000-7fde98fd1000 ---p 00000000 00:00 0 
7fde98fd1000-7fde990cf000 rw-p 00000000 00:00 0                          [stack:3256]
7fde990cf000-7fde990d2000 ---p 00000000 00:00 0 
7fde990d2000-7fde991d0000 rw-p 00000000 00:00 0                          [stack:3255]
7fde991d0000-7fde99359000 r--p 00000000 08:11 4460371                    /usr/lib/locale/locale-archive
7fde99359000-7fde9935c000 ---p 00000000 00:00 0 
7fde9935c000-7fde9945a000 rw-p 00000000 00:00 0                          [stack:3254]
7fde9945a000-7fde9945d000 ---p 00000000 00:00 0 
7fde9945d000-7fde9955b000 rw-p 00000000 00:00 0                          [stack:3253]
7fde9955b000-7fde9955c000 ---p 00000000 00:00 0 
7fde9955c000-7fde99fa7000 rw-p 00000000 00:00 0                          [stack:3252]
7fde99fa7000-7fde9a180000 r--s 03d3e000 08:11 5251199                    /usr/lib/jvm/java-8-oracle/jre/lib/rt.jar
7fde9a180000-7fde9a8f6000 rw-p 00000000 00:00 0 
7fde9a8f6000-7fde9a9f6000 ---p 00000000 00:00 0 
7fde9a9f6000-7fde9c310000 rw-p 00000000 00:00 0 
7fde9c310000-7fde9c311000 ---p 00000000 00:00 0 
7fde9c311000-7fde9c411000 rw-p 00000000 00:00 0                          [stack:3251]
7fde9c411000-7fde9c412000 ---p 00000000 00:00 0 
7fde9c412000-7fde9c515000 rw-p 00000000 00:00 0                          [stack:3250]
7fde9c515000-7fde9c60e000 ---p 00000000 00:00 0 
7fde9c60e000-7fde9c618000 rw-p 00000000 00:00 0 
7fde9c618000-7fde9c9ce000 ---p 00000000 00:00 0 
7fde9c9ce000-7fde9cc3e000 rwxp 00000000 00:00 0 
7fde9cc3e000-7fdeab9ce000 ---p 00000000 00:00 0 
7fdeab9ce000-7fdeab9e8000 r-xp 00000000 08:11 5251230                    /usr/lib/jvm/java-8-oracle/jre/lib/amd64/libzip.so
7fdeab9e8000-7fdeabbe8000 ---p 0001a000 08:11 5251230                    /usr/lib/jvm/java-8-oracle/jre/lib/amd64/libzip.so
7fdeabbe8000-7fdeabbe9000 rw-p 0001a000 08:11 5251230                    /usr/lib/jvm/java-8-oracle/jre/lib/amd64/libzip.so
7fdeabbe9000-7fdeabbf4000 r-xp 00000000 08:11 4328379                    /lib/x86_64-linux-gnu/libnss_files-2.19.so
7fdeabbf4000-7fdeabdf3000 ---p 0000b000 08:11 4328379                    /lib/x86_64-linux-gnu/libnss_files-2.19.so
7fdeabdf3000-7fdeabdf4000 r--p 0000a000 08:11 4328379                    /lib/x86_64-linux-gnu/libnss_files-2.19.so
7fdeabdf4000-7fdeabdf5000 rw-p 0000b000 08:11 4328379                    /lib/x86_64-linux-gnu/libnss_files-2.19.so
7fdeabdf5000-7fdeabdff000 r-xp 00000000 08:11 4328381                    /lib/x86_64-linux-gnu/libnss_nis-2.19.so
7fdeabdff000-7fdeabffe000 ---p 0000a000 08:11 4328381                    /lib/x86_64-linux-gnu/libnss_nis-2.19.so
7fdeabffe000-7fdeabfff000 r--p 00009000 08:11 4328381                    /lib/x86_64-linux-gnu/libnss_nis-2.19.so
7fdeabfff000-7fdeac000000 rw-p 0000a000 08:11 4328381                    /lib/x86_64-linux-gnu/libnss_nis-2.19.so
7fdeac000000-7fdeac3c5000 rw-p 00000000 00:00 0 
7fdeac3c5000-7fdeb0000000 ---p 00000000 00:00 0 
7fdeb000d000-7fdeb0031000 rw-p 00000000 00:00 0 
7fdeb0031000-7fdeb012a000 ---p 00000000 00:00 0 
7fdeb012a000-7fdeb012e000 rw-p 00000000 00:00 0 
7fdeb012e000-7fdeb01a8000 ---p 00000000 00:00 0 
7fdeb01a8000-7fdeb01a9000 rw-p 00000000 00:00 0 
7fdeb01a9000-7fdeb01be000 r-xp 00000000 08:11 4328376                    /lib/x86_64-linux-gnu/libnsl-2.19.so
7fdeb01be000-7fdeb03bd000 ---p 00015000 08:11 4328376                    /lib/x86_64-linux-gnu/libnsl-2.19.so
7fdeb03bd000-7fdeb03be000 r--p 00014000 08:11 4328376                    /lib/x86_64-linux-gnu/libnsl-2.19.so
7fdeb03be000-7fdeb03bf000 rw-p 00015000 08:11 4328376                    /lib/x86_64-linux-gnu/libnsl-2.19.so
7fdeb03bf000-7fdeb03c1000 rw-p 00000000 00:00 0 
7fdeb03c1000-7fdeb03c8000 r-xp 00000000 08:11 4328377                    /lib/x86_64-linux-gnu/libnss_compat-2.19.so
7fdeb03c8000-7fdeb05c7000 ---p 00007000 08:11 4328377                    /lib/x86_64-linux-gnu/libnss_compat-2.19.so
7fdeb05c7000-7fdeb05c8000 r--p 00006000 08:11 4328377                    /lib/x86_64-linux-gnu/libnss_compat-2.19.so
7fdeb05c8000-7fdeb05c9000 rw-p 00007000 08:11 4328377                    /lib/x86_64-linux-gnu/libnss_compat-2.19.so
7fdeb05c9000-7fdeb05f4000 r-xp 00000000 08:11 5251255                    /usr/lib/jvm/java-8-oracle/jre/lib/amd64/libjava.so
7fdeb05f4000-7fdeb07f3000 ---p 0002b000 08:11 5251255                    /usr/lib/jvm/java-8-oracle/jre/lib/amd64/libjava.so
7fdeb07f3000-7fdeb07f5000 rw-p 0002a000 08:11 5251255                    /usr/lib/jvm/java-8-oracle/jre/lib/amd64/libjava.so
7fdeb07f5000-7fdeb0802000 r-xp 00000000 08:11 5251208                    /usr/lib/jvm/java-8-oracle/jre/lib/amd64/libverify.so
7fdeb0802000-7fdeb0a01000 ---p 0000d000 08:11 5251208                    /usr/lib/jvm/java-8-oracle/jre/lib/amd64/libverify.so
7fdeb0a01000-7fdeb0a03000 rw-p 0000c000 08:11 5251208                    /usr/lib/jvm/java-8-oracle/jre/lib/amd64/libverify.so
7fdeb0a03000-7fdeb0a0a000 r-xp 00000000 08:11 4328385                    /lib/x86_64-linux-gnu/librt-2.19.so
7fdeb0a0a000-7fdeb0c09000 ---p 00007000 08:11 4328385                    /lib/x86_64-linux-gnu/librt-2.19.so
7fdeb0c09000-7fdeb0c0a000 r--p 00006000 08:11 4328385                    /lib/x86_64-linux-gnu/librt-2.19.so
7fdeb0c0a000-7fdeb0c0b000 rw-p 00007000 08:11 4328385                    /lib/x86_64-linux-gnu/librt-2.19.so
7fdeb0c0b000-7fdeb0d0b000 r-xp 00000000 08:11 4328374                    /lib/x86_64-linux-gnu/libm-2.19.so
7fdeb0d0b000-7fdeb0f0a000 ---p 00100000 08:11 4328374                    /lib/x86_64-linux-gnu/libm-2.19.so
7fdeb0f0a000-7fdeb0f0b000 r--p 000ff000 08:11 4328374                    /lib/x86_64-linux-gnu/libm-2.19.so
7fdeb0f0b000-7fdeb0f0c000 rw-p 00100000 08:11 4328374                    /lib/x86_64-linux-gnu/libm-2.19.so
7fdeb0f0c000-7fdeb1bda000 r-xp 00000000 08:11 5516074                    /usr/lib/jvm/java-8-oracle/jre/lib/amd64/server/libjvm.so
7fdeb1bda000-7fdeb1dda000 ---p 00cce000 08:11 5516074                    /usr/lib/jvm/java-8-oracle/jre/lib/amd64/server/libjvm.so
7fdeb1dda000-7fdeb1eb3000 rw-p 00cce000 08:11 5516074                    /usr/lib/jvm/java-8-oracle/jre/lib/amd64/server/libjvm.so
7fdeb1eb3000-7fdeb1efe000 rw-p 00000000 00:00 0 
7fdeb1efe000-7fdeb209f000 r-xp 00000000 08:11 4328370                    /lib/x86_64-linux-gnu/libc-2.19.so
7fdeb209f000-7fdeb229f000 ---p 001a1000 08:11 4328370                    /lib/x86_64-linux-gnu/libc-2.19.so
7fdeb229f000-7fdeb22a3000 r--p 001a1000 08:11 4328370                    /lib/x86_64-linux-gnu/libc-2.19.so
7fdeb22a3000-7fdeb22a5000 rw-p 001a5000 08:11 4328370                    /lib/x86_64-linux-gnu/libc-2.19.so
7fdeb22a5000-7fdeb22a9000 rw-p 00000000 00:00 0 
7fdeb22a9000-7fdeb22ac000 r-xp 00000000 08:11 4328373                    /lib/x86_64-linux-gnu/libdl-2.19.so
7fdeb22ac000-7fdeb24ab000 ---p 00003000 08:11 4328373                    /lib/x86_64-linux-gnu/libdl-2.19.so
7fdeb24ab000-7fdeb24ac000 r--p 00002000 08:11 4328373                    /lib/x86_64-linux-gnu/libdl-2.19.so
7fdeb24ac000-7fdeb24ad000 rw-p 00003000 08:11 4328373                    /lib/x86_64-linux-gnu/libdl-2.19.so
7fdeb24ad000-7fdeb24c2000 r-xp 00000000 08:11 4725419                    /usr/lib/jvm/java-8-oracle/lib/amd64/jli/libjli.so
7fdeb24c2000-7fdeb26c2000 ---p 00015000 08:11 4725419                    /usr/lib/jvm/java-8-oracle/lib/amd64/jli/libjli.so
7fdeb26c2000-7fdeb26c3000 rw-p 00015000 08:11 4725419                    /usr/lib/jvm/java-8-oracle/lib/amd64/jli/libjli.so
7fdeb26c3000-7fdeb26db000 r-xp 00000000 08:11 4328366                    /lib/x86_64-linux-gnu/libpthread-2.19.so
7fdeb26db000-7fdeb28da000 ---p 00018000 08:11 4328366                    /lib/x86_64-linux-gnu/libpthread-2.19.so
7fdeb28da000-7fdeb28db000 r--p 00017000 08:11 4328366                    /lib/x86_64-linux-gnu/libpthread-2.19.so
7fdeb28db000-7fdeb28dc000 rw-p 00018000 08:11 4328366                    /lib/x86_64-linux-gnu/libpthread-2.19.so
7fdeb28dc000-7fdeb28e0000 rw-p 00000000 00:00 0 
7fdeb28e0000-7fdeb2900000 r-xp 00000000 08:11 4328367                    /lib/x86_64-linux-gnu/ld-2.19.so
7fdeb290d000-7fdeb29df000 rw-p 00000000 00:00 0 
7fdeb29df000-7fdeb29e2000 ---p 00000000 00:00 0 
7fdeb29e2000-7fdeb2ae4000 rw-p 00000000 00:00 0                          [stack:3249]
7fdeb2ae5000-7fdeb2af4000 rw-p 00000000 00:00 0 
7fdeb2af4000-7fdeb2afc000 rw-s 00000000 08:11 5118019                    /tmp/hsperfdata_antonio/3248
7fdeb2afc000-7fdeb2afd000 rw-p 00000000 00:00 0 
7fdeb2afd000-7fdeb2afe000 r--p 00000000 00:00 0 
7fdeb2afe000-7fdeb2b00000 rw-p 00000000 00:00 0 
7fdeb2b00000-7fdeb2b01000 r--p 00020000 08:11 4328367                    /lib/x86_64-linux-gnu/ld-2.19.so
7fdeb2b01000-7fdeb2b02000 rw-p 00021000 08:11 4328367                    /lib/x86_64-linux-gnu/ld-2.19.so
7fdeb2b02000-7fdeb2b03000 rw-p 00000000 00:00 0 
7ffeb06aa000-7ffeb06cb000 rw-p 00000000 00:00 0                          [stack]
7ffeb07a8000-7ffeb07aa000 r-xp 00000000 00:00 0                          [vdso]
7ffeb07aa000-7ffeb07ac000 r--p 00000000 00:00 0                          [vvar]
ffffffffff600000-ffffffffff601000 r-xp 00000000 00:00 0                  [vsyscall]

VM Arguments:
jvm_args: -Dapplication.home=/usr/lib/jvm/java-8-oracle -Xms8m 
java_command: com.sun.tools.javac.Main -g -nowarn -classpath /usr/class/cs143/cool/lib:.:/usr/java/lib/rt.jar ASTConstants.java ASTLexer.java ASTParser.java AbstractSymbol.java AbstractTable.java BoolConst.java Flags.java IdSymbol.java IdTable.java IntSymbol.java IntTable.java ListNode.java Semant.java StringSymbol.java StringTable.java CgenSupport.java SymbolTable.java SymtabExample.java TokenConstants.java TreeNode.java Utilities.java ClassTable.java TreeConstants.java cool-tree.java
java_class_path (initial): /usr/lib/jvm/java-8-oracle/lib/tools.jar:/usr/lib/jvm/java-8-oracle/classes
Launcher Type: SUN_STANDARD

Environment Variables:
JAVA_HOME=/usr/lib/jvm/java-8-oracle
PATH=/usr/class/cs143/cool/bin:/usr/local/bin:/usr/bin:/bin:/usr/local/games:/usr/games:/usr/lib/jvm/java-8-oracle/bin:/usr/lib/jvm/java-8-oracle/db/bin:/usr/lib/jvm/java-8-oracle/jre/bin
USERNAME=antonio
SHELL=/bin/bash
DISPLAY=:0.0

Signal Handlers:
SIGSEGV: [libjvm.so+0xac78c0], sa_mask[0]=11111111011111111101111111111110, sa_flags=SA_RESTART|SA_SIGINFO
SIGBUS: [libjvm.so+0xac78c0], sa_mask[0]=11111111011111111101111111111110, sa_flags=SA_RESTART|SA_SIGINFO
SIGFPE: [libjvm.so+0x920ac0], sa_mask[0]=11111111011111111101111111111110, sa_flags=SA_RESTART|SA_SIGINFO
SIGPIPE: [libjvm.so+0x920ac0], sa_mask[0]=11111111011111111101111111111110, sa_flags=SA_RESTART|SA_SIGINFO
SIGXFSZ: [libjvm.so+0x920ac0], sa_mask[0]=11111111011111111101111111111110, sa_flags=SA_RESTART|SA_SIGINFO
SIGILL: [libjvm.so+0x920ac0], sa_mask[0]=11111111011111111101111111111110, sa_flags=SA_RESTART|SA_SIGINFO
SIGUSR1: SIG_DFL, sa_mask[0]=00000000000000000000000000000000, sa_flags=none
SIGUSR2: [libjvm.so+0x922300], sa_mask[0]=00000000000000000000000000000000, sa_flags=SA_RESTART|SA_SIGINFO
SIGHUP: [libjvm.so+0x923700], sa_mask[0]=11111111011111111101111111111110, sa_flags=SA_RESTART|SA_SIGINFO
SIGINT: [libjvm.so+0x923700], sa_mask[0]=11111111011111111101111111111110, sa_flags=SA_RESTART|SA_SIGINFO
SIGTERM: [libjvm.so+0x923700], sa_mask[0]=11111111011111111101111111111110, sa_flags=SA_RESTART|SA_SIGINFO
SIGQUIT: [libjvm.so+0x923700], sa_mask[0]=11111111011111111101111111111110, sa_flags=SA_RESTART|SA_SIGINFO


---------------  S Y S T E M  ---------------

OS:PRETTY_NAME="Debian GNU/Linux 8 (jessie)"
NAME="Debian GNU/Linux"
VERSION_ID="8"
VERSION="8 (jessie)"
ID=debian
HOME_URL="http://www.debian.org/"
SUPPORT_URL="http://www.debian.org/support"
BUG_REPORT_URL="https://bugs.debian.org/"

uname:Linux 3.16.0-4-amd64 #1 SMP Debian 3.16.39-1 (2016-12-30) x86_64
libc:glibc 2.19 NPTL 2.19 
rlimit: STACK 8192k, CORE 0k, NPROC 12009, NOFILE 65536, AS infinity
load average:0,52 0,34 0,25

/proc/meminfo:
MemTotal:        3091540 kB
MemFree:         1459144 kB
MemAvailable:    2218624 kB
Buffers:           99332 kB
Cached:           769236 kB
SwapCached:            0 kB
Active:          1010752 kB
Inactive:         430452 kB
Active(anon):     573592 kB
Inactive(anon):    27292 kB
Active(file):     437160 kB
Inactive(file):   403160 kB
Unevictable:          72 kB
Mlocked:              72 kB
SwapTotal:       6286332 kB
SwapFree:        6286332 kB
Dirty:               296 kB
Writeback:             0 kB
AnonPages:        572664 kB
Mapped:           345492 kB
Shmem:             28240 kB
Slab:              95324 kB
SReclaimable:      63568 kB
SUnreclaim:        31756 kB
KernelStack:        5552 kB
PageTables:        22360 kB
NFS_Unstable:          0 kB
Bounce:                0 kB
WritebackTmp:          0 kB
CommitLimit:     7832100 kB
Committed_AS:    2878156 kB
VmallocTotal:   34359738367 kB
VmallocUsed:       84660 kB
VmallocChunk:   34359651196 kB
HardwareCorrupted:     0 kB
AnonHugePages:         0 kB
HugePages_Total:       0
HugePages_Free:        0
HugePages_Rsvd:        0
HugePages_Surp:        0
Hugepagesize:       2048 kB
DirectMap4k:      136128 kB
DirectMap2M:     3008512 kB


CPU:total 2 (2 cores per cpu, 1 threads per core) family 6 model 23 stepping 6, cmov, cx8, fxsr, mmx, sse, sse2, sse3, ssse3, sse4.1, tsc

/proc/cpuinfo:
processor	: 0
vendor_id	: GenuineIntel
cpu family	: 6
model		: 23
model name	: Intel(R) Core(TM)2 Duo CPU     E8500  @ 3.16GHz
stepping	: 6
microcode	: 0x606
cpu MHz		: 3166.569
cache size	: 6144 KB
physical id	: 0
siblings	: 2
core id		: 0
cpu cores	: 2
apicid		: 0
initial apicid	: 0
fpu		: yes
fpu_exception	: yes
cpuid level	: 10
wp		: yes
flags		: fpu vme de pse tsc msr pae mce cx8 apic sep mtrr pge mca cmov pat pse36 clflush dts acpi mmx fxsr sse sse2 ss ht tm pbe syscall nx lm constant_tsc arch_perfmon pebs bts rep_good nopl aperfmperf pni dtes64 monitor ds_cpl vmx smx est tm2 ssse3 cx16 xtpr pdcm sse4_1 lahf_lm dtherm tpr_shadow vnmi flexpriority
bogomips	: 6333.13
clflush size	: 64
cache_alignment	: 64
address sizes	: 36 bits physical, 48 bits virtual
power management:

processor	: 1
vendor_id	: GenuineIntel
cpu family	: 6
model		: 23
model name	: Intel(R) Core(TM)2 Duo CPU     E8500  @ 3.16GHz
stepping	: 6
microcode	: 0x606
cpu MHz		: 3166.569
cache size	: 6144 KB
physical id	: 0
siblings	: 2
core id		: 1
cpu cores	: 2
apicid		: 1
initial apicid	: 1
fpu		: yes
fpu_exception	: yes
cpuid level	: 10
wp		: yes
flags		: fpu vme de pse tsc msr pae mce cx8 apic sep mtrr pge mca cmov pat pse36 clflush dts acpi mmx fxsr sse sse2 ss ht tm pbe syscall nx lm constant_tsc arch_perfmon pebs bts rep_good nopl aperfmperf pni dtes64 monitor ds_cpl vmx smx est tm2 ssse3 cx16 xtpr pdcm sse4_1 lahf_lm dtherm tpr_shadow vnmi flexpriority
bogomips	: 6333.13
clflush size	: 64
cache_alignment	: 64
address sizes	: 36 bits physical, 48 bits virtual
power management:



Memory: 4k page, physical 3091540k(1459144k free), swap 6286332k(6286332k free)

vm_info: Java HotSpot(TM) 64-Bit Server VM (25.121-b13) for linux-amd64 JRE (1.8.0_121-b13), built on Dec 12 2016 16:36:53 by "java_re" with gcc 4.3.0 20080428 (Red Hat 4.3.0-8)

time: Fri Feb 24 16:45:04 2017
elapsed time: 0 seconds (0d 0h 0m 0s)

