#
# A fatal error has been detected by the Java Runtime Environment:
#
#  SIGSEGV (0xb) at pc=0x00007f742e005060, pid=5189, tid=0x00007f7483f3f700
#
# JRE version: Java(TM) SE Runtime Environment (8.0_121-b13) (build 1.8.0_121-b13)
# Java VM: Java HotSpot(TM) 64-Bit Server VM (25.121-b13 mixed mode linux-amd64 compressed oops)
# Problematic frame:
# C  0x00007f742e005060
#
# Failed to write core dump. Core dumps have been disabled. To enable core dumping, try "ulimit -c unlimited" before starting Java again
#
# If you would like to submit a bug report, please visit:
#   http://bugreport.java.com/bugreport/crash.jsp
#

---------------  T H R E A D  ---------------

Current thread (0x00007f747c00a000):  JavaThread "main" [_thread_in_Java, id=5190, stack(0x00007f7483e3f000,0x00007f7483f40000)]

siginfo: si_signo: 11 (SIGSEGV), si_code: 1 (SEGV_MAPERR), si_addr: 0x00007f742e005060

Registers:
RAX=0x00000001000c5c28, RBX=0x00007f746cc9e5a0, RCX=0x000000000000061c, RDX=0x00000000d0dfdb50
RSP=0x00007f7483f3d398, RBP=0x00007f7483f3d488, RSI=0x00000000d0f58218, RDI=0x00000000d0dfdb50
R8 =0x0000000000000000, R9 =0x00000000f1fe6af8, R10=0x00000001000c5c28, R11=0x00007f746d4f63a0
R12=0x0000000000000000, R13=0x00007f7483f3d428, R14=0x0000000000000000, R15=0x00007f747c00a000
RIP=0x00007f742e005060, EFLAGS=0x0000000000010246, CSGSFS=0x0000000000000033, ERR=0x0000000000000014
  TRAPNO=0x000000000000000e

Top of Stack: (sp=0x00007f7483f3d398)
0x00007f7483f3d398:   00007f746d56abe4 00007f746d4f65c4
0x00007f7483f3d3a8:   00000000d0f58218 00007f7483f3d488
0x00007f7483f3d3b8:   00007f746d4f65c4 00000000d0f58218
0x00007f7483f3d3c8:   0000000000000000 00000000d0dfda80
0x00007f7483f3d3d8:   00000000d0f58218 00000000d117cba8
0x00007f7483f3d3e8:   00000000d117c138 00000000d0f58218
0x00007f7483f3d3f8:   0000000000000000 00007f7483f3d488
0x00007f7483f3d408:   00007f746d007d80 00007f7483f3d488
0x00007f7483f3d418:   00007f746d007d80 00007f746d007d80
0x00007f7483f3d428:   00000000d117cba8 00000000d0dfdb50
0x00007f7483f3d438:   00000000d0f58218 00000000d0dfdb10
0x00007f7483f3d448:   00007f7483f3d448 00007f746ce8cf79
0x00007f7483f3d458:   00007f7483f3d4a0 00007f746ce8e7b0
0x00007f7483f3d468:   0000000000000000 00007f746ce8cfb0
0x00007f7483f3d478:   00007f7483f3d428 00007f7483f3d498
0x00007f7483f3d488:   00007f7483f3d4e8 00007f746d007ffd
0x00007f7483f3d498:   00000000d0dfdb10 00000000d0f58218
0x00007f7483f3d4a8:   00007f7483f3d4a8 00007f746cda0fa2
0x00007f7483f3d4b8:   00007f7483f3d500 00007f746cef0ec0
0x00007f7483f3d4c8:   00007f7465e613a0 00007f746cda1028
0x00007f7483f3d4d8:   00007f7483f3d498 00007f7483f3d510
0x00007f7483f3d4e8:   00007f7483f3d5d8 00007f746d4f65c4
0x00007f7483f3d4f8:   00000000d0f58218 00000000d0dfdb10
0x00007f7483f3d508:   00007f746d4f65c4 0000000000000000
0x00007f7483f3d518:   00007f746cdb5ba8 0000000000000000
0x00007f7483f3d528:   00007f7483f3d548 00007f7483f3d5a0
0x00007f7483f3d538:   00007f746d007d80 00000000d0f58218
0x00007f7483f3d548:   00000000f1fe1270 00000000d0f58218
0x00007f7483f3d558:   00000000d0f58218 00007f7483f3d5d8
0x00007f7483f3d568:   00007f746d007d80 00007f746d007d80
0x00007f7483f3d578:   0000000000000000 00000000d0dfdb10
0x00007f7483f3d588:   00000000d0f58218 00000000d0dfdaf8 

Instructions: (pc=0x00007f742e005060)
0x00007f742e005040:   
[error occurred during error reporting (printing registers, top of stack, instructions near pc), id 0xb]

Register to memory mapping:

RAX=0x00000001000c5c28 is pointing into metadata
RBX={method} {0x00007f746cc9e5a0} 'accept' '(Lcom/sun/tools/javac/tree/JCTree$Visitor;)V' in 'com/sun/tools/javac/tree/JCTree$JCIdent'
RCX=0x000000000000061c is an unknown value
RDX=0x00000000d0dfdb50 is an oop
com.sun.tools.javac.tree.JCTree$JCIdent 
 - klass: 'com/sun/tools/javac/tree/JCTree$JCIdent'
RSP=0x00007f7483f3d398 is pointing into the stack for thread: 0x00007f747c00a000
RBP=0x00007f7483f3d488 is pointing into the stack for thread: 0x00007f747c00a000
RSI=0x00000000d0f58218 is an oop
com.sun.tools.javac.comp.TransTypes 
 - klass: 'com/sun/tools/javac/comp/TransTypes'
RDI=0x00000000d0dfdb50 is an oop
com.sun.tools.javac.tree.JCTree$JCIdent 
 - klass: 'com/sun/tools/javac/tree/JCTree$JCIdent'
R8 =0x0000000000000000 is an unknown value
R9 =0x00000000f1fe6af8 is an oop
com.sun.tools.javac.util.List 
 - klass: 'com/sun/tools/javac/util/List'
R10=0x00000001000c5c28 is pointing into metadata
R11=0x00007f746d4f63a0 is at entry_point+32 in (nmethod*)0x00007f746d4f6210
R12=0x0000000000000000 is an unknown value
R13=0x00007f7483f3d428 is pointing into the stack for thread: 0x00007f747c00a000
R14=0x0000000000000000 is an unknown value
R15=0x00007f747c00a000 is a thread


Stack: [0x00007f7483e3f000,0x00007f7483f40000],  sp=0x00007f7483f3d398,  free space=1016k
Native frames: (J=compiled Java code, j=interpreted, Vv=VM code, C=native code)
C  0x00007f742e005060
j  com.sun.tools.javac.tree.JCTree$JCAssign.accept(Lcom/sun/tools/javac/tree/JCTree$Visitor;)V+2
J 1476 C1 com.sun.tools.javac.comp.TransTypes.translate(Lcom/sun/tools/javac/tree/JCTree;Lcom/sun/tools/javac/code/Type;)Lcom/sun/tools/javac/tree/JCTree; (35 bytes) @ 0x00007f746d4f65c4 [0x00007f746d4f6380+0x244]
j  com.sun.tools.javac.comp.TransTypes.visitExec(Lcom/sun/tools/javac/tree/JCTree$JCExpressionStatement;)V+7
J 1390 C1 com.sun.tools.javac.tree.JCTree$JCExpressionStatement.accept(Lcom/sun/tools/javac/tree/JCTree$Visitor;)V (6 bytes) @ 0x00007f746d4a964c [0x00007f746d4a9540+0x10c]
J 909 C1 com.sun.tools.javac.tree.TreeTranslator.translate(Lcom/sun/tools/javac/tree/JCTree;)Lcom/sun/tools/javac/tree/JCTree; (23 bytes) @ 0x00007f746d38a99c [0x00007f746d38a900+0x9c]
J 1203 C1 com.sun.tools.javac.tree.TreeTranslator.translate(Lcom/sun/tools/javac/util/List;)Lcom/sun/tools/javac/util/List; (40 bytes) @ 0x00007f746d415cc4 [0x00007f746d415c00+0xc4]
j  com.sun.tools.javac.tree.TreeTranslator.visitBlock(Lcom/sun/tools/javac/tree/JCTree$JCBlock;)V+6
J 1003 C1 com.sun.tools.javac.tree.JCTree$JCBlock.accept(Lcom/sun/tools/javac/tree/JCTree$Visitor;)V (6 bytes) @ 0x00007f746d3ba0f4 [0x00007f746d3ba080+0x74]
J 909 C1 com.sun.tools.javac.tree.TreeTranslator.translate(Lcom/sun/tools/javac/tree/JCTree;)Lcom/sun/tools/javac/tree/JCTree; (23 bytes) @ 0x00007f746d38a99c [0x00007f746d38a900+0x9c]
j  com.sun.tools.javac.comp.TransTypes.visitIf(Lcom/sun/tools/javac/tree/JCTree$JCIf;)V+43
j  com.sun.tools.javac.tree.JCTree$JCIf.accept(Lcom/sun/tools/javac/tree/JCTree$Visitor;)V+2
J 909 C1 com.sun.tools.javac.tree.TreeTranslator.translate(Lcom/sun/tools/javac/tree/JCTree;)Lcom/sun/tools/javac/tree/JCTree; (23 bytes) @ 0x00007f746d38a99c [0x00007f746d38a900+0x9c]
J 1203 C1 com.sun.tools.javac.tree.TreeTranslator.translate(Lcom/sun/tools/javac/util/List;)Lcom/sun/tools/javac/util/List; (40 bytes) @ 0x00007f746d415cc4 [0x00007f746d415c00+0xc4]
j  com.sun.tools.javac.tree.TreeTranslator.visitBlock(Lcom/sun/tools/javac/tree/JCTree$JCBlock;)V+6
J 1003 C1 com.sun.tools.javac.tree.JCTree$JCBlock.accept(Lcom/sun/tools/javac/tree/JCTree$Visitor;)V (6 bytes) @ 0x00007f746d3ba0f4 [0x00007f746d3ba080+0x74]
J 909 C1 com.sun.tools.javac.tree.TreeTranslator.translate(Lcom/sun/tools/javac/tree/JCTree;)Lcom/sun/tools/javac/tree/JCTree; (23 bytes) @ 0x00007f746d38a99c [0x00007f746d38a900+0x9c]
j  com.sun.tools.javac.comp.TransTypes.visitIf(Lcom/sun/tools/javac/tree/JCTree$JCIf;)V+43
j  com.sun.tools.javac.tree.JCTree$JCIf.accept(Lcom/sun/tools/javac/tree/JCTree$Visitor;)V+2
J 909 C1 com.sun.tools.javac.tree.TreeTranslator.translate(Lcom/sun/tools/javac/tree/JCTree;)Lcom/sun/tools/javac/tree/JCTree; (23 bytes) @ 0x00007f746d38a99c [0x00007f746d38a900+0x9c]
J 1203 C1 com.sun.tools.javac.tree.TreeTranslator.translate(Lcom/sun/tools/javac/util/List;)Lcom/sun/tools/javac/util/List; (40 bytes) @ 0x00007f746d415cc4 [0x00007f746d415c00+0xc4]
j  com.sun.tools.javac.tree.TreeTranslator.visitBlock(Lcom/sun/tools/javac/tree/JCTree$JCBlock;)V+6
J 1003 C1 com.sun.tools.javac.tree.JCTree$JCBlock.accept(Lcom/sun/tools/javac/tree/JCTree$Visitor;)V (6 bytes) @ 0x00007f746d3ba0f4 [0x00007f746d3ba080+0x74]
J 909 C1 com.sun.tools.javac.tree.TreeTranslator.translate(Lcom/sun/tools/javac/tree/JCTree;)Lcom/sun/tools/javac/tree/JCTree; (23 bytes) @ 0x00007f746d38a99c [0x00007f746d38a900+0x9c]
j  com.sun.tools.javac.comp.TransTypes.visitWhileLoop(Lcom/sun/tools/javac/tree/JCTree$JCWhileLoop;)V+28
j  com.sun.tools.javac.tree.JCTree$JCWhileLoop.accept(Lcom/sun/tools/javac/tree/JCTree$Visitor;)V+2
J 909 C1 com.sun.tools.javac.tree.TreeTranslator.translate(Lcom/sun/tools/javac/tree/JCTree;)Lcom/sun/tools/javac/tree/JCTree; (23 bytes) @ 0x00007f746d38a99c [0x00007f746d38a900+0x9c]
J 1203 C1 com.sun.tools.javac.tree.TreeTranslator.translate(Lcom/sun/tools/javac/util/List;)Lcom/sun/tools/javac/util/List; (40 bytes) @ 0x00007f746d415cc4 [0x00007f746d415c00+0xc4]
j  com.sun.tools.javac.tree.TreeTranslator.visitBlock(Lcom/sun/tools/javac/tree/JCTree$JCBlock;)V+6
J 1003 C1 com.sun.tools.javac.tree.JCTree$JCBlock.accept(Lcom/sun/tools/javac/tree/JCTree$Visitor;)V (6 bytes) @ 0x00007f746d3ba0f4 [0x00007f746d3ba080+0x74]
J 1476 C1 com.sun.tools.javac.comp.TransTypes.translate(Lcom/sun/tools/javac/tree/JCTree;Lcom/sun/tools/javac/code/Type;)Lcom/sun/tools/javac/tree/JCTree; (35 bytes) @ 0x00007f746d4f65c4 [0x00007f746d4f6380+0x244]
j  com.sun.tools.javac.comp.TransTypes.visitMethodDef(Lcom/sun/tools/javac/tree/JCTree$JCMethodDecl;)V+94
J 1610 C1 com.sun.tools.javac.tree.JCTree$JCMethodDecl.accept(Lcom/sun/tools/javac/tree/JCTree$Visitor;)V (6 bytes) @ 0x00007f746d56420c [0x00007f746d564100+0x10c]
J 909 C1 com.sun.tools.javac.tree.TreeTranslator.translate(Lcom/sun/tools/javac/tree/JCTree;)Lcom/sun/tools/javac/tree/JCTree; (23 bytes) @ 0x00007f746d38a99c [0x00007f746d38a900+0x9c]
J 1203 C1 com.sun.tools.javac.tree.TreeTranslator.translate(Lcom/sun/tools/javac/util/List;)Lcom/sun/tools/javac/util/List; (40 bytes) @ 0x00007f746d415cc4 [0x00007f746d415c00+0xc4]
j  com.sun.tools.javac.tree.TreeTranslator.visitClassDef(Lcom/sun/tools/javac/tree/JCTree$JCClassDecl;)V+60
j  com.sun.tools.javac.comp.TransTypes.translateClass(Lcom/sun/tools/javac/code/Symbol$ClassSymbol;)V+260
j  com.sun.tools.javac.comp.TransTypes.visitClassDef(Lcom/sun/tools/javac/tree/JCTree$JCClassDecl;)V+5
j  com.sun.tools.javac.tree.JCTree$JCClassDecl.accept(Lcom/sun/tools/javac/tree/JCTree$Visitor;)V+2
J 1476 C1 com.sun.tools.javac.comp.TransTypes.translate(Lcom/sun/tools/javac/tree/JCTree;Lcom/sun/tools/javac/code/Type;)Lcom/sun/tools/javac/tree/JCTree; (35 bytes) @ 0x00007f746d4f65c4 [0x00007f746d4f6380+0x244]
j  com.sun.tools.javac.comp.TransTypes.translateTopLevelClass(Lcom/sun/tools/javac/tree/JCTree;Lcom/sun/tools/javac/tree/TreeMaker;)Lcom/sun/tools/javac/tree/JCTree;+13
j  com.sun.tools.javac.main.JavaCompiler.desugar(Lcom/sun/tools/javac/comp/Env;Ljava/util/Queue;)V+553
j  com.sun.tools.javac.main.JavaCompiler.desugar(Ljava/util/Queue;)Ljava/util/Queue;+39
j  com.sun.tools.javac.main.JavaCompiler.compile2()V+183
j  com.sun.tools.javac.main.JavaCompiler.compile(Lcom/sun/tools/javac/util/List;Lcom/sun/tools/javac/util/List;Ljava/lang/Iterable;)V+165
j  com.sun.tools.javac.main.Main.compile([Ljava/lang/String;[Ljava/lang/String;Lcom/sun/tools/javac/util/Context;Lcom/sun/tools/javac/util/List;Ljava/lang/Iterable;)Lcom/sun/tools/javac/main/Main$Result;+1299
j  com.sun.tools.javac.main.Main.compile([Ljava/lang/String;Lcom/sun/tools/javac/util/Context;Lcom/sun/tools/javac/util/List;Ljava/lang/Iterable;)Lcom/sun/tools/javac/main/Main$Result;+7
j  com.sun.tools.javac.main.Main.compile([Ljava/lang/String;Lcom/sun/tools/javac/util/Context;)Lcom/sun/tools/javac/main/Main$Result;+7
j  com.sun.tools.javac.main.Main.compile([Ljava/lang/String;)Lcom/sun/tools/javac/main/Main$Result;+15
j  com.sun.tools.javac.Main.compile([Ljava/lang/String;)I+12
j  com.sun.tools.javac.Main.main([Ljava/lang/String;)V+1
v  ~StubRoutines::call_stub
V  [libjvm.so+0x690dd6]  JavaCalls::call_helper(JavaValue*, methodHandle*, JavaCallArguments*, Thread*)+0x1056
V  [libjvm.so+0x6d21e2]  jni_invoke_static(JNIEnv_*, JavaValue*, _jobject*, JNICallType, _jmethodID*, JNI_ArgumentPusher*, Thread*)+0x362
V  [libjvm.so+0x6eea4a]  jni_CallStaticVoidMethod+0x17a
C  [libjli.so+0x7bdf]  JavaMain+0x81f
C  [libpthread.so.0+0x8064]  start_thread+0xc4


---------------  P R O C E S S  ---------------

Java Threads: ( => current thread )
  0x00007f747c0cc000 JavaThread "Service Thread" daemon [_thread_blocked, id=5199, stack(0x00007f74660d1000,0x00007f74661d2000)]
  0x00007f747c0b7800 JavaThread "C1 CompilerThread1" daemon [_thread_blocked, id=5198, stack(0x00007f74661d2000,0x00007f74662d3000)]
  0x00007f747c0b4800 JavaThread "C2 CompilerThread0" daemon [_thread_blocked, id=5197, stack(0x00007f74662d3000,0x00007f74663d4000)]
  0x00007f747c0b3000 JavaThread "Signal Dispatcher" daemon [_thread_blocked, id=5196, stack(0x00007f74663d4000,0x00007f74664d5000)]
  0x00007f747c07f800 JavaThread "Finalizer" daemon [_thread_blocked, id=5195, stack(0x00007f746665e000,0x00007f746675f000)]
  0x00007f747c07b000 JavaThread "Reference Handler" daemon [_thread_blocked, id=5194, stack(0x00007f746675f000,0x00007f7466860000)]
=>0x00007f747c00a000 JavaThread "main" [_thread_in_Java, id=5190, stack(0x00007f7483e3f000,0x00007f7483f40000)]

Other Threads:
  0x00007f747c073800 VMThread [stack: 0x00007f746c0f9000,0x00007f746c1fa000] [id=5193]
  0x00007f747c0cf000 WatcherThread [stack: 0x00007f7465fd0000,0x00007f74660d1000] [id=5200]

VM state:not at safepoint (normal execution)

VM Mutex/Monitor currently owned by a thread: None

Heap:
 PSYoungGen      total 18432K, used 6665K [0x00000000f0400000, 0x00000000f2200000, 0x0000000100000000)
  eden space 15360K, 25% used [0x00000000f0400000,0x00000000f07e43a8,0x00000000f1300000)
  from space 3072K, 87% used [0x00000000f1f00000,0x00000000f219e2e8,0x00000000f2200000)
  to   space 5120K, 0% used [0x00000000f1800000,0x00000000f1800000,0x00000000f1d00000)
 ParOldGen       total 10752K, used 5867K [0x00000000d0c00000, 0x00000000d1680000, 0x00000000f0400000)
  object space 10752K, 54% used [0x00000000d0c00000,0x00000000d11bafe8,0x00000000d1680000)
 Metaspace       used 9355K, capacity 9856K, committed 10112K, reserved 1058816K
  class space    used 1040K, capacity 1076K, committed 1152K, reserved 1048576K

Card table byte_map: [0x00007f7480a9e000,0x00007f7480c19000] byte_map_base: 0x00007f7480418000

Marking Bits: (ParMarkBitMap*) 0x00007f7483332c80
 Begin Bits: [0x00007f7466860000, 0x00007f7467430000)
 End Bits:   [0x00007f7467430000, 0x00007f7468000000)

Polling page: 0x00007f7483f5f000

CodeCache: size=245760Kb used=5562Kb max_used=5562Kb free=240197Kb
 bounds [0x00007f746d000000, 0x00007f746d580000, 0x00007f747c000000]
 total_blobs=1912 nmethods=1619 adapters=208
 compilation: enabled

Compilation events (10 events):
Event: 1,606 Thread 0x00007f747c0b7800 1619       2       com.sun.tools.javac.code.Type::isCompound (32 bytes)
Event: 1,606 Thread 0x00007f747c0b7800 nmethod 1619 0x00007f746d562c50 code [0x00007f746d562dc0, 0x00007f746d562f88]
Event: 1,606 Thread 0x00007f747c0b4800 1613       4       com.sun.tools.javac.comp.Flow$BaseAnalyzer::scan (27 bytes)
Event: 1,606 Thread 0x00007f747c0b7800 1616       3       com.sun.tools.javac.comp.TransTypes::erasure (9 bytes)
Event: 1,607 Thread 0x00007f747c0b7800 nmethod 1616 0x00007f746d566f50 code [0x00007f746d567120, 0x00007f746d567988]
Event: 1,607 Thread 0x00007f747c0b7800 1620       3       com.sun.tools.javac.comp.TransTypes::visitIdent (125 bytes)
Event: 1,607 Thread 0x00007f747c0b4800 nmethod 1613 0x00007f746d5628d0 code [0x00007f746d562a20, 0x00007f746d562ad8]
Event: 1,607 Thread 0x00007f747c0b4800 1617       4       com.sun.tools.javac.tree.JCTree$JCIdent::accept (6 bytes)
Event: 1,607 Thread 0x00007f747c0b4800 nmethod 1617 0x00007f746d56aa50 code [0x00007f746d56aba0, 0x00007f746d56ac18]
Event: 1,608 Thread 0x00007f747c0b7800 nmethod 1620 0x00007f746d569350 code [0x00007f746d5695a0, 0x00007f746d56a3b8]

GC Heap History (10 events):
Event: 0,524 GC heap before
{Heap before GC invocations=5 (full 0):
 PSYoungGen      total 6656K, used 6524K [0x00000000f0400000, 0x00000000f0b00000, 0x0000000100000000)
  eden space 6144K, 98% used [0x00000000f0400000,0x00000000f09e73a0,0x00000000f0a00000)
  from space 512K, 93% used [0x00000000f0a80000,0x00000000f0af8020,0x00000000f0b00000)
  to   space 512K, 0% used [0x00000000f0a00000,0x00000000f0a00000,0x00000000f0a80000)
 ParOldGen       total 5632K, used 873K [0x00000000d0c00000, 0x00000000d1180000, 0x00000000f0400000)
  object space 5632K, 15% used [0x00000000d0c00000,0x00000000d0cda560,0x00000000d1180000)
 Metaspace       used 7292K, capacity 8276K, committed 8448K, reserved 1056768K
  class space    used 877K, capacity 912K, committed 1024K, reserved 1048576K
Event: 0,537 GC heap after
Heap after GC invocations=5 (full 0):
 PSYoungGen      total 6656K, used 480K [0x00000000f0400000, 0x00000000f1400000, 0x0000000100000000)
  eden space 6144K, 0% used [0x00000000f0400000,0x00000000f0400000,0x00000000f0a00000)
  from space 512K, 93% used [0x00000000f0a00000,0x00000000f0a78020,0x00000000f0a80000)
  to   space 2048K, 0% used [0x00000000f1200000,0x00000000f1200000,0x00000000f1400000)
 ParOldGen       total 5632K, used 2353K [0x00000000d0c00000, 0x00000000d1180000, 0x00000000f0400000)
  object space 5632K, 41% used [0x00000000d0c00000,0x00000000d0e4c5e0,0x00000000d1180000)
 Metaspace       used 7292K, capacity 8276K, committed 8448K, reserved 1056768K
  class space    used 877K, capacity 912K, committed 1024K, reserved 1048576K
}
Event: 0,620 GC heap before
{Heap before GC invocations=6 (full 0):
 PSYoungGen      total 6656K, used 6200K [0x00000000f0400000, 0x00000000f1400000, 0x0000000100000000)
  eden space 6144K, 93% used [0x00000000f0400000,0x00000000f0996248,0x00000000f0a00000)
  from space 512K, 93% used [0x00000000f0a00000,0x00000000f0a78020,0x00000000f0a80000)
  to   space 2048K, 0% used [0x00000000f1200000,0x00000000f1200000,0x00000000f1400000)
 ParOldGen       total 5632K, used 2353K [0x00000000d0c00000, 0x00000000d1180000, 0x00000000f0400000)
  object space 5632K, 41% used [0x00000000d0c00000,0x00000000d0e4c5e0,0x00000000d1180000)
 Metaspace       used 7483K, capacity 8372K, committed 8704K, reserved 1056768K
  class space    used 890K, capacity 944K, committed 1024K, reserved 1048576K
Event: 0,629 GC heap after
Heap after GC invocations=6 (full 0):
 PSYoungGen      total 13312K, used 2040K [0x00000000f0400000, 0x00000000f1600000, 0x0000000100000000)
  eden space 11264K, 0% used [0x00000000f0400000,0x00000000f0400000,0x00000000f0f00000)
  from space 2048K, 99% used [0x00000000f1200000,0x00000000f13fe308,0x00000000f1400000)
  to   space 3072K, 0% used [0x00000000f0f00000,0x00000000f0f00000,0x00000000f1200000)
 ParOldGen       total 5632K, used 3691K [0x00000000d0c00000, 0x00000000d1180000, 0x00000000f0400000)
  object space 5632K, 65% used [0x00000000d0c00000,0x00000000d0f9ae80,0x00000000d1180000)
 Metaspace       used 7483K, capacity 8372K, committed 8704K, reserved 1056768K
  class space    used 890K, capacity 944K, committed 1024K, reserved 1048576K
}
Event: 0,910 GC heap before
{Heap before GC invocations=7 (full 0):
 PSYoungGen      total 13312K, used 13304K [0x00000000f0400000, 0x00000000f1600000, 0x0000000100000000)
  eden space 11264K, 100% used [0x00000000f0400000,0x00000000f0f00000,0x00000000f0f00000)
  from space 2048K, 99% used [0x00000000f1200000,0x00000000f13fe308,0x00000000f1400000)
  to   space 3072K, 0% used [0x00000000f0f00000,0x00000000f0f00000,0x00000000f1200000)
 ParOldGen       total 5632K, used 3691K [0x00000000d0c00000, 0x00000000d1180000, 0x00000000f0400000)
  object space 5632K, 65% used [0x00000000d0c00000,0x00000000d0f9ae80,0x00000000d1180000)
 Metaspace       used 8760K, capacity 9312K, committed 9600K, reserved 1058816K
  class space    used 1024K, capacity 1044K, committed 1152K, reserved 1048576K
Event: 0,928 GC heap after
Heap after GC invocations=7 (full 0):
 PSYoungGen      total 14336K, used 3064K [0x00000000f0400000, 0x00000000f2400000, 0x0000000100000000)
  eden space 11264K, 0% used [0x00000000f0400000,0x00000000f0400000,0x00000000f0f00000)
  from space 3072K, 99% used [0x00000000f0f00000,0x00000000f11fe308,0x00000000f1200000)
  to   space 5120K, 0% used [0x00000000f1f00000,0x00000000f1f00000,0x00000000f2400000)
 ParOldGen       total 6144K, used 5662K [0x00000000d0c00000, 0x00000000d1200000, 0x00000000f0400000)
  object space 6144K, 92% used [0x00000000d0c00000,0x00000000d1187a88,0x00000000d1200000)
 Metaspace       used 8760K, capacity 9312K, committed 9600K, reserved 1058816K
  class space    used 1024K, capacity 1044K, committed 1152K, reserved 1048576K
}
Event: 0,928 GC heap before
{Heap before GC invocations=8 (full 1):
 PSYoungGen      total 14336K, used 3064K [0x00000000f0400000, 0x00000000f2400000, 0x0000000100000000)
  eden space 11264K, 0% used [0x00000000f0400000,0x00000000f0400000,0x00000000f0f00000)
  from space 3072K, 99% used [0x00000000f0f00000,0x00000000f11fe308,0x00000000f1200000)
  to   space 5120K, 0% used [0x00000000f1f00000,0x00000000f1f00000,0x00000000f2400000)
 ParOldGen       total 6144K, used 5662K [0x00000000d0c00000, 0x00000000d1200000, 0x00000000f0400000)
  object space 6144K, 92% used [0x00000000d0c00000,0x00000000d1187a88,0x00000000d1200000)
 Metaspace       used 8760K, capacity 9312K, committed 9600K, reserved 1058816K
  class space    used 1024K, capacity 1044K, committed 1152K, reserved 1048576K
Event: 1,013 GC heap after
Heap after GC invocations=8 (full 1):
 PSYoungGen      total 14336K, used 2444K [0x00000000f0400000, 0x00000000f2400000, 0x0000000100000000)
  eden space 11264K, 0% used [0x00000000f0400000,0x00000000f0400000,0x00000000f0f00000)
  from space 3072K, 79% used [0x00000000f0f00000,0x00000000f1163098,0x00000000f1200000)
  to   space 5120K, 0% used [0x00000000f1f00000,0x00000000f1f00000,0x00000000f2400000)
 ParOldGen       total 10752K, used 5811K [0x00000000d0c00000, 0x00000000d1680000, 0x00000000f0400000)
  object space 10752K, 54% used [0x00000000d0c00000,0x00000000d11acfe8,0x00000000d1680000)
 Metaspace       used 8760K, capacity 9312K, committed 9600K, reserved 1058816K
  class space    used 1024K, capacity 1044K, committed 1152K, reserved 1048576K
}
Event: 1,462 GC heap before
{Heap before GC invocations=9 (full 1):
 PSYoungGen      total 14336K, used 13708K [0x00000000f0400000, 0x00000000f2400000, 0x0000000100000000)
  eden space 11264K, 100% used [0x00000000f0400000,0x00000000f0f00000,0x00000000f0f00000)
  from space 3072K, 79% used [0x00000000f0f00000,0x00000000f1163098,0x00000000f1200000)
  to   space 5120K, 0% used [0x00000000f1f00000,0x00000000f1f00000,0x00000000f2400000)
 ParOldGen       total 10752K, used 5811K [0x00000000d0c00000, 0x00000000d1680000, 0x00000000f0400000)
  object space 10752K, 54% used [0x00000000d0c00000,0x00000000d11acfe8,0x00000000d1680000)
 Metaspace       used 9247K, capacity 9792K, committed 10112K, reserved 1058816K
  class space    used 1039K, capacity 1076K, committed 1152K, reserved 1048576K
Event: 1,473 GC heap after
Heap after GC invocations=9 (full 1):
 PSYoungGen      total 18432K, used 2680K [0x00000000f0400000, 0x00000000f2200000, 0x0000000100000000)
  eden space 15360K, 0% used [0x00000000f0400000,0x00000000f0400000,0x00000000f1300000)
  from space 3072K, 87% used [0x00000000f1f00000,0x00000000f219e2e8,0x00000000f2200000)
  to   space 5120K, 0% used [0x00000000f1800000,0x00000000f1800000,0x00000000f1d00000)
 ParOldGen       total 10752K, used 5867K [0x00000000d0c00000, 0x00000000d1680000, 0x00000000f0400000)
  object space 10752K, 54% used [0x00000000d0c00000,0x00000000d11bafe8,0x00000000d1680000)
 Metaspace       used 9247K, capacity 9792K, committed 10112K, reserved 1058816K
  class space    used 1039K, capacity 1076K, committed 1152K, reserved 1048576K
}

Deoptimization events (10 events):
Event: 0,647 Thread 0x00007f747c00a000 Uncommon trap: reason=unstable_if action=reinterpret pc=0x00007f746d1358ac method=java.lang.String.startsWith(Ljava/lang/String;I)Z @ 25
Event: 0,829 Thread 0x00007f747c00a000 Uncommon trap: reason=unstable_if action=reinterpret pc=0x00007f746d1b4b80 method=sun.misc.MetaIndex.mayContain(Ljava/lang/String;)Z @ 38
Event: 0,829 Thread 0x00007f747c00a000 Uncommon trap: reason=unstable_if action=reinterpret pc=0x00007f746d16aa88 method=sun.misc.MetaIndex.mayContain(Ljava/lang/String;)Z @ 38
Event: 1,455 Thread 0x00007f747c00a000 Uncommon trap: reason=unstable_if action=reinterpret pc=0x00007f746d458fc4 method=java.util.HashMap.getNode(ILjava/lang/Object;)Ljava/util/HashMap$Node; @ 62
Event: 1,455 Thread 0x00007f747c00a000 Uncommon trap: reason=unstable_if action=reinterpret pc=0x00007f746d2bcf28 method=java.util.HashMap.getNode(ILjava/lang/Object;)Ljava/util/HashMap$Node; @ 62
Event: 1,563 Thread 0x00007f747c00a000 Uncommon trap: reason=unstable_if action=reinterpret pc=0x00007f746d4fc078 method=com.sun.tools.javac.code.Symbol$ClassSymbol.flags()J @ 4
Event: 1,605 Thread 0x00007f747c00a000 Uncommon trap: reason=class_check action=maybe_recompile pc=0x00007f746d536a64 method=com.sun.tools.javac.code.Type.isCompound()Z @ 14
Event: 1,605 Thread 0x00007f747c00a000 Uncommon trap: reason=class_check action=maybe_recompile pc=0x00007f746d536a64 method=com.sun.tools.javac.code.Type.isCompound()Z @ 14
Event: 1,605 Thread 0x00007f747c00a000 Uncommon trap: reason=class_check action=maybe_recompile pc=0x00007f746d536a64 method=com.sun.tools.javac.code.Type.isCompound()Z @ 14
Event: 1,605 Thread 0x00007f747c00a000 Uncommon trap: reason=class_check action=maybe_recompile pc=0x00007f746d536a64 method=com.sun.tools.javac.code.Type.isCompound()Z @ 14

Internal exceptions (10 events):
Event: 0,021 Thread 0x00007f747c00a000 Exception <a 'java/lang/NoSuchMethodError': Method sun.misc.Unsafe.defineClass(Ljava/lang/String;[BII)Ljava/lang/Class; name or signature does not match> (0x00000000f0407cd8) thrown at [/HUDSON3/workspace/8-2-build-linux-amd64/jdk8u121/8372/hotspot/src/sh
Event: 0,021 Thread 0x00007f747c00a000 Exception <a 'java/lang/NoSuchMethodError': Method sun.misc.Unsafe.prefetchRead(Ljava/lang/Object;J)V name or signature does not match> (0x00000000f0407fc0) thrown at [/HUDSON3/workspace/8-2-build-linux-amd64/jdk8u121/8372/hotspot/src/share/vm/prims/jni.c
Event: 0,104 Thread 0x00007f747c00a000 Exception <a 'java/security/PrivilegedActionException'> (0x00000000f0565278) thrown at [/HUDSON3/workspace/8-2-build-linux-amd64/jdk8u121/8372/hotspot/src/share/vm/prims/jvm.cpp, line 1390]
Event: 0,104 Thread 0x00007f747c00a000 Exception <a 'java/security/PrivilegedActionException'> (0x00000000f0565670) thrown at [/HUDSON3/workspace/8-2-build-linux-amd64/jdk8u121/8372/hotspot/src/share/vm/prims/jvm.cpp, line 1390]
Event: 0,105 Thread 0x00007f747c00a000 Exception <a 'java/security/PrivilegedActionException'> (0x00000000f0567cc0) thrown at [/HUDSON3/workspace/8-2-build-linux-amd64/jdk8u121/8372/hotspot/src/share/vm/prims/jvm.cpp, line 1390]
Event: 0,105 Thread 0x00007f747c00a000 Exception <a 'java/security/PrivilegedActionException'> (0x00000000f05680b8) thrown at [/HUDSON3/workspace/8-2-build-linux-amd64/jdk8u121/8372/hotspot/src/share/vm/prims/jvm.cpp, line 1390]
Event: 0,113 Thread 0x00007f747c00a000 Exception <a 'java/security/PrivilegedActionException'> (0x00000000f04129b0) thrown at [/HUDSON3/workspace/8-2-build-linux-amd64/jdk8u121/8372/hotspot/src/share/vm/prims/jvm.cpp, line 1390]
Event: 0,113 Thread 0x00007f747c00a000 Exception <a 'java/security/PrivilegedActionException'> (0x00000000f0412da8) thrown at [/HUDSON3/workspace/8-2-build-linux-amd64/jdk8u121/8372/hotspot/src/share/vm/prims/jvm.cpp, line 1390]
Event: 0,618 Thread 0x00007f747c00a000 Exception <a 'java/io/FileNotFoundException'> (0x00000000f0941278) thrown at [/HUDSON3/workspace/8-2-build-linux-amd64/jdk8u121/8372/hotspot/src/share/vm/prims/jni.cpp, line 709]
Event: 0,620 Thread 0x00007f747c00a000 Exception <a 'java/io/FileNotFoundException'> (0x00000000f098a6a0) thrown at [/HUDSON3/workspace/8-2-build-linux-amd64/jdk8u121/8372/hotspot/src/share/vm/prims/jni.cpp, line 709]

Events (10 events):
Event: 1,605 Thread 0x00007f747c00a000 DEOPT UNPACKING pc=0x00007f746d004f69 sp=0x00007f7483f3dfa8 mode 2
Event: 1,605 Thread 0x00007f747c00a000 Uncommon trap: trap_request=0xffffffde fr.pc=0x00007f746d536a64
Event: 1,605 Thread 0x00007f747c00a000 DEOPT PACKING pc=0x00007f746d536a64 sp=0x00007f7483f3deb0
Event: 1,605 Thread 0x00007f747c00a000 DEOPT UNPACKING pc=0x00007f746d004f69 sp=0x00007f7483f3de68 mode 2
Event: 1,605 Thread 0x00007f747c00a000 Uncommon trap: trap_request=0xffffffde fr.pc=0x00007f746d536a64
Event: 1,605 Thread 0x00007f747c00a000 DEOPT PACKING pc=0x00007f746d536a64 sp=0x00007f7483f3dec0
Event: 1,605 Thread 0x00007f747c00a000 DEOPT UNPACKING pc=0x00007f746d004f69 sp=0x00007f7483f3de78 mode 2
Event: 1,605 Thread 0x00007f747c00a000 Uncommon trap: trap_request=0xffffffde fr.pc=0x00007f746d536a64
Event: 1,605 Thread 0x00007f747c00a000 DEOPT PACKING pc=0x00007f746d536a64 sp=0x00007f7483f3dd80
Event: 1,605 Thread 0x00007f747c00a000 DEOPT UNPACKING pc=0x00007f746d004f69 sp=0x00007f7483f3dd38 mode 2


Dynamic libraries:
00400000-00401000 r-xp 00000000 08:01 4995247                            /usr/lib/jvm/java-8-oracle/bin/javac
00600000-00601000 rw-p 00000000 08:01 4995247                            /usr/lib/jvm/java-8-oracle/bin/javac
0160d000-0162e000 rw-p 00000000 00:00 0                                  [heap]
d0c00000-d1680000 rw-p 00000000 00:00 0 
d1680000-f0400000 ---p 00000000 00:00 0 
f0400000-f2200000 rw-p 00000000 00:00 0 
f2200000-100000000 ---p 00000000 00:00 0 
100000000-100120000 rw-p 00000000 00:00 0 
100120000-140000000 ---p 00000000 00:00 0 
7f743c000000-7f743c021000 rw-p 00000000 00:00 0 
7f743c021000-7f7440000000 ---p 00000000 00:00 0 
7f7444000000-7f744489f000 rw-p 00000000 00:00 0 
7f744489f000-7f7448000000 ---p 00000000 00:00 0 
7f7448000000-7f7448021000 rw-p 00000000 00:00 0 
7f7448021000-7f744c000000 ---p 00000000 00:00 0 
7f744c000000-7f744c021000 rw-p 00000000 00:00 0 
7f744c021000-7f7450000000 ---p 00000000 00:00 0 
7f7450000000-7f74508f4000 rw-p 00000000 00:00 0 
7f74508f4000-7f7454000000 ---p 00000000 00:00 0 
7f7454000000-7f7454021000 rw-p 00000000 00:00 0 
7f7454021000-7f7458000000 ---p 00000000 00:00 0 
7f7458000000-7f7458021000 rw-p 00000000 00:00 0 
7f7458021000-7f745c000000 ---p 00000000 00:00 0 
7f745c000000-7f745c021000 rw-p 00000000 00:00 0 
7f745c021000-7f7460000000 ---p 00000000 00:00 0 
7f7460000000-7f7460021000 rw-p 00000000 00:00 0 
7f7460021000-7f7464000000 ---p 00000000 00:00 0 
7f7465dd0000-7f7465e90000 rw-p 00000000 00:00 0 
7f7465e90000-7f7465fd0000 ---p 00000000 00:00 0 
7f7465fd0000-7f7465fd1000 ---p 00000000 00:00 0 
7f7465fd1000-7f74660d1000 rw-p 00000000 00:00 0                          [stack:5200]
7f74660d1000-7f74660d4000 ---p 00000000 00:00 0 
7f74660d4000-7f74661d2000 rw-p 00000000 00:00 0                          [stack:5199]
7f74661d2000-7f74661d5000 ---p 00000000 00:00 0 
7f74661d5000-7f74662d3000 rw-p 00000000 00:00 0                          [stack:5198]
7f74662d3000-7f74662d6000 ---p 00000000 00:00 0 
7f74662d6000-7f74663d4000 rw-p 00000000 00:00 0                          [stack:5197]
7f74663d4000-7f74663d7000 ---p 00000000 00:00 0 
7f74663d7000-7f74664d5000 rw-p 00000000 00:00 0                          [stack:5196]
7f74664d5000-7f746665e000 r--p 00000000 08:01 4460371                    /usr/lib/locale/locale-archive
7f746665e000-7f7466661000 ---p 00000000 00:00 0 
7f7466661000-7f746675f000 rw-p 00000000 00:00 0                          [stack:5195]
7f746675f000-7f7466762000 ---p 00000000 00:00 0 
7f7466762000-7f7468000000 rw-p 00000000 00:00 0                          [stack:5194]
7f7468000000-7f7468021000 rw-p 00000000 00:00 0 
7f7468021000-7f746c000000 ---p 00000000 00:00 0 
7f746c07f000-7f746c0f9000 r--s 010f6000 08:01 4596462                    /usr/lib/jvm/java-8-oracle/lib/tools.jar
7f746c0f9000-7f746c0fa000 ---p 00000000 00:00 0 
7f746c0fa000-7f746d000000 rw-p 00000000 00:00 0                          [stack:5193]
7f746d000000-7f746d580000 rwxp 00000000 00:00 0 
7f746d580000-7f747c000000 ---p 00000000 00:00 0 
7f747c000000-7f747c6c7000 rw-p 00000000 00:00 0 
7f747c6c7000-7f7480000000 ---p 00000000 00:00 0 
7f7480027000-7f7480031000 r--s 00116000 08:01 5783706                    /usr/lib/jvm/java-8-oracle/jre/lib/ext/localedata.jar
7f7480031000-7f748004d000 r--s 00393000 08:01 5783709                    /usr/lib/jvm/java-8-oracle/jre/lib/ext/cldrdata.jar
7f748004d000-7f7480071000 r--p 00000000 08:01 4460361                    /usr/share/locale/it/LC_MESSAGES/libc.mo
7f7480071000-7f74803d7000 rw-p 00000000 00:00 0 
7f74803d7000-7f74805b0000 r--s 03d3e000 08:01 5251199                    /usr/lib/jvm/java-8-oracle/jre/lib/rt.jar
7f74805b0000-7f74807a0000 rw-p 00000000 00:00 0 
7f74807a0000-7f74807a1000 ---p 00000000 00:00 0 
7f74807a1000-7f74808a1000 rw-p 00000000 00:00 0                          [stack:5192]
7f74808a1000-7f74808a2000 ---p 00000000 00:00 0 
7f74808a2000-7f74809a8000 rw-p 00000000 00:00 0                          [stack:5191]
7f74809a8000-7f7480a9e000 ---p 00000000 00:00 0 
7f7480a9e000-7f7480aa4000 rw-p 00000000 00:00 0 
7f7480aa4000-7f7480b9a000 ---p 00000000 00:00 0 
7f7480b9a000-7f7480ba9000 rw-p 00000000 00:00 0 
7f7480ba9000-7f7480c18000 ---p 00000000 00:00 0 
7f7480c18000-7f7480c2f000 rw-p 00000000 00:00 0 
7f7480c2f000-7f7480fd9000 ---p 00000000 00:00 0 
7f7480fd9000-7f7480ff3000 r-xp 00000000 08:01 5251230                    /usr/lib/jvm/java-8-oracle/jre/lib/amd64/libzip.so
7f7480ff3000-7f74811f3000 ---p 0001a000 08:01 5251230                    /usr/lib/jvm/java-8-oracle/jre/lib/amd64/libzip.so
7f74811f3000-7f74811f4000 rw-p 0001a000 08:01 5251230                    /usr/lib/jvm/java-8-oracle/jre/lib/amd64/libzip.so
7f74811f4000-7f74811ff000 r-xp 00000000 08:01 4328379                    /lib/x86_64-linux-gnu/libnss_files-2.19.so
7f74811ff000-7f74813fe000 ---p 0000b000 08:01 4328379                    /lib/x86_64-linux-gnu/libnss_files-2.19.so
7f74813fe000-7f74813ff000 r--p 0000a000 08:01 4328379                    /lib/x86_64-linux-gnu/libnss_files-2.19.so
7f74813ff000-7f7481400000 rw-p 0000b000 08:01 4328379                    /lib/x86_64-linux-gnu/libnss_files-2.19.so
7f7481400000-7f748140a000 r-xp 00000000 08:01 4328381                    /lib/x86_64-linux-gnu/libnss_nis-2.19.so
7f748140a000-7f7481609000 ---p 0000a000 08:01 4328381                    /lib/x86_64-linux-gnu/libnss_nis-2.19.so
7f7481609000-7f748160a000 r--p 00009000 08:01 4328381                    /lib/x86_64-linux-gnu/libnss_nis-2.19.so
7f748160a000-7f748160b000 rw-p 0000a000 08:01 4328381                    /lib/x86_64-linux-gnu/libnss_nis-2.19.so
7f748160b000-7f7481620000 r-xp 00000000 08:01 4328376                    /lib/x86_64-linux-gnu/libnsl-2.19.so
7f7481620000-7f748181f000 ---p 00015000 08:01 4328376                    /lib/x86_64-linux-gnu/libnsl-2.19.so
7f748181f000-7f7481820000 r--p 00014000 08:01 4328376                    /lib/x86_64-linux-gnu/libnsl-2.19.so
7f7481820000-7f7481821000 rw-p 00015000 08:01 4328376                    /lib/x86_64-linux-gnu/libnsl-2.19.so
7f7481821000-7f7481823000 rw-p 00000000 00:00 0 
7f7481823000-7f748182a000 r-xp 00000000 08:01 4328377                    /lib/x86_64-linux-gnu/libnss_compat-2.19.so
7f748182a000-7f7481a29000 ---p 00007000 08:01 4328377                    /lib/x86_64-linux-gnu/libnss_compat-2.19.so
7f7481a29000-7f7481a2a000 r--p 00006000 08:01 4328377                    /lib/x86_64-linux-gnu/libnss_compat-2.19.so
7f7481a2a000-7f7481a2b000 rw-p 00007000 08:01 4328377                    /lib/x86_64-linux-gnu/libnss_compat-2.19.so
7f7481a2b000-7f7481a56000 r-xp 00000000 08:01 5251255                    /usr/lib/jvm/java-8-oracle/jre/lib/amd64/libjava.so
7f7481a56000-7f7481c55000 ---p 0002b000 08:01 5251255                    /usr/lib/jvm/java-8-oracle/jre/lib/amd64/libjava.so
7f7481c55000-7f7481c57000 rw-p 0002a000 08:01 5251255                    /usr/lib/jvm/java-8-oracle/jre/lib/amd64/libjava.so
7f7481c57000-7f7481c64000 r-xp 00000000 08:01 5251208                    /usr/lib/jvm/java-8-oracle/jre/lib/amd64/libverify.so
7f7481c64000-7f7481e63000 ---p 0000d000 08:01 5251208                    /usr/lib/jvm/java-8-oracle/jre/lib/amd64/libverify.so
7f7481e63000-7f7481e65000 rw-p 0000c000 08:01 5251208                    /usr/lib/jvm/java-8-oracle/jre/lib/amd64/libverify.so
7f7481e65000-7f7481e6c000 r-xp 00000000 08:01 4328385                    /lib/x86_64-linux-gnu/librt-2.19.so
7f7481e6c000-7f748206b000 ---p 00007000 08:01 4328385                    /lib/x86_64-linux-gnu/librt-2.19.so
7f748206b000-7f748206c000 r--p 00006000 08:01 4328385                    /lib/x86_64-linux-gnu/librt-2.19.so
7f748206c000-7f748206d000 rw-p 00007000 08:01 4328385                    /lib/x86_64-linux-gnu/librt-2.19.so
7f748206d000-7f748216d000 r-xp 00000000 08:01 4328374                    /lib/x86_64-linux-gnu/libm-2.19.so
7f748216d000-7f748236c000 ---p 00100000 08:01 4328374                    /lib/x86_64-linux-gnu/libm-2.19.so
7f748236c000-7f748236d000 r--p 000ff000 08:01 4328374                    /lib/x86_64-linux-gnu/libm-2.19.so
7f748236d000-7f748236e000 rw-p 00100000 08:01 4328374                    /lib/x86_64-linux-gnu/libm-2.19.so
7f748236e000-7f748303c000 r-xp 00000000 08:01 5516074                    /usr/lib/jvm/java-8-oracle/jre/lib/amd64/server/libjvm.so
7f748303c000-7f748323c000 ---p 00cce000 08:01 5516074                    /usr/lib/jvm/java-8-oracle/jre/lib/amd64/server/libjvm.so
7f748323c000-7f7483315000 rw-p 00cce000 08:01 5516074                    /usr/lib/jvm/java-8-oracle/jre/lib/amd64/server/libjvm.so
7f7483315000-7f7483360000 rw-p 00000000 00:00 0 
7f7483360000-7f7483501000 r-xp 00000000 08:01 4328370                    /lib/x86_64-linux-gnu/libc-2.19.so
7f7483501000-7f7483701000 ---p 001a1000 08:01 4328370                    /lib/x86_64-linux-gnu/libc-2.19.so
7f7483701000-7f7483705000 r--p 001a1000 08:01 4328370                    /lib/x86_64-linux-gnu/libc-2.19.so
7f7483705000-7f7483707000 rw-p 001a5000 08:01 4328370                    /lib/x86_64-linux-gnu/libc-2.19.so
7f7483707000-7f748370b000 rw-p 00000000 00:00 0 
7f748370b000-7f748370e000 r-xp 00000000 08:01 4328373                    /lib/x86_64-linux-gnu/libdl-2.19.so
7f748370e000-7f748390d000 ---p 00003000 08:01 4328373                    /lib/x86_64-linux-gnu/libdl-2.19.so
7f748390d000-7f748390e000 r--p 00002000 08:01 4328373                    /lib/x86_64-linux-gnu/libdl-2.19.so
7f748390e000-7f748390f000 rw-p 00003000 08:01 4328373                    /lib/x86_64-linux-gnu/libdl-2.19.so
7f748390f000-7f7483924000 r-xp 00000000 08:01 4725419                    /usr/lib/jvm/java-8-oracle/lib/amd64/jli/libjli.so
7f7483924000-7f7483b24000 ---p 00015000 08:01 4725419                    /usr/lib/jvm/java-8-oracle/lib/amd64/jli/libjli.so
7f7483b24000-7f7483b25000 rw-p 00015000 08:01 4725419                    /usr/lib/jvm/java-8-oracle/lib/amd64/jli/libjli.so
7f7483b25000-7f7483b3d000 r-xp 00000000 08:01 4328366                    /lib/x86_64-linux-gnu/libpthread-2.19.so
7f7483b3d000-7f7483d3c000 ---p 00018000 08:01 4328366                    /lib/x86_64-linux-gnu/libpthread-2.19.so
7f7483d3c000-7f7483d3d000 r--p 00017000 08:01 4328366                    /lib/x86_64-linux-gnu/libpthread-2.19.so
7f7483d3d000-7f7483d3e000 rw-p 00018000 08:01 4328366                    /lib/x86_64-linux-gnu/libpthread-2.19.so
7f7483d3e000-7f7483d42000 rw-p 00000000 00:00 0 
7f7483d42000-7f7483d62000 r-xp 00000000 08:01 4328367                    /lib/x86_64-linux-gnu/ld-2.19.so
7f7483d66000-7f7483d6d000 r--s 00000000 08:01 4462525                    /usr/lib/x86_64-linux-gnu/gconv/gconv-modules.cache
7f7483d6d000-7f7483e3f000 rw-p 00000000 00:00 0 
7f7483e3f000-7f7483e42000 ---p 00000000 00:00 0 
7f7483e42000-7f7483f45000 rw-p 00000000 00:00 0                          [stack:5190]
7f7483f45000-7f7483f56000 rw-p 00000000 00:00 0 
7f7483f56000-7f7483f5e000 rw-s 00000000 08:01 5118144                    /tmp/hsperfdata_antonio/5189
7f7483f5e000-7f7483f5f000 rw-p 00000000 00:00 0 
7f7483f5f000-7f7483f60000 r--p 00000000 00:00 0 
7f7483f60000-7f7483f62000 rw-p 00000000 00:00 0 
7f7483f62000-7f7483f63000 r--p 00020000 08:01 4328367                    /lib/x86_64-linux-gnu/ld-2.19.so
7f7483f63000-7f7483f64000 rw-p 00021000 08:01 4328367                    /lib/x86_64-linux-gnu/ld-2.19.so
7f7483f64000-7f7483f65000 rw-p 00000000 00:00 0 
7ffeb27f2000-7ffeb2813000 rw-p 00000000 00:00 0                          [stack]
7ffeb29d4000-7ffeb29d6000 r-xp 00000000 00:00 0                          [vdso]
7ffeb29d6000-7ffeb29d8000 r--p 00000000 00:00 0                          [vvar]
ffffffffff600000-ffffffffff601000 r-xp 00000000 00:00 0                  [vsyscall]

VM Arguments:
jvm_args: -Dapplication.home=/usr/lib/jvm/java-8-oracle -Xms8m 
java_command: com.sun.tools.javac.Main -g -nowarn -classpath /usr/class/cs143/cool/lib:. AbstractSymbol.java AbstractTable.java BoolConst.java CgenClassTable.java CgenNode.java CgenSupport.java ClassTable.java CoolTokenLexer.java Flags.java IdSymbol.java IdTable.java IntSymbol.java IntTable.java ListNode.java Parser.java StringSymbol.java StringTable.java SymbolTable.java TreeConstants.java TreeNode.java Utilities.java cool-tree.java CoolParser.java TokenConstants.java
java_class_path (initial): /usr/lib/jvm/java-8-oracle/lib/tools.jar:/usr/lib/jvm/java-8-oracle/classes
Launcher Type: SUN_STANDARD

Environment Variables:
JAVA_HOME=/usr/lib/jvm/java-8-oracle
PATH=/usr/class/cs143/cool/bin:/usr/local/bin:/usr/bin:/bin:/usr/local/games:/usr/games:/usr/lib/jvm/java-8-oracle/bin:/usr/lib/jvm/java-8-oracle/db/bin:/usr/lib/jvm/java-8-oracle/jre/bin
USERNAME=antonio
SHELL=/bin/bash
DISPLAY=:0.0

Signal Handlers:
SIGSEGV: [libjvm.so+0xac78c0], sa_mask[0]=11111111011111111101111111111110, sa_flags=SA_RESTART|SA_SIGINFO
SIGBUS: [libjvm.so+0xac78c0], sa_mask[0]=11111111011111111101111111111110, sa_flags=SA_RESTART|SA_SIGINFO
SIGFPE: [libjvm.so+0x920ac0], sa_mask[0]=11111111011111111101111111111110, sa_flags=SA_RESTART|SA_SIGINFO
SIGPIPE: [libjvm.so+0x920ac0], sa_mask[0]=11111111011111111101111111111110, sa_flags=SA_RESTART|SA_SIGINFO
SIGXFSZ: [libjvm.so+0x920ac0], sa_mask[0]=11111111011111111101111111111110, sa_flags=SA_RESTART|SA_SIGINFO
SIGILL: [libjvm.so+0x920ac0], sa_mask[0]=11111111011111111101111111111110, sa_flags=SA_RESTART|SA_SIGINFO
SIGUSR1: SIG_DFL, sa_mask[0]=00000000000000000000000000000000, sa_flags=none
SIGUSR2: [libjvm.so+0x922300], sa_mask[0]=00000000000000000000000000000000, sa_flags=SA_RESTART|SA_SIGINFO
SIGHUP: [libjvm.so+0x923700], sa_mask[0]=11111111011111111101111111111110, sa_flags=SA_RESTART|SA_SIGINFO
SIGINT: [libjvm.so+0x923700], sa_mask[0]=11111111011111111101111111111110, sa_flags=SA_RESTART|SA_SIGINFO
SIGTERM: [libjvm.so+0x923700], sa_mask[0]=11111111011111111101111111111110, sa_flags=SA_RESTART|SA_SIGINFO
SIGQUIT: [libjvm.so+0x923700], sa_mask[0]=11111111011111111101111111111110, sa_flags=SA_RESTART|SA_SIGINFO


---------------  S Y S T E M  ---------------

OS:PRETTY_NAME="Debian GNU/Linux 8 (jessie)"
NAME="Debian GNU/Linux"
VERSION_ID="8"
VERSION="8 (jessie)"
ID=debian
HOME_URL="http://www.debian.org/"
SUPPORT_URL="http://www.debian.org/support"
BUG_REPORT_URL="https://bugs.debian.org/"

uname:Linux 3.16.0-4-amd64 #1 SMP Debian 3.16.39-1 (2016-12-30) x86_64
libc:glibc 2.19 NPTL 2.19 
rlimit: STACK 8192k, CORE 0k, NPROC 12009, NOFILE 65536, AS infinity
load average:0,90 0,60 0,43

/proc/meminfo:
MemTotal:        3091540 kB
MemFree:         1383108 kB
MemAvailable:    2163696 kB
Buffers:          136656 kB
Cached:           751868 kB
SwapCached:            0 kB
Active:          1105748 kB
Inactive:         403544 kB
Active(anon):     621804 kB
Inactive(anon):    27496 kB
Active(file):     483944 kB
Inactive(file):   376048 kB
Unevictable:         112 kB
Mlocked:             112 kB
SwapTotal:       6286332 kB
SwapFree:        6286332 kB
Dirty:               304 kB
Writeback:             0 kB
AnonPages:        620852 kB
Mapped:           352504 kB
Shmem:             28536 kB
Slab:             100120 kB
SReclaimable:      66436 kB
SUnreclaim:        33684 kB
KernelStack:        5632 kB
PageTables:        21900 kB
NFS_Unstable:          0 kB
Bounce:                0 kB
WritebackTmp:          0 kB
CommitLimit:     7832100 kB
Committed_AS:    2836760 kB
VmallocTotal:   34359738367 kB
VmallocUsed:       84628 kB
VmallocChunk:   34359650940 kB
HardwareCorrupted:     0 kB
AnonHugePages:         0 kB
HugePages_Total:       0
HugePages_Free:        0
HugePages_Rsvd:        0
HugePages_Surp:        0
Hugepagesize:       2048 kB
DirectMap4k:      154560 kB
DirectMap2M:     2990080 kB


CPU:total 2 (2 cores per cpu, 1 threads per core) family 6 model 23 stepping 6, cmov, cx8, fxsr, mmx, sse, sse2, sse3, ssse3, sse4.1, tsc

/proc/cpuinfo:
processor	: 0
vendor_id	: GenuineIntel
cpu family	: 6
model		: 23
model name	: Intel(R) Core(TM)2 Duo CPU     E8500  @ 3.16GHz
stepping	: 6
microcode	: 0x606
cpu MHz		: 3166.573
cache size	: 6144 KB
physical id	: 0
siblings	: 2
core id		: 0
cpu cores	: 2
apicid		: 0
initial apicid	: 0
fpu		: yes
fpu_exception	: yes
cpuid level	: 10
wp		: yes
flags		: fpu vme de pse tsc msr pae mce cx8 apic sep mtrr pge mca cmov pat pse36 clflush dts acpi mmx fxsr sse sse2 ss ht tm pbe syscall nx lm constant_tsc arch_perfmon pebs bts rep_good nopl aperfmperf pni dtes64 monitor ds_cpl vmx smx est tm2 ssse3 cx16 xtpr pdcm sse4_1 lahf_lm dtherm tpr_shadow vnmi flexpriority
bogomips	: 6333.14
clflush size	: 64
cache_alignment	: 64
address sizes	: 36 bits physical, 48 bits virtual
power management:

processor	: 1
vendor_id	: GenuineIntel
cpu family	: 6
model		: 23
model name	: Intel(R) Core(TM)2 Duo CPU     E8500  @ 3.16GHz
stepping	: 6
microcode	: 0x606
cpu MHz		: 3166.573
cache size	: 6144 KB
physical id	: 0
siblings	: 2
core id		: 1
cpu cores	: 2
apicid		: 1
initial apicid	: 1
fpu		: yes
fpu_exception	: yes
cpuid level	: 10
wp		: yes
flags		: fpu vme de pse tsc msr pae mce cx8 apic sep mtrr pge mca cmov pat pse36 clflush dts acpi mmx fxsr sse sse2 ss ht tm pbe syscall nx lm constant_tsc arch_perfmon pebs bts rep_good nopl aperfmperf pni dtes64 monitor ds_cpl vmx smx est tm2 ssse3 cx16 xtpr pdcm sse4_1 lahf_lm dtherm tpr_shadow vnmi flexpriority
bogomips	: 6333.14
clflush size	: 64
cache_alignment	: 64
address sizes	: 36 bits physical, 48 bits virtual
power management:



Memory: 4k page, physical 3091540k(1383108k free), swap 6286332k(6286332k free)

vm_info: Java HotSpot(TM) 64-Bit Server VM (25.121-b13) for linux-amd64 JRE (1.8.0_121-b13), built on Dec 12 2016 16:36:53 by "java_re" with gcc 4.3.0 20080428 (Red Hat 4.3.0-8)

time: Fri Apr 14 17:14:20 2017
elapsed time: 1 seconds (0d 0h 0m 1s)

