#
# A fatal error has been detected by the Java Runtime Environment:
#
#  SIGSEGV (0xb) at pc=0x00007f7a397bb060, pid=11918, tid=0x00007f7a8e8ba700
#
# JRE version: Java(TM) SE Runtime Environment (8.0_121-b13) (build 1.8.0_121-b13)
# Java VM: Java HotSpot(TM) 64-Bit Server VM (25.121-b13 mixed mode linux-amd64 compressed oops)
# Problematic frame:
# C  0x00007f7a397bb060
#
# Failed to write core dump. Core dumps have been disabled. To enable core dumping, try "ulimit -c unlimited" before starting Java again
#
# If you would like to submit a bug report, please visit:
#   http://bugreport.java.com/bugreport/crash.jsp
#

---------------  T H R E A D  ---------------

Current thread (0x00007f7a8800a000):  JavaThread "main" [_thread_in_Java, id=11919, stack(0x00007f7a8e7ba000,0x00007f7a8e8bb000)]

siginfo: si_signo: 11 (SIGSEGV), si_code: 1 (SEGV_MAPERR), si_addr: 0x00007f7a397bb060

Registers:
RAX=0x00007f7a724264c8, RBX=0x00007f7a724264c8, RCX=0x00000000f07ef540, RDX=0x0000000000000000
RSP=0x00007f7a8e8b82a8, RBP=0x00007f7a8e8b8308, RSI=0x00000000f07ef540, RDI=0x00007f7a7264aec8
R8 =0x0000000000000000, R9 =0x0000000000000004, R10=0x00007f7a8dcb0800, R11=0x00007f7a78b53fa0
R12=0x0000000000000000, R13=0x00007f7a8e8b82b8, R14=0x0000000000000000, R15=0x00007f7a8800a000
RIP=0x00007f7a397bb060, EFLAGS=0x0000000000010202, CSGSFS=0x0000000000000033, ERR=0x0000000000000014
  TRAPNO=0x000000000000000e

Top of Stack: (sp=0x00007f7a8e8b82a8)
0x00007f7a8e8b82a8:   00007f7a787bdffd 00007f7a787bdffd
0x00007f7a8e8b82b8:   0000000000000000 00000000f07ef540
0x00007f7a8e8b82c8:   00007f7a8e8b82c8 00007f7a7242776d
0x00007f7a8e8b82d8:   00007f7a8e8b8320 00007f7a724fb110
0x00007f7a8e8b82e8:   0000000000000000 00007f7a72427780
0x00007f7a8e8b82f8:   00007f7a8e8b82b8 00007f7a8e8b8318
0x00007f7a8e8b8308:   00007f7a8e8b8368 00007f7a787bdffd
0x00007f7a8e8b8318:   00000000d0dacf18 00000000f07ef540
0x00007f7a8e8b8328:   00007f7a8e8b8328 00007f7a7241eb0a
0x00007f7a8e8b8338:   00007f7a8e8b8380 00007f7a725db1b8
0x00007f7a8e8b8348:   00007f7a7083cd90 00007f7a7241eb18
0x00007f7a8e8b8358:   00007f7a8e8b8318 00007f7a8e8b8390
0x00007f7a8e8b8368:   00007f7a8e8b84e8 00007f7a78b540c4
0x00007f7a8e8b8378:   00000000f07ef540 00000000d0dacf18
0x00007f7a8e8b8388:   00007f7a78b540c4 00007f7a8e8b8cb0
0x00007f7a8e8b8398:   ffffffff00000003 00007f7a88026580
0x00007f7a8e8b83a8:   00007f7a880075a0 00007f7a8e8b83d0
0x00007f7a8e8b83b8:   00007f7a8d5cfd39 00007f7a8e8b84e8
0x00007f7a8e8b83c8:   00007f7a78bd8804 00007f7a72480c88
0x00007f7a8e8b83d8:   00007f7a8800a000 00007f7a72480c88
0x00007f7a8e8b83e8:   00007f7a8800a000 00007f7a8e8b8a90
0x00007f7a8e8b83f8:   00007f7a8800a000 00007f7a8e8b84e8
0x00007f7a8e8b8408:   00007f7a78ba790c 00007f7a8e8b8440
0x00007f7a8e8b8418:   00007f7a880075a0 0000000000000000
0x00007f7a8e8b8428:   00007f7a8800a000 00007f7a72480c88
0x00007f7a8e8b8438:   00007f7a8e8b8438 00007f7a8e8b84e8
0x00007f7a8e8b8448:   00007f7a78b540c4 00007f7a724fb110
0x00007f7a8e8b8458:   00007f7a7083cc38 00007f7a72428058
0x00007f7a8e8b8468:   0000000000000000 00000000f07ef540
0x00007f7a8e8b8478:   00007f7a8e8b85c8 00007f7a8e8b84e8
0x00007f7a8e8b8488:   00007f7a787bdffd 00007f7a787bdffd
0x00007f7a8e8b8498:   00000000d0dacef8 00000000f07ef540 

Instructions: (pc=0x00007f7a397bb060)
0x00007f7a397bb040:   
[error occurred during error reporting (printing registers, top of stack, instructions near pc), id 0xb]

Register to memory mapping:

RAX={method} {0x00007f7a724264c8} 'scan' '(Lcom/sun/tools/javac/tree/JCTree;)V' in 'com/sun/tools/javac/tree/TreeScanner'
RBX={method} {0x00007f7a724264c8} 'scan' '(Lcom/sun/tools/javac/tree/JCTree;)V' in 'com/sun/tools/javac/tree/TreeScanner'
RCX=0x00000000f07ef540 is an oop
com.sun.tools.javac.main.JavaCompiler$1ScanNested 
 - klass: 'com/sun/tools/javac/main/JavaCompiler$1ScanNested'
RDX=0x0000000000000000 is an unknown value
RSP=0x00007f7a8e8b82a8 is pointing into the stack for thread: 0x00007f7a8800a000
RBP=0x00007f7a8e8b8308 is pointing into the stack for thread: 0x00007f7a8800a000
RSI=0x00000000f07ef540 is an oop
com.sun.tools.javac.main.JavaCompiler$1ScanNested 
 - klass: 'com/sun/tools/javac/main/JavaCompiler$1ScanNested'
RDI=0x00007f7a7264aec8 is pointing into metadata
R8 =0x0000000000000000 is an unknown value
R9 =0x0000000000000004 is an unknown value
R10=0x00007f7a8dcb0800: <offset 0xfc7800> in /usr/lib/jvm/java-8-oracle/jre/lib/amd64/server/libjvm.so at 0x00007f7a8cce9000
R11=0x00007f7a78b53fa0 is at entry_point+32 in (nmethod*)0x00007f7a78b53e10
R12=0x0000000000000000 is an unknown value
R13=0x00007f7a8e8b82b8 is pointing into the stack for thread: 0x00007f7a8800a000
R14=0x0000000000000000 is an unknown value
R15=0x00007f7a8800a000 is a thread


Stack: [0x00007f7a8e7ba000,0x00007f7a8e8bb000],  sp=0x00007f7a8e8b82a8,  free space=1016k
Native frames: (J=compiled Java code, j=interpreted, Vv=VM code, C=native code)
C  0x00007f7a397bb060
j  com.sun.tools.javac.tree.JCTree$JCNewClass.accept(Lcom/sun/tools/javac/tree/JCTree$Visitor;)V+2
J 909 C1 com.sun.tools.javac.tree.TreeScanner.scan(Lcom/sun/tools/javac/tree/JCTree;)V (10 bytes) @ 0x00007f7a78b540c4 [0x00007f7a78b53f80+0x144]
J 1073 C1 com.sun.tools.javac.tree.TreeScanner.visitSelect(Lcom/sun/tools/javac/tree/JCTree$JCFieldAccess;)V (9 bytes) @ 0x00007f7a78bd8804 [0x00007f7a78bd8700+0x104]
J 1030 C1 com.sun.tools.javac.tree.JCTree$JCFieldAccess.accept(Lcom/sun/tools/javac/tree/JCTree$Visitor;)V (6 bytes) @ 0x00007f7a78ba790c [0x00007f7a78ba7800+0x10c]
J 909 C1 com.sun.tools.javac.tree.TreeScanner.scan(Lcom/sun/tools/javac/tree/JCTree;)V (10 bytes) @ 0x00007f7a78b540c4 [0x00007f7a78b53f80+0x144]
j  com.sun.tools.javac.tree.TreeScanner.visitApply(Lcom/sun/tools/javac/tree/JCTree$JCMethodInvocation;)V+13
J 974 C1 com.sun.tools.javac.tree.JCTree$JCMethodInvocation.accept(Lcom/sun/tools/javac/tree/JCTree$Visitor;)V (6 bytes) @ 0x00007f7a78b8c6cc [0x00007f7a78b8c5c0+0x10c]
J 909 C1 com.sun.tools.javac.tree.TreeScanner.scan(Lcom/sun/tools/javac/tree/JCTree;)V (10 bytes) @ 0x00007f7a78b540c4 [0x00007f7a78b53f80+0x144]
J 999 C1 com.sun.tools.javac.tree.TreeScanner.scan(Lcom/sun/tools/javac/util/List;)V (33 bytes) @ 0x00007f7a78b8e1b4 [0x00007f7a78b8de20+0x394]
j  com.sun.tools.javac.tree.TreeScanner.visitNewClass(Lcom/sun/tools/javac/tree/JCTree$JCNewClass;)V+29
j  com.sun.tools.javac.tree.JCTree$JCNewClass.accept(Lcom/sun/tools/javac/tree/JCTree$Visitor;)V+2
J 909 C1 com.sun.tools.javac.tree.TreeScanner.scan(Lcom/sun/tools/javac/tree/JCTree;)V (10 bytes) @ 0x00007f7a78b540c4 [0x00007f7a78b53f80+0x144]
J 999 C1 com.sun.tools.javac.tree.TreeScanner.scan(Lcom/sun/tools/javac/util/List;)V (33 bytes) @ 0x00007f7a78b8e1b4 [0x00007f7a78b8de20+0x394]
j  com.sun.tools.javac.tree.TreeScanner.visitApply(Lcom/sun/tools/javac/tree/JCTree$JCMethodInvocation;)V+21
J 974 C1 com.sun.tools.javac.tree.JCTree$JCMethodInvocation.accept(Lcom/sun/tools/javac/tree/JCTree$Visitor;)V (6 bytes) @ 0x00007f7a78b8c6cc [0x00007f7a78b8c5c0+0x10c]
J 909 C1 com.sun.tools.javac.tree.TreeScanner.scan(Lcom/sun/tools/javac/tree/JCTree;)V (10 bytes) @ 0x00007f7a78b540c4 [0x00007f7a78b53f80+0x144]
J 1073 C1 com.sun.tools.javac.tree.TreeScanner.visitSelect(Lcom/sun/tools/javac/tree/JCTree$JCFieldAccess;)V (9 bytes) @ 0x00007f7a78bd8804 [0x00007f7a78bd8700+0x104]
J 1030 C1 com.sun.tools.javac.tree.JCTree$JCFieldAccess.accept(Lcom/sun/tools/javac/tree/JCTree$Visitor;)V (6 bytes) @ 0x00007f7a78ba790c [0x00007f7a78ba7800+0x10c]
J 909 C1 com.sun.tools.javac.tree.TreeScanner.scan(Lcom/sun/tools/javac/tree/JCTree;)V (10 bytes) @ 0x00007f7a78b540c4 [0x00007f7a78b53f80+0x144]
j  com.sun.tools.javac.tree.TreeScanner.visitApply(Lcom/sun/tools/javac/tree/JCTree$JCMethodInvocation;)V+13
J 974 C1 com.sun.tools.javac.tree.JCTree$JCMethodInvocation.accept(Lcom/sun/tools/javac/tree/JCTree$Visitor;)V (6 bytes) @ 0x00007f7a78b8c6cc [0x00007f7a78b8c5c0+0x10c]
J 909 C1 com.sun.tools.javac.tree.TreeScanner.scan(Lcom/sun/tools/javac/tree/JCTree;)V (10 bytes) @ 0x00007f7a78b540c4 [0x00007f7a78b53f80+0x144]
J 1073 C1 com.sun.tools.javac.tree.TreeScanner.visitSelect(Lcom/sun/tools/javac/tree/JCTree$JCFieldAccess;)V (9 bytes) @ 0x00007f7a78bd8804 [0x00007f7a78bd8700+0x104]
J 1030 C1 com.sun.tools.javac.tree.JCTree$JCFieldAccess.accept(Lcom/sun/tools/javac/tree/JCTree$Visitor;)V (6 bytes) @ 0x00007f7a78ba790c [0x00007f7a78ba7800+0x10c]
J 909 C1 com.sun.tools.javac.tree.TreeScanner.scan(Lcom/sun/tools/javac/tree/JCTree;)V (10 bytes) @ 0x00007f7a78b540c4 [0x00007f7a78b53f80+0x144]
j  com.sun.tools.javac.tree.TreeScanner.visitApply(Lcom/sun/tools/javac/tree/JCTree$JCMethodInvocation;)V+13
J 974 C1 com.sun.tools.javac.tree.JCTree$JCMethodInvocation.accept(Lcom/sun/tools/javac/tree/JCTree$Visitor;)V (6 bytes) @ 0x00007f7a78b8c6cc [0x00007f7a78b8c5c0+0x10c]
J 909 C1 com.sun.tools.javac.tree.TreeScanner.scan(Lcom/sun/tools/javac/tree/JCTree;)V (10 bytes) @ 0x00007f7a78b540c4 [0x00007f7a78b53f80+0x144]
J 1073 C1 com.sun.tools.javac.tree.TreeScanner.visitSelect(Lcom/sun/tools/javac/tree/JCTree$JCFieldAccess;)V (9 bytes) @ 0x00007f7a78bd8804 [0x00007f7a78bd8700+0x104]
J 1030 C1 com.sun.tools.javac.tree.JCTree$JCFieldAccess.accept(Lcom/sun/tools/javac/tree/JCTree$Visitor;)V (6 bytes) @ 0x00007f7a78ba790c [0x00007f7a78ba7800+0x10c]
J 909 C1 com.sun.tools.javac.tree.TreeScanner.scan(Lcom/sun/tools/javac/tree/JCTree;)V (10 bytes) @ 0x00007f7a78b540c4 [0x00007f7a78b53f80+0x144]
j  com.sun.tools.javac.tree.TreeScanner.visitApply(Lcom/sun/tools/javac/tree/JCTree$JCMethodInvocation;)V+13
J 974 C1 com.sun.tools.javac.tree.JCTree$JCMethodInvocation.accept(Lcom/sun/tools/javac/tree/JCTree$Visitor;)V (6 bytes) @ 0x00007f7a78b8c6cc [0x00007f7a78b8c5c0+0x10c]
J 909 C1 com.sun.tools.javac.tree.TreeScanner.scan(Lcom/sun/tools/javac/tree/JCTree;)V (10 bytes) @ 0x00007f7a78b540c4 [0x00007f7a78b53f80+0x144]
J 999 C1 com.sun.tools.javac.tree.TreeScanner.scan(Lcom/sun/tools/javac/util/List;)V (33 bytes) @ 0x00007f7a78b8e1b4 [0x00007f7a78b8de20+0x394]
j  com.sun.tools.javac.tree.TreeScanner.visitNewClass(Lcom/sun/tools/javac/tree/JCTree$JCNewClass;)V+29
j  com.sun.tools.javac.tree.JCTree$JCNewClass.accept(Lcom/sun/tools/javac/tree/JCTree$Visitor;)V+2
J 909 C1 com.sun.tools.javac.tree.TreeScanner.scan(Lcom/sun/tools/javac/tree/JCTree;)V (10 bytes) @ 0x00007f7a78b540c4 [0x00007f7a78b53f80+0x144]
j  com.sun.tools.javac.tree.TreeScanner.visitVarDef(Lcom/sun/tools/javac/tree/JCTree$JCVariableDecl;)V+29
J 574 C1 com.sun.tools.javac.tree.JCTree$JCVariableDecl.accept(Lcom/sun/tools/javac/tree/JCTree$Visitor;)V (6 bytes) @ 0x00007f7a78a701f4 [0x00007f7a78a70180+0x74]
J 909 C1 com.sun.tools.javac.tree.TreeScanner.scan(Lcom/sun/tools/javac/tree/JCTree;)V (10 bytes) @ 0x00007f7a78b540c4 [0x00007f7a78b53f80+0x144]
J 999 C1 com.sun.tools.javac.tree.TreeScanner.scan(Lcom/sun/tools/javac/util/List;)V (33 bytes) @ 0x00007f7a78b8e1b4 [0x00007f7a78b8de20+0x394]
j  com.sun.tools.javac.tree.TreeScanner.visitBlock(Lcom/sun/tools/javac/tree/JCTree$JCBlock;)V+5
J 1074 C1 com.sun.tools.javac.tree.JCTree$JCBlock.accept(Lcom/sun/tools/javac/tree/JCTree$Visitor;)V (6 bytes) @ 0x00007f7a78bdbacc [0x00007f7a78bdb9c0+0x10c]
J 909 C1 com.sun.tools.javac.tree.TreeScanner.scan(Lcom/sun/tools/javac/tree/JCTree;)V (10 bytes) @ 0x00007f7a78b540c4 [0x00007f7a78b53f80+0x144]
j  com.sun.tools.javac.tree.TreeScanner.visitMethodDef(Lcom/sun/tools/javac/tree/JCTree$JCMethodDecl;)V+61
J 920 C1 com.sun.tools.javac.tree.JCTree$JCMethodDecl.accept(Lcom/sun/tools/javac/tree/JCTree$Visitor;)V (6 bytes) @ 0x00007f7a78b57ccc [0x00007f7a78b57bc0+0x10c]
J 909 C1 com.sun.tools.javac.tree.TreeScanner.scan(Lcom/sun/tools/javac/tree/JCTree;)V (10 bytes) @ 0x00007f7a78b540c4 [0x00007f7a78b53f80+0x144]
J 999 C1 com.sun.tools.javac.tree.TreeScanner.scan(Lcom/sun/tools/javac/util/List;)V (33 bytes) @ 0x00007f7a78b8e1b4 [0x00007f7a78b8de20+0x394]
j  com.sun.tools.javac.tree.TreeScanner.visitClassDef(Lcom/sun/tools/javac/tree/JCTree$JCClassDecl;)V+37
j  com.sun.tools.javac.main.JavaCompiler$1ScanNested.visitClassDef(Lcom/sun/tools/javac/tree/JCTree$JCClassDecl;)V+139
j  com.sun.tools.javac.tree.JCTree$JCClassDecl.accept(Lcom/sun/tools/javac/tree/JCTree$Visitor;)V+2
J 909 C1 com.sun.tools.javac.tree.TreeScanner.scan(Lcom/sun/tools/javac/tree/JCTree;)V (10 bytes) @ 0x00007f7a78b540c4 [0x00007f7a78b53f80+0x144]
j  com.sun.tools.javac.main.JavaCompiler.desugar(Lcom/sun/tools/javac/comp/Env;Ljava/util/Queue;)V+89
j  com.sun.tools.javac.main.JavaCompiler.desugar(Ljava/util/Queue;)Ljava/util/Queue;+39
j  com.sun.tools.javac.main.JavaCompiler.compile2()V+183
j  com.sun.tools.javac.main.JavaCompiler.compile(Lcom/sun/tools/javac/util/List;Lcom/sun/tools/javac/util/List;Ljava/lang/Iterable;)V+165
j  com.sun.tools.javac.main.Main.compile([Ljava/lang/String;[Ljava/lang/String;Lcom/sun/tools/javac/util/Context;Lcom/sun/tools/javac/util/List;Ljava/lang/Iterable;)Lcom/sun/tools/javac/main/Main$Result;+1299
j  com.sun.tools.javac.main.Main.compile([Ljava/lang/String;Lcom/sun/tools/javac/util/Context;Lcom/sun/tools/javac/util/List;Ljava/lang/Iterable;)Lcom/sun/tools/javac/main/Main$Result;+7
j  com.sun.tools.javac.main.Main.compile([Ljava/lang/String;Lcom/sun/tools/javac/util/Context;)Lcom/sun/tools/javac/main/Main$Result;+7
j  com.sun.tools.javac.main.Main.compile([Ljava/lang/String;)Lcom/sun/tools/javac/main/Main$Result;+15
j  com.sun.tools.javac.Main.compile([Ljava/lang/String;)I+12
j  com.sun.tools.javac.Main.main([Ljava/lang/String;)V+1
v  ~StubRoutines::call_stub
V  [libjvm.so+0x690dd6]  JavaCalls::call_helper(JavaValue*, methodHandle*, JavaCallArguments*, Thread*)+0x1056
V  [libjvm.so+0x6d21e2]  jni_invoke_static(JNIEnv_*, JavaValue*, _jobject*, JNICallType, _jmethodID*, JNI_ArgumentPusher*, Thread*)+0x362
V  [libjvm.so+0x6eea4a]  jni_CallStaticVoidMethod+0x17a
C  [libjli.so+0x7bdf]  JavaMain+0x81f
C  [libpthread.so.0+0x8064]  start_thread+0xc4


---------------  P R O C E S S  ---------------

Java Threads: ( => current thread )
  0x00007f7a880ba000 JavaThread "Service Thread" daemon [_thread_blocked, id=11928, stack(0x00007f7a70b74000,0x00007f7a70c75000)]
  0x00007f7a880b7800 JavaThread "C1 CompilerThread1" daemon [_thread_in_native, id=11927, stack(0x00007f7a70c75000,0x00007f7a70d76000)]
  0x00007f7a880b4800 JavaThread "C2 CompilerThread0" daemon [_thread_blocked, id=11926, stack(0x00007f7a70d76000,0x00007f7a70e77000)]
  0x00007f7a880b3000 JavaThread "Signal Dispatcher" daemon [_thread_blocked, id=11925, stack(0x00007f7a70e77000,0x00007f7a70f78000)]
  0x00007f7a8807f800 JavaThread "Finalizer" daemon [_thread_blocked, id=11924, stack(0x00007f7a71101000,0x00007f7a71202000)]
  0x00007f7a8807b000 JavaThread "Reference Handler" daemon [_thread_blocked, id=11923, stack(0x00007f7a71202000,0x00007f7a71303000)]
=>0x00007f7a8800a000 JavaThread "main" [_thread_in_Java, id=11919, stack(0x00007f7a8e7ba000,0x00007f7a8e8bb000)]

Other Threads:
  0x00007f7a88073800 VMThread [stack: 0x00007f7a71303000,0x00007f7a71404000] [id=11922]
  0x00007f7a880bd800 WatcherThread [stack: 0x00007f7a70a73000,0x00007f7a70b74000] [id=11929]

VM state:not at safepoint (normal execution)

VM Mutex/Monitor currently owned by a thread: None

Heap:
 PSYoungGen      total 14336K, used 5547K [0x00000000f0400000, 0x00000000f2400000, 0x0000000100000000)
  eden space 11264K, 35% used [0x00000000f0400000,0x00000000f07ef6b0,0x00000000f0f00000)
  from space 3072K, 49% used [0x00000000f0f00000,0x00000000f107b5d0,0x00000000f1200000)
  to   space 5120K, 0% used [0x00000000f1f00000,0x00000000f1f00000,0x00000000f2400000)
 ParOldGen       total 12288K, used 7024K [0x00000000d0c00000, 0x00000000d1800000, 0x00000000f0400000)
  object space 12288K, 57% used [0x00000000d0c00000,0x00000000d12dc200,0x00000000d1800000)
 Metaspace       used 9004K, capacity 9536K, committed 9856K, reserved 1058816K
  class space    used 1030K, capacity 1076K, committed 1152K, reserved 1048576K

Card table byte_map: [0x00007f7a8c023000,0x00007f7a8c19e000] byte_map_base: 0x00007f7a8b99d000

Marking Bits: (ParMarkBitMap*) 0x00007f7a8dcadc80
 Begin Bits: [0x00007f7a72860000, 0x00007f7a73430000)
 End Bits:   [0x00007f7a73430000, 0x00007f7a74000000)

Polling page: 0x00007f7a8e8da000

CodeCache: size=245760Kb used=4617Kb max_used=4617Kb free=241142Kb
 bounds [0x00007f7a787b6000, 0x00007f7a78c46000, 0x00007f7a877b6000]
 total_blobs=1507 nmethods=1214 adapters=208
 compilation: enabled

Compilation events (10 events):
Event: 1,217 Thread 0x00007f7a880b7800 1194       3       java.lang.String::subSequence (7 bytes)
Event: 1,217 Thread 0x00007f7a880b7800 nmethod 1194 0x00007f7a78c2fe50 code [0x00007f7a78c2ffc0, 0x00007f7a78c301c8]
Event: 1,217 Thread 0x00007f7a880b7800 1196       3       sun.util.locale.provider.LocaleProviderAdapter::getAdapter (171 bytes)
Event: 1,218 Thread 0x00007f7a880b7800 nmethod 1196 0x00007f7a78c30250 code [0x00007f7a78c30500, 0x00007f7a78c31698]
Event: 1,218 Thread 0x00007f7a880b7800 1199       3       com.sun.tools.javac.code.Types::closure (153 bytes)
Event: 1,219 Thread 0x00007f7a880b4800 1195       4       java.util.regex.Pattern$BmpCharProperty::match (50 bytes)
Event: 1,221 Thread 0x00007f7a880b4800 nmethod 1195 0x00007f7a78c34cd0 code [0x00007f7a78c34e60, 0x00007f7a78c351b8]
Event: 1,222 Thread 0x00007f7a880b4800 1206       4       com.sun.tools.javac.tree.TreeScanner::scan (10 bytes)
Event: 1,222 Thread 0x00007f7a880b4800 nmethod 1206 0x00007f7a78c28e10 code [0x00007f7a78c28f60, 0x00007f7a78c28ff8]
Event: 1,222 Thread 0x00007f7a880b4800 1215       4       com.sun.tools.javac.comp.Flow$BaseAnalyzer::scan (27 bytes)

GC Heap History (10 events):
Event: 0,286 GC heap before
{Heap before GC invocations=4 (full 0):
 PSYoungGen      total 3584K, used 3552K [0x00000000f0400000, 0x00000000f0b00000, 0x0000000100000000)
  eden space 3072K, 100% used [0x00000000f0400000,0x00000000f0700000,0x00000000f0700000)
  from space 512K, 93% used [0x00000000f0700000,0x00000000f0778030,0x00000000f0780000)
  to   space 512K, 0% used [0x00000000f0a80000,0x00000000f0a80000,0x00000000f0b00000)
 ParOldGen       total 5632K, used 524K [0x00000000d0c00000, 0x00000000d1180000, 0x00000000f0400000)
  object space 5632K, 9% used [0x00000000d0c00000,0x00000000d0c83050,0x00000000d1180000)
 Metaspace       used 6227K, capacity 7404K, committed 7552K, reserved 1056768K
  class space    used 780K, capacity 808K, committed 896K, reserved 1048576K
Event: 0,288 GC heap after
Heap after GC invocations=4 (full 0):
 PSYoungGen      total 6656K, used 496K [0x00000000f0400000, 0x00000000f0b00000, 0x0000000100000000)
  eden space 6144K, 0% used [0x00000000f0400000,0x00000000f0400000,0x00000000f0a00000)
  from space 512K, 96% used [0x00000000f0a80000,0x00000000f0afc020,0x00000000f0b00000)
  to   space 512K, 0% used [0x00000000f0a00000,0x00000000f0a00000,0x00000000f0a80000)
 ParOldGen       total 5632K, used 872K [0x00000000d0c00000, 0x00000000d1180000, 0x00000000f0400000)
  object space 5632K, 15% used [0x00000000d0c00000,0x00000000d0cda338,0x00000000d1180000)
 Metaspace       used 6227K, capacity 7404K, committed 7552K, reserved 1056768K
  class space    used 780K, capacity 808K, committed 896K, reserved 1048576K
}
Event: 0,520 GC heap before
{Heap before GC invocations=5 (full 0):
 PSYoungGen      total 6656K, used 6593K [0x00000000f0400000, 0x00000000f0b00000, 0x0000000100000000)
  eden space 6144K, 99% used [0x00000000f0400000,0x00000000f09f44d8,0x00000000f0a00000)
  from space 512K, 96% used [0x00000000f0a80000,0x00000000f0afc020,0x00000000f0b00000)
  to   space 512K, 0% used [0x00000000f0a00000,0x00000000f0a00000,0x00000000f0a80000)
 ParOldGen       total 5632K, used 872K [0x00000000d0c00000, 0x00000000d1180000, 0x00000000f0400000)
  object space 5632K, 15% used [0x00000000d0c00000,0x00000000d0cda338,0x00000000d1180000)
 Metaspace       used 7307K, capacity 8276K, committed 8448K, reserved 1056768K
  class space    used 877K, capacity 912K, committed 1024K, reserved 1048576K
Event: 0,526 GC heap after
Heap after GC invocations=5 (full 0):
 PSYoungGen      total 6656K, used 480K [0x00000000f0400000, 0x00000000f1400000, 0x0000000100000000)
  eden space 6144K, 0% used [0x00000000f0400000,0x00000000f0400000,0x00000000f0a00000)
  from space 512K, 93% used [0x00000000f0a00000,0x00000000f0a78010,0x00000000f0a80000)
  to   space 2048K, 0% used [0x00000000f1200000,0x00000000f1200000,0x00000000f1400000)
 ParOldGen       total 5632K, used 2408K [0x00000000d0c00000, 0x00000000d1180000, 0x00000000f0400000)
  object space 5632K, 42% used [0x00000000d0c00000,0x00000000d0e5a0c8,0x00000000d1180000)
 Metaspace       used 7307K, capacity 8276K, committed 8448K, reserved 1056768K
  class space    used 877K, capacity 912K, committed 1024K, reserved 1048576K
}
Event: 0,624 GC heap before
{Heap before GC invocations=6 (full 0):
 PSYoungGen      total 6656K, used 6201K [0x00000000f0400000, 0x00000000f1400000, 0x0000000100000000)
  eden space 6144K, 93% used [0x00000000f0400000,0x00000000f09966a0,0x00000000f0a00000)
  from space 512K, 93% used [0x00000000f0a00000,0x00000000f0a78010,0x00000000f0a80000)
  to   space 2048K, 0% used [0x00000000f1200000,0x00000000f1200000,0x00000000f1400000)
 ParOldGen       total 5632K, used 2408K [0x00000000d0c00000, 0x00000000d1180000, 0x00000000f0400000)
  object space 5632K, 42% used [0x00000000d0c00000,0x00000000d0e5a0c8,0x00000000d1180000)
 Metaspace       used 7487K, capacity 8372K, committed 8704K, reserved 1056768K
  class space    used 890K, capacity 944K, committed 1024K, reserved 1048576K
Event: 0,638 GC heap after
Heap after GC invocations=6 (full 0):
 PSYoungGen      total 13312K, used 2040K [0x00000000f0400000, 0x00000000f1600000, 0x0000000100000000)
  eden space 11264K, 0% used [0x00000000f0400000,0x00000000f0400000,0x00000000f0f00000)
  from space 2048K, 99% used [0x00000000f1200000,0x00000000f13fe2f8,0x00000000f1400000)
  to   space 3072K, 0% used [0x00000000f0f00000,0x00000000f0f00000,0x00000000f1200000)
 ParOldGen       total 5632K, used 3730K [0x00000000d0c00000, 0x00000000d1180000, 0x00000000f0400000)
  object space 5632K, 66% used [0x00000000d0c00000,0x00000000d0fa4978,0x00000000d1180000)
 Metaspace       used 7487K, capacity 8372K, committed 8704K, reserved 1056768K
  class space    used 890K, capacity 944K, committed 1024K, reserved 1048576K
}
Event: 0,900 GC heap before
{Heap before GC invocations=7 (full 0):
 PSYoungGen      total 13312K, used 13304K [0x00000000f0400000, 0x00000000f1600000, 0x0000000100000000)
  eden space 11264K, 100% used [0x00000000f0400000,0x00000000f0f00000,0x00000000f0f00000)
  from space 2048K, 99% used [0x00000000f1200000,0x00000000f13fe2f8,0x00000000f1400000)
  to   space 3072K, 0% used [0x00000000f0f00000,0x00000000f0f00000,0x00000000f1200000)
 ParOldGen       total 5632K, used 3730K [0x00000000d0c00000, 0x00000000d1180000, 0x00000000f0400000)
  object space 5632K, 66% used [0x00000000d0c00000,0x00000000d0fa4978,0x00000000d1180000)
 Metaspace       used 8738K, capacity 9312K, committed 9600K, reserved 1058816K
  class space    used 1024K, capacity 1044K, committed 1152K, reserved 1048576K
Event: 0,916 GC heap after
Heap after GC invocations=7 (full 0):
 PSYoungGen      total 14336K, used 3064K [0x00000000f0400000, 0x00000000f2400000, 0x0000000100000000)
  eden space 11264K, 0% used [0x00000000f0400000,0x00000000f0400000,0x00000000f0f00000)
  from space 3072K, 99% used [0x00000000f0f00000,0x00000000f11fe2f8,0x00000000f1200000)
  to   space 5120K, 0% used [0x00000000f1f00000,0x00000000f1f00000,0x00000000f2400000)
 ParOldGen       total 7168K, used 6294K [0x00000000d0c00000, 0x00000000d1300000, 0x00000000f0400000)
  object space 7168K, 87% used [0x00000000d0c00000,0x00000000d1225990,0x00000000d1300000)
 Metaspace       used 8738K, capacity 9312K, committed 9600K, reserved 1058816K
  class space    used 1024K, capacity 1044K, committed 1152K, reserved 1048576K
}
Event: 0,916 GC heap before
{Heap before GC invocations=8 (full 1):
 PSYoungGen      total 14336K, used 3064K [0x00000000f0400000, 0x00000000f2400000, 0x0000000100000000)
  eden space 11264K, 0% used [0x00000000f0400000,0x00000000f0400000,0x00000000f0f00000)
  from space 3072K, 99% used [0x00000000f0f00000,0x00000000f11fe2f8,0x00000000f1200000)
  to   space 5120K, 0% used [0x00000000f1f00000,0x00000000f1f00000,0x00000000f2400000)
 ParOldGen       total 7168K, used 6294K [0x00000000d0c00000, 0x00000000d1300000, 0x00000000f0400000)
  object space 7168K, 87% used [0x00000000d0c00000,0x00000000d1225990,0x00000000d1300000)
 Metaspace       used 8738K, capacity 9312K, committed 9600K, reserved 1058816K
  class space    used 1024K, capacity 1044K, committed 1152K, reserved 1048576K
Event: 0,979 GC heap after
Heap after GC invocations=8 (full 1):
 PSYoungGen      total 14336K, used 1517K [0x00000000f0400000, 0x00000000f2400000, 0x0000000100000000)
  eden space 11264K, 0% used [0x00000000f0400000,0x00000000f0400000,0x00000000f0f00000)
  from space 3072K, 49% used [0x00000000f0f00000,0x00000000f107b5d0,0x00000000f1200000)
  to   space 5120K, 0% used [0x00000000f1f00000,0x00000000f1f00000,0x00000000f2400000)
 ParOldGen       total 12288K, used 7024K [0x00000000d0c00000, 0x00000000d1800000, 0x00000000f0400000)
  object space 12288K, 57% used [0x00000000d0c00000,0x00000000d12dc200,0x00000000d1800000)
 Metaspace       used 8738K, capacity 9312K, committed 9600K, reserved 1058816K
  class space    used 1024K, capacity 1044K, committed 1152K, reserved 1048576K
}

Deoptimization events (10 events):
Event: 0,314 Thread 0x00007f7a8800a000 Uncommon trap: reason=unstable_if action=reinterpret pc=0x00007f7a788ec244 method=java.lang.String.indexOf(II)I @ 49
Event: 0,316 Thread 0x00007f7a8800a000 Uncommon trap: reason=unstable_if action=reinterpret pc=0x00007f7a78916fac method=java.lang.String.replace(CC)Ljava/lang/String; @ 2
Event: 0,318 Thread 0x00007f7a8800a000 Uncommon trap: reason=class_check action=maybe_recompile pc=0x00007f7a7893dd60 method=sun.misc.URLClassPath.getLoader(I)Lsun/misc/URLClassPath$Loader; @ 94
Event: 0,318 Thread 0x00007f7a8800a000 Uncommon trap: reason=class_check action=maybe_recompile pc=0x00007f7a7893dd60 method=sun.misc.URLClassPath.getLoader(I)Lsun/misc/URLClassPath$Loader; @ 94
Event: 0,318 Thread 0x00007f7a8800a000 Uncommon trap: reason=unstable_if action=reinterpret pc=0x00007f7a789605bc method=java.lang.String.indexOf([CII[CIII)I @ 134
Event: 0,663 Thread 0x00007f7a8800a000 Uncommon trap: reason=unstable_if action=reinterpret pc=0x00007f7a788eecac method=java.lang.String.startsWith(Ljava/lang/String;I)Z @ 25
Event: 0,824 Thread 0x00007f7a8800a000 Uncommon trap: reason=unstable_if action=reinterpret pc=0x00007f7a789732c0 method=sun.misc.MetaIndex.mayContain(Ljava/lang/String;)Z @ 38
Event: 0,824 Thread 0x00007f7a8800a000 Uncommon trap: reason=unstable_if action=reinterpret pc=0x00007f7a78921bc8 method=sun.misc.MetaIndex.mayContain(Ljava/lang/String;)Z @ 38
Event: 0,824 Thread 0x00007f7a8800a000 Uncommon trap: reason=unstable_if action=reinterpret pc=0x00007f7a78acaaa0 method=java.lang.StringCoding.decode(Ljava/lang/String;[BII)[C @ 38
Event: 1,031 Thread 0x00007f7a8800a000 Uncommon trap: reason=unstable_if action=reinterpret pc=0x00007f7a78b19e20 method=com.sun.tools.javac.util.ArrayUtils.ensureCapacity([BI)[B @ 3

Internal exceptions (10 events):
Event: 0,020 Thread 0x00007f7a8800a000 Exception <a 'java/lang/NoSuchMethodError': Method sun.misc.Unsafe.defineClass(Ljava/lang/String;[BII)Ljava/lang/Class; name or signature does not match> (0x00000000f0407cd8) thrown at [/HUDSON3/workspace/8-2-build-linux-amd64/jdk8u121/8372/hotspot/src/sh
Event: 0,020 Thread 0x00007f7a8800a000 Exception <a 'java/lang/NoSuchMethodError': Method sun.misc.Unsafe.prefetchRead(Ljava/lang/Object;J)V name or signature does not match> (0x00000000f0407fc0) thrown at [/HUDSON3/workspace/8-2-build-linux-amd64/jdk8u121/8372/hotspot/src/share/vm/prims/jni.c
Event: 0,117 Thread 0x00007f7a8800a000 Exception <a 'java/security/PrivilegedActionException'> (0x00000000f0565290) thrown at [/HUDSON3/workspace/8-2-build-linux-amd64/jdk8u121/8372/hotspot/src/share/vm/prims/jvm.cpp, line 1390]
Event: 0,117 Thread 0x00007f7a8800a000 Exception <a 'java/security/PrivilegedActionException'> (0x00000000f0565688) thrown at [/HUDSON3/workspace/8-2-build-linux-amd64/jdk8u121/8372/hotspot/src/share/vm/prims/jvm.cpp, line 1390]
Event: 0,118 Thread 0x00007f7a8800a000 Exception <a 'java/security/PrivilegedActionException'> (0x00000000f0567cd8) thrown at [/HUDSON3/workspace/8-2-build-linux-amd64/jdk8u121/8372/hotspot/src/share/vm/prims/jvm.cpp, line 1390]
Event: 0,118 Thread 0x00007f7a8800a000 Exception <a 'java/security/PrivilegedActionException'> (0x00000000f05680d0) thrown at [/HUDSON3/workspace/8-2-build-linux-amd64/jdk8u121/8372/hotspot/src/share/vm/prims/jvm.cpp, line 1390]
Event: 0,129 Thread 0x00007f7a8800a000 Exception <a 'java/security/PrivilegedActionException'> (0x00000000f0416730) thrown at [/HUDSON3/workspace/8-2-build-linux-amd64/jdk8u121/8372/hotspot/src/share/vm/prims/jvm.cpp, line 1390]
Event: 0,129 Thread 0x00007f7a8800a000 Exception <a 'java/security/PrivilegedActionException'> (0x00000000f0416b28) thrown at [/HUDSON3/workspace/8-2-build-linux-amd64/jdk8u121/8372/hotspot/src/share/vm/prims/jvm.cpp, line 1390]
Event: 0,621 Thread 0x00007f7a8800a000 Exception <a 'java/io/FileNotFoundException'> (0x00000000f0942908) thrown at [/HUDSON3/workspace/8-2-build-linux-amd64/jdk8u121/8372/hotspot/src/share/vm/prims/jni.cpp, line 709]
Event: 0,624 Thread 0x00007f7a8800a000 Exception <a 'java/io/FileNotFoundException'> (0x00000000f098bf50) thrown at [/HUDSON3/workspace/8-2-build-linux-amd64/jdk8u121/8372/hotspot/src/share/vm/prims/jni.cpp, line 709]

Events (10 events):
Event: 1,029 loading class com/sun/tools/javac/code/Kinds$1 done
Event: 1,029 loading class com/sun/tools/javac/code/Kinds$KindName
Event: 1,029 loading class com/sun/tools/javac/code/Kinds$KindName done
Event: 1,031 Thread 0x00007f7a8800a000 Uncommon trap: trap_request=0xffffff65 fr.pc=0x00007f7a78b19e20
Event: 1,031 Thread 0x00007f7a8800a000 DEOPT PACKING pc=0x00007f7a78b19e20 sp=0x00007f7a8e8b7ba0
Event: 1,031 Thread 0x00007f7a8800a000 DEOPT UNPACKING pc=0x00007f7a787baf69 sp=0x00007f7a8e8b7b50 mode 2
Event: 1,066 Executing VM operation: ForceSafepoint
Event: 1,066 Executing VM operation: ForceSafepoint done
Event: 1,216 Executing VM operation: ForceSafepoint
Event: 1,216 Executing VM operation: ForceSafepoint done


Dynamic libraries:
00400000-00401000 r-xp 00000000 08:01 4995247                            /usr/lib/jvm/java-8-oracle/bin/javac
00600000-00601000 rw-p 00000000 08:01 4995247                            /usr/lib/jvm/java-8-oracle/bin/javac
017dc000-017fd000 rw-p 00000000 00:00 0                                  [heap]
d0c00000-d1800000 rw-p 00000000 00:00 0 
d1800000-f0400000 ---p 00000000 00:00 0 
f0400000-f2400000 rw-p 00000000 00:00 0 
f2400000-100000000 ---p 00000000 00:00 0 
100000000-100120000 rw-p 00000000 00:00 0 
100120000-140000000 ---p 00000000 00:00 0 
7f7a48000000-7f7a48021000 rw-p 00000000 00:00 0 
7f7a48021000-7f7a4c000000 ---p 00000000 00:00 0 
7f7a50000000-7f7a506e6000 rw-p 00000000 00:00 0 
7f7a506e6000-7f7a54000000 ---p 00000000 00:00 0 
7f7a54000000-7f7a54021000 rw-p 00000000 00:00 0 
7f7a54021000-7f7a58000000 ---p 00000000 00:00 0 
7f7a58000000-7f7a58021000 rw-p 00000000 00:00 0 
7f7a58021000-7f7a5c000000 ---p 00000000 00:00 0 
7f7a5c000000-7f7a5c448000 rw-p 00000000 00:00 0 
7f7a5c448000-7f7a60000000 ---p 00000000 00:00 0 
7f7a60000000-7f7a60021000 rw-p 00000000 00:00 0 
7f7a60021000-7f7a64000000 ---p 00000000 00:00 0 
7f7a64000000-7f7a64021000 rw-p 00000000 00:00 0 
7f7a64021000-7f7a68000000 ---p 00000000 00:00 0 
7f7a68000000-7f7a68021000 rw-p 00000000 00:00 0 
7f7a68021000-7f7a6c000000 ---p 00000000 00:00 0 
7f7a6c000000-7f7a6c021000 rw-p 00000000 00:00 0 
7f7a6c021000-7f7a70000000 ---p 00000000 00:00 0 
7f7a707ef000-7f7a7086f000 rw-p 00000000 00:00 0 
7f7a7086f000-7f7a709ef000 ---p 00000000 00:00 0 
7f7a709ef000-7f7a709f9000 r--s 00116000 08:01 5783706                    /usr/lib/jvm/java-8-oracle/jre/lib/ext/localedata.jar
7f7a709f9000-7f7a70a73000 r--s 010f6000 08:01 4596462                    /usr/lib/jvm/java-8-oracle/lib/tools.jar
7f7a70a73000-7f7a70a74000 ---p 00000000 00:00 0 
7f7a70a74000-7f7a70b74000 rw-p 00000000 00:00 0                          [stack:11929]
7f7a70b74000-7f7a70b77000 ---p 00000000 00:00 0 
7f7a70b77000-7f7a70c75000 rw-p 00000000 00:00 0                          [stack:11928]
7f7a70c75000-7f7a70c78000 ---p 00000000 00:00 0 
7f7a70c78000-7f7a70d76000 rw-p 00000000 00:00 0                          [stack:11927]
7f7a70d76000-7f7a70d79000 ---p 00000000 00:00 0 
7f7a70d79000-7f7a70e77000 rw-p 00000000 00:00 0                          [stack:11926]
7f7a70e77000-7f7a70e7a000 ---p 00000000 00:00 0 
7f7a70e7a000-7f7a70f78000 rw-p 00000000 00:00 0                          [stack:11925]
7f7a70f78000-7f7a71101000 r--p 00000000 08:01 4460371                    /usr/lib/locale/locale-archive
7f7a71101000-7f7a71104000 ---p 00000000 00:00 0 
7f7a71104000-7f7a71202000 rw-p 00000000 00:00 0                          [stack:11924]
7f7a71202000-7f7a71205000 ---p 00000000 00:00 0 
7f7a71205000-7f7a71303000 rw-p 00000000 00:00 0                          [stack:11923]
7f7a71303000-7f7a71304000 ---p 00000000 00:00 0 
7f7a71304000-7f7a71d0d000 rw-p 00000000 00:00 0                          [stack:11922]
7f7a71d0d000-7f7a71ee6000 r--s 03d3e000 08:01 5251199                    /usr/lib/jvm/java-8-oracle/jre/lib/rt.jar
7f7a71ee6000-7f7a74000000 rw-p 00000000 00:00 0 
7f7a74000000-7f7a74021000 rw-p 00000000 00:00 0 
7f7a74021000-7f7a78000000 ---p 00000000 00:00 0 
7f7a78000000-7f7a7801c000 r--s 00393000 08:01 5783709                    /usr/lib/jvm/java-8-oracle/jre/lib/ext/cldrdata.jar
7f7a7801c000-7f7a78040000 r--p 00000000 08:01 4460361                    /usr/share/locale/it/LC_MESSAGES/libc.mo
7f7a78040000-7f7a780f8000 rw-p 00000000 00:00 0 
7f7a780f8000-7f7a780f9000 ---p 00000000 00:00 0 
7f7a780f9000-7f7a781f9000 rw-p 00000000 00:00 0                          [stack:11921]
7f7a781f9000-7f7a781fa000 ---p 00000000 00:00 0 
7f7a781fa000-7f7a78300000 rw-p 00000000 00:00 0                          [stack:11920]
7f7a78300000-7f7a783f6000 ---p 00000000 00:00 0 
7f7a783f6000-7f7a78409000 rw-p 00000000 00:00 0 
7f7a78409000-7f7a787b6000 ---p 00000000 00:00 0 
7f7a787b6000-7f7a78c46000 rwxp 00000000 00:00 0 
7f7a78c46000-7f7a877b6000 ---p 00000000 00:00 0 
7f7a877b6000-7f7a877d0000 r-xp 00000000 08:01 5251230                    /usr/lib/jvm/java-8-oracle/jre/lib/amd64/libzip.so
7f7a877d0000-7f7a879d0000 ---p 0001a000 08:01 5251230                    /usr/lib/jvm/java-8-oracle/jre/lib/amd64/libzip.so
7f7a879d0000-7f7a879d1000 rw-p 0001a000 08:01 5251230                    /usr/lib/jvm/java-8-oracle/jre/lib/amd64/libzip.so
7f7a879d1000-7f7a879dc000 r-xp 00000000 08:01 4328379                    /lib/x86_64-linux-gnu/libnss_files-2.19.so
7f7a879dc000-7f7a87bdb000 ---p 0000b000 08:01 4328379                    /lib/x86_64-linux-gnu/libnss_files-2.19.so
7f7a87bdb000-7f7a87bdc000 r--p 0000a000 08:01 4328379                    /lib/x86_64-linux-gnu/libnss_files-2.19.so
7f7a87bdc000-7f7a87bdd000 rw-p 0000b000 08:01 4328379                    /lib/x86_64-linux-gnu/libnss_files-2.19.so
7f7a87bdd000-7f7a87be7000 r-xp 00000000 08:01 4328381                    /lib/x86_64-linux-gnu/libnss_nis-2.19.so
7f7a87be7000-7f7a87de6000 ---p 0000a000 08:01 4328381                    /lib/x86_64-linux-gnu/libnss_nis-2.19.so
7f7a87de6000-7f7a87de7000 r--p 00009000 08:01 4328381                    /lib/x86_64-linux-gnu/libnss_nis-2.19.so
7f7a87de7000-7f7a87de8000 rw-p 0000a000 08:01 4328381                    /lib/x86_64-linux-gnu/libnss_nis-2.19.so
7f7a87de8000-7f7a87dfd000 r-xp 00000000 08:01 4328376                    /lib/x86_64-linux-gnu/libnsl-2.19.so
7f7a87dfd000-7f7a87ffc000 ---p 00015000 08:01 4328376                    /lib/x86_64-linux-gnu/libnsl-2.19.so
7f7a87ffc000-7f7a87ffd000 r--p 00014000 08:01 4328376                    /lib/x86_64-linux-gnu/libnsl-2.19.so
7f7a87ffd000-7f7a87ffe000 rw-p 00015000 08:01 4328376                    /lib/x86_64-linux-gnu/libnsl-2.19.so
7f7a87ffe000-7f7a88000000 rw-p 00000000 00:00 0 
7f7a88000000-7f7a885fe000 rw-p 00000000 00:00 0 
7f7a885fe000-7f7a8c000000 ---p 00000000 00:00 0 
7f7a8c002000-7f7a8c029000 rw-p 00000000 00:00 0 
7f7a8c029000-7f7a8c11f000 ---p 00000000 00:00 0 
7f7a8c11f000-7f7a8c12f000 rw-p 00000000 00:00 0 
7f7a8c12f000-7f7a8c19d000 ---p 00000000 00:00 0 
7f7a8c19d000-7f7a8c19e000 rw-p 00000000 00:00 0 
7f7a8c19e000-7f7a8c1a5000 r-xp 00000000 08:01 4328377                    /lib/x86_64-linux-gnu/libnss_compat-2.19.so
7f7a8c1a5000-7f7a8c3a4000 ---p 00007000 08:01 4328377                    /lib/x86_64-linux-gnu/libnss_compat-2.19.so
7f7a8c3a4000-7f7a8c3a5000 r--p 00006000 08:01 4328377                    /lib/x86_64-linux-gnu/libnss_compat-2.19.so
7f7a8c3a5000-7f7a8c3a6000 rw-p 00007000 08:01 4328377                    /lib/x86_64-linux-gnu/libnss_compat-2.19.so
7f7a8c3a6000-7f7a8c3d1000 r-xp 00000000 08:01 5251255                    /usr/lib/jvm/java-8-oracle/jre/lib/amd64/libjava.so
7f7a8c3d1000-7f7a8c5d0000 ---p 0002b000 08:01 5251255                    /usr/lib/jvm/java-8-oracle/jre/lib/amd64/libjava.so
7f7a8c5d0000-7f7a8c5d2000 rw-p 0002a000 08:01 5251255                    /usr/lib/jvm/java-8-oracle/jre/lib/amd64/libjava.so
7f7a8c5d2000-7f7a8c5df000 r-xp 00000000 08:01 5251208                    /usr/lib/jvm/java-8-oracle/jre/lib/amd64/libverify.so
7f7a8c5df000-7f7a8c7de000 ---p 0000d000 08:01 5251208                    /usr/lib/jvm/java-8-oracle/jre/lib/amd64/libverify.so
7f7a8c7de000-7f7a8c7e0000 rw-p 0000c000 08:01 5251208                    /usr/lib/jvm/java-8-oracle/jre/lib/amd64/libverify.so
7f7a8c7e0000-7f7a8c7e7000 r-xp 00000000 08:01 4328385                    /lib/x86_64-linux-gnu/librt-2.19.so
7f7a8c7e7000-7f7a8c9e6000 ---p 00007000 08:01 4328385                    /lib/x86_64-linux-gnu/librt-2.19.so
7f7a8c9e6000-7f7a8c9e7000 r--p 00006000 08:01 4328385                    /lib/x86_64-linux-gnu/librt-2.19.so
7f7a8c9e7000-7f7a8c9e8000 rw-p 00007000 08:01 4328385                    /lib/x86_64-linux-gnu/librt-2.19.so
7f7a8c9e8000-7f7a8cae8000 r-xp 00000000 08:01 4328374                    /lib/x86_64-linux-gnu/libm-2.19.so
7f7a8cae8000-7f7a8cce7000 ---p 00100000 08:01 4328374                    /lib/x86_64-linux-gnu/libm-2.19.so
7f7a8cce7000-7f7a8cce8000 r--p 000ff000 08:01 4328374                    /lib/x86_64-linux-gnu/libm-2.19.so
7f7a8cce8000-7f7a8cce9000 rw-p 00100000 08:01 4328374                    /lib/x86_64-linux-gnu/libm-2.19.so
7f7a8cce9000-7f7a8d9b7000 r-xp 00000000 08:01 5516074                    /usr/lib/jvm/java-8-oracle/jre/lib/amd64/server/libjvm.so
7f7a8d9b7000-7f7a8dbb7000 ---p 00cce000 08:01 5516074                    /usr/lib/jvm/java-8-oracle/jre/lib/amd64/server/libjvm.so
7f7a8dbb7000-7f7a8dc90000 rw-p 00cce000 08:01 5516074                    /usr/lib/jvm/java-8-oracle/jre/lib/amd64/server/libjvm.so
7f7a8dc90000-7f7a8dcdb000 rw-p 00000000 00:00 0 
7f7a8dcdb000-7f7a8de7c000 r-xp 00000000 08:01 4328370                    /lib/x86_64-linux-gnu/libc-2.19.so
7f7a8de7c000-7f7a8e07c000 ---p 001a1000 08:01 4328370                    /lib/x86_64-linux-gnu/libc-2.19.so
7f7a8e07c000-7f7a8e080000 r--p 001a1000 08:01 4328370                    /lib/x86_64-linux-gnu/libc-2.19.so
7f7a8e080000-7f7a8e082000 rw-p 001a5000 08:01 4328370                    /lib/x86_64-linux-gnu/libc-2.19.so
7f7a8e082000-7f7a8e086000 rw-p 00000000 00:00 0 
7f7a8e086000-7f7a8e089000 r-xp 00000000 08:01 4328373                    /lib/x86_64-linux-gnu/libdl-2.19.so
7f7a8e089000-7f7a8e288000 ---p 00003000 08:01 4328373                    /lib/x86_64-linux-gnu/libdl-2.19.so
7f7a8e288000-7f7a8e289000 r--p 00002000 08:01 4328373                    /lib/x86_64-linux-gnu/libdl-2.19.so
7f7a8e289000-7f7a8e28a000 rw-p 00003000 08:01 4328373                    /lib/x86_64-linux-gnu/libdl-2.19.so
7f7a8e28a000-7f7a8e29f000 r-xp 00000000 08:01 4725419                    /usr/lib/jvm/java-8-oracle/lib/amd64/jli/libjli.so
7f7a8e29f000-7f7a8e49f000 ---p 00015000 08:01 4725419                    /usr/lib/jvm/java-8-oracle/lib/amd64/jli/libjli.so
7f7a8e49f000-7f7a8e4a0000 rw-p 00015000 08:01 4725419                    /usr/lib/jvm/java-8-oracle/lib/amd64/jli/libjli.so
7f7a8e4a0000-7f7a8e4b8000 r-xp 00000000 08:01 4328366                    /lib/x86_64-linux-gnu/libpthread-2.19.so
7f7a8e4b8000-7f7a8e6b7000 ---p 00018000 08:01 4328366                    /lib/x86_64-linux-gnu/libpthread-2.19.so
7f7a8e6b7000-7f7a8e6b8000 r--p 00017000 08:01 4328366                    /lib/x86_64-linux-gnu/libpthread-2.19.so
7f7a8e6b8000-7f7a8e6b9000 rw-p 00018000 08:01 4328366                    /lib/x86_64-linux-gnu/libpthread-2.19.so
7f7a8e6b9000-7f7a8e6bd000 rw-p 00000000 00:00 0 
7f7a8e6bd000-7f7a8e6dd000 r-xp 00000000 08:01 4328367                    /lib/x86_64-linux-gnu/ld-2.19.so
7f7a8e6e1000-7f7a8e6e8000 r--s 00000000 08:01 4462525                    /usr/lib/x86_64-linux-gnu/gconv/gconv-modules.cache
7f7a8e6e8000-7f7a8e7ba000 rw-p 00000000 00:00 0 
7f7a8e7ba000-7f7a8e7bd000 ---p 00000000 00:00 0 
7f7a8e7bd000-7f7a8e8c0000 rw-p 00000000 00:00 0                          [stack:11919]
7f7a8e8c0000-7f7a8e8d1000 rw-p 00000000 00:00 0 
7f7a8e8d1000-7f7a8e8d9000 rw-s 00000000 08:01 5118117                    /tmp/hsperfdata_antonio/11918
7f7a8e8d9000-7f7a8e8da000 rw-p 00000000 00:00 0 
7f7a8e8da000-7f7a8e8db000 r--p 00000000 00:00 0 
7f7a8e8db000-7f7a8e8dd000 rw-p 00000000 00:00 0 
7f7a8e8dd000-7f7a8e8de000 r--p 00020000 08:01 4328367                    /lib/x86_64-linux-gnu/ld-2.19.so
7f7a8e8de000-7f7a8e8df000 rw-p 00021000 08:01 4328367                    /lib/x86_64-linux-gnu/ld-2.19.so
7f7a8e8df000-7f7a8e8e0000 rw-p 00000000 00:00 0 
7fffac91b000-7fffac93c000 rw-p 00000000 00:00 0                          [stack]
7fffac9b7000-7fffac9b9000 r-xp 00000000 00:00 0                          [vdso]
7fffac9b9000-7fffac9bb000 r--p 00000000 00:00 0                          [vvar]
ffffffffff600000-ffffffffff601000 r-xp 00000000 00:00 0                  [vsyscall]

VM Arguments:
jvm_args: -Dapplication.home=/usr/lib/jvm/java-8-oracle -Xms8m 
java_command: com.sun.tools.javac.Main -g -nowarn -classpath /usr/class/cs143/cool/lib:. AbstractSymbol.java AbstractTable.java BoolConst.java CgenClassTable.java CgenNode.java CgenSupport.java ClassTable.java CoolTokenLexer.java Flags.java IdSymbol.java IdTable.java IntSymbol.java IntTable.java ListNode.java Parser.java StringSymbol.java StringTable.java SymbolTable.java TreeConstants.java TreeNode.java Utilities.java cool-tree.java CoolParser.java TokenConstants.java
java_class_path (initial): /usr/lib/jvm/java-8-oracle/lib/tools.jar:/usr/lib/jvm/java-8-oracle/classes
Launcher Type: SUN_STANDARD

Environment Variables:
JAVA_HOME=/usr/lib/jvm/java-8-oracle
PATH=/usr/class/cs143/cool/bin:/usr/local/bin:/usr/bin:/bin:/usr/local/games:/usr/games:/usr/lib/jvm/java-8-oracle/bin:/usr/lib/jvm/java-8-oracle/db/bin:/usr/lib/jvm/java-8-oracle/jre/bin
USERNAME=antonio
SHELL=/bin/bash
DISPLAY=:0.0

Signal Handlers:
SIGSEGV: [libjvm.so+0xac78c0], sa_mask[0]=11111111011111111101111111111110, sa_flags=SA_RESTART|SA_SIGINFO
SIGBUS: [libjvm.so+0xac78c0], sa_mask[0]=11111111011111111101111111111110, sa_flags=SA_RESTART|SA_SIGINFO
SIGFPE: [libjvm.so+0x920ac0], sa_mask[0]=11111111011111111101111111111110, sa_flags=SA_RESTART|SA_SIGINFO
SIGPIPE: [libjvm.so+0x920ac0], sa_mask[0]=11111111011111111101111111111110, sa_flags=SA_RESTART|SA_SIGINFO
SIGXFSZ: [libjvm.so+0x920ac0], sa_mask[0]=11111111011111111101111111111110, sa_flags=SA_RESTART|SA_SIGINFO
SIGILL: [libjvm.so+0x920ac0], sa_mask[0]=11111111011111111101111111111110, sa_flags=SA_RESTART|SA_SIGINFO
SIGUSR1: SIG_DFL, sa_mask[0]=00000000000000000000000000000000, sa_flags=none
SIGUSR2: [libjvm.so+0x922300], sa_mask[0]=00000000000000000000000000000000, sa_flags=SA_RESTART|SA_SIGINFO
SIGHUP: [libjvm.so+0x923700], sa_mask[0]=11111111011111111101111111111110, sa_flags=SA_RESTART|SA_SIGINFO
SIGINT: [libjvm.so+0x923700], sa_mask[0]=11111111011111111101111111111110, sa_flags=SA_RESTART|SA_SIGINFO
SIGTERM: [libjvm.so+0x923700], sa_mask[0]=11111111011111111101111111111110, sa_flags=SA_RESTART|SA_SIGINFO
SIGQUIT: [libjvm.so+0x923700], sa_mask[0]=11111111011111111101111111111110, sa_flags=SA_RESTART|SA_SIGINFO


---------------  S Y S T E M  ---------------

OS:PRETTY_NAME="Debian GNU/Linux 8 (jessie)"
NAME="Debian GNU/Linux"
VERSION_ID="8"
VERSION="8 (jessie)"
ID=debian
HOME_URL="http://www.debian.org/"
SUPPORT_URL="http://www.debian.org/support"
BUG_REPORT_URL="https://bugs.debian.org/"

uname:Linux 3.16.0-4-amd64 #1 SMP Debian 3.16.39-1 (2016-12-30) x86_64
libc:glibc 2.19 NPTL 2.19 
rlimit: STACK 8192k, CORE 0k, NPROC 12009, NOFILE 65536, AS infinity
load average:0,59 0,54 0,40

/proc/meminfo:
MemTotal:        3091540 kB
MemFree:         1441992 kB
MemAvailable:    2136480 kB
Buffers:           73048 kB
Cached:           748412 kB
SwapCached:            0 kB
Active:          1117784 kB
Inactive:         362088 kB
Active(anon):     659488 kB
Inactive(anon):    35760 kB
Active(file):     458296 kB
Inactive(file):   326328 kB
Unevictable:         120 kB
Mlocked:             120 kB
SwapTotal:       6286332 kB
SwapFree:        6286332 kB
Dirty:               208 kB
Writeback:             0 kB
AnonPages:        658580 kB
Mapped:           357396 kB
Shmem:             36840 kB
Slab:              76992 kB
SReclaimable:      44976 kB
SUnreclaim:        32016 kB
KernelStack:        5744 kB
PageTables:        22696 kB
NFS_Unstable:          0 kB
Bounce:                0 kB
WritebackTmp:          0 kB
CommitLimit:     7832100 kB
Committed_AS:    3019388 kB
VmallocTotal:   34359738367 kB
VmallocUsed:       84628 kB
VmallocChunk:   34359651196 kB
HardwareCorrupted:     0 kB
AnonHugePages:         0 kB
HugePages_Total:       0
HugePages_Free:        0
HugePages_Rsvd:        0
HugePages_Surp:        0
Hugepagesize:       2048 kB
DirectMap4k:      148416 kB
DirectMap2M:     2996224 kB


CPU:total 2 (2 cores per cpu, 1 threads per core) family 6 model 23 stepping 6, cmov, cx8, fxsr, mmx, sse, sse2, sse3, ssse3, sse4.1, tsc

/proc/cpuinfo:
processor	: 0
vendor_id	: GenuineIntel
cpu family	: 6
model		: 23
model name	: Intel(R) Core(TM)2 Duo CPU     E8500  @ 3.16GHz
stepping	: 6
microcode	: 0x606
cpu MHz		: 3166.865
cache size	: 6144 KB
physical id	: 0
siblings	: 2
core id		: 0
cpu cores	: 2
apicid		: 0
initial apicid	: 0
fpu		: yes
fpu_exception	: yes
cpuid level	: 10
wp		: yes
flags		: fpu vme de pse tsc msr pae mce cx8 apic sep mtrr pge mca cmov pat pse36 clflush dts acpi mmx fxsr sse sse2 ss ht tm pbe syscall nx lm constant_tsc arch_perfmon pebs bts rep_good nopl aperfmperf pni dtes64 monitor ds_cpl vmx smx est tm2 ssse3 cx16 xtpr pdcm sse4_1 lahf_lm dtherm tpr_shadow vnmi flexpriority
bogomips	: 6333.73
clflush size	: 64
cache_alignment	: 64
address sizes	: 36 bits physical, 48 bits virtual
power management:

processor	: 1
vendor_id	: GenuineIntel
cpu family	: 6
model		: 23
model name	: Intel(R) Core(TM)2 Duo CPU     E8500  @ 3.16GHz
stepping	: 6
microcode	: 0x606
cpu MHz		: 3166.865
cache size	: 6144 KB
physical id	: 0
siblings	: 2
core id		: 1
cpu cores	: 2
apicid		: 1
initial apicid	: 1
fpu		: yes
fpu_exception	: yes
cpuid level	: 10
wp		: yes
flags		: fpu vme de pse tsc msr pae mce cx8 apic sep mtrr pge mca cmov pat pse36 clflush dts acpi mmx fxsr sse sse2 ss ht tm pbe syscall nx lm constant_tsc arch_perfmon pebs bts rep_good nopl aperfmperf pni dtes64 monitor ds_cpl vmx smx est tm2 ssse3 cx16 xtpr pdcm sse4_1 lahf_lm dtherm tpr_shadow vnmi flexpriority
bogomips	: 6333.73
clflush size	: 64
cache_alignment	: 64
address sizes	: 36 bits physical, 48 bits virtual
power management:



Memory: 4k page, physical 3091540k(1441992k free), swap 6286332k(6286332k free)

vm_info: Java HotSpot(TM) 64-Bit Server VM (25.121-b13) for linux-amd64 JRE (1.8.0_121-b13), built on Dec 12 2016 16:36:53 by "java_re" with gcc 4.3.0 20080428 (Red Hat 4.3.0-8)

time: Tue Apr 18 12:20:34 2017
elapsed time: 1 seconds (0d 0h 0m 1s)

