#
# A fatal error has been detected by the Java Runtime Environment:
#
#  SIGSEGV (0xb) at pc=0x00007fafd2005060, pid=4392, tid=0x00007fb0285b9700
#
# JRE version: Java(TM) SE Runtime Environment (8.0_121-b13) (build 1.8.0_121-b13)
# Java VM: Java HotSpot(TM) 64-Bit Server VM (25.121-b13 mixed mode linux-amd64 compressed oops)
# Problematic frame:
# C  0x00007fafd2005060
#
# Failed to write core dump. Core dumps have been disabled. To enable core dumping, try "ulimit -c unlimited" before starting Java again
#
# If you would like to submit a bug report, please visit:
#   http://bugreport.java.com/bugreport/crash.jsp
#

---------------  T H R E A D  ---------------

Current thread (0x00007fb02000a000):  JavaThread "main" [_thread_in_Java, id=4393, stack(0x00007fb0284b9000,0x00007fb0285ba000)]

siginfo: si_signo: 11 (SIGSEGV), si_code: 1 (SEGV_MAPERR), si_addr: 0x00007fafd2005060

Registers:
RAX=0x00000000f068f710, RBX=0x0000000100023b48, RCX=0x000000000003a240, RDX=0x00000000f04b4de0
RSP=0x00007fb0285b7688, RBP=0x00007fb0285b7b70, RSI=0x00000000d0c81138, RDI=0x00000000d0c81138
R8 =0x0000000000000029, R9 =0x00000000f068f710, R10=0x0000000000000038, R11=0x00000000f04b4de0
R12=0x0000000000000000, R13=0x0000000100023b48, R14=0x0000000000000055, R15=0x00007fb02000a000
RIP=0x00007fafd2005060, EFLAGS=0x0000000000010212, CSGSFS=0x0000000000000033, ERR=0x0000000000000014
  TRAPNO=0x000000000000000e

Top of Stack: (sp=0x00007fb0285b7688)
0x00007fb0285b7688:   00007fb0112496e4 00007fb0285b7780
0x00007fb0285b7698:   00007fb01110728f 00007fb011107150
0x00007fb0285b76a8:   0000ffff00000000 00007fb0285b7950
0x00007fb0285b76b8:   00007fb0285b7780 00007fb0285b7960
0x00007fb0285b76c8:   00007fb01124904f 00007fb011248e10
0x00007fb0285b76d8:   0000000000000000 00007fb0285b7b70
0x00007fb0285b76e8:   00007fb0285b7960 0000000000000000
0x00007fb0285b76f8:   0000000000000000 0000000000000000
0x00007fb0285b7708:   0000000000000000 0000000000000000
0x00007fb0285b7718:   0000000000000000 00007fb024bc3da8
0x00007fb0285b7728:   00007fb02000a000 00007fb024bc3da8
0x00007fb0285b7738:   00007fb02000a000 00000000f068e6f8
0x00007fb0285b7748:   00007fb024bc3da8 0000000000000000
0x00007fb0285b7758:   0000000000000f01 000000000001a527
0x00007fb0285b7768:   00007fb02000a000 00007fb0285b7950
0x00007fb0285b7778:   00007fb01110728f 00000000d0c81118
0x00007fb0285b7788:   00000000f068f710 00007fb0285b7b70
0x00007fb0285b7798:   00007fb011240e84 3ff999999999999a
0x00007fb0285b77a8:   000002391d11dce3 0000000000000000
0x00007fb0285b77b8:   732f464e492d4154 78452f6b646a2f72
0x00007fb0285b77c8:   0000000000000000 00000000d0c673c8
0x00007fb0285b77d8:   00ffff0000000000 00007fb0285b7b70
0x00007fb0285b77e8:   00007fb011247c5c 0000000000000000
0x00007fb0285b77f8:   0000000000000000 00007fb0285b7b70
0x00007fb0285b7808:   00007fb011118634 00000000f068e670
0x00007fb0285b7818:   0000000000000000 00000000f068e798
0x00007fb0285b7828:   0000000000000027 00000000f068d798
0x00007fb0285b7838:   0000000091380183 00000000f068f0f0
0x00007fb0285b7848:   00007fb0110077d0 00007fb0110077d0
0x00007fb0285b7858:   00000000f068d738 00007fb0285b7b70
0x00007fb0285b7868:   00007fb01112d744 00007fb0248c7bc4
0x00007fb0285b7878:   00007fb0285b78c0 00007fb0248cb180 

Instructions: (pc=0x00007fafd2005060)
0x00007fafd2005040:   
[error occurred during error reporting (printing registers, top of stack, instructions near pc), id 0xb]

Register to memory mapping:

RAX=0x00000000f068f710 is an oop
[C 
 - klass: {type array char}
 - length: 41
RBX=0x0000000100023b48 is pointing into metadata
RCX=0x000000000003a240 is an unknown value
RDX=0x00000000f04b4de0 is an oop
[B 
 - klass: {type array byte}
 - length: 1576347
RSP=0x00007fb0285b7688 is pointing into the stack for thread: 0x00007fb02000a000
RBP=0x00007fb0285b7b70 is pointing into the stack for thread: 0x00007fb02000a000
RSI=0x00000000d0c81138 is an oop
sun.nio.cs.UTF_8$Decoder 
 - klass: 'sun/nio/cs/UTF_8$Decoder'
RDI=0x00000000d0c81138 is an oop
sun.nio.cs.UTF_8$Decoder 
 - klass: 'sun/nio/cs/UTF_8$Decoder'
R8 =0x0000000000000029 is an unknown value
R9 =0x00000000f068f710 is an oop
[C 
 - klass: {type array char}
 - length: 41
R10=0x0000000000000038 is an unknown value
R11=0x00000000f04b4de0 is an oop
[B 
 - klass: {type array byte}
 - length: 1576347
R12=0x0000000000000000 is an unknown value
R13=0x0000000100023b48 is pointing into metadata
R14=0x0000000000000055 is an unknown value
R15=0x00007fb02000a000 is a thread


Stack: [0x00007fb0284b9000,0x00007fb0285ba000],  sp=0x00007fb0285b7688,  free space=1017k
Native frames: (J=compiled Java code, j=interpreted, Vv=VM code, C=native code)
C  0x00007fafd2005060
j  com.sun.tools.javac.file.ZipFileIndex$ZipDirectory.access$000(Lcom/sun/tools/javac/file/ZipFileIndex$ZipDirectory;)V+1
j  com.sun.tools.javac.file.ZipFileIndex.checkIndex()V+99
j  com.sun.tools.javac.file.ZipFileIndex.<init>(Ljava/io/File;Lcom/sun/tools/javac/file/RelativePath$RelativeDirectory;ZZLjava/lang/String;)V+130
j  com.sun.tools.javac.file.ZipFileIndexCache.getZipFileIndex(Ljava/io/File;Lcom/sun/tools/javac/file/RelativePath$RelativeDirectory;ZLjava/lang/String;Z)Lcom/sun/tools/javac/file/ZipFileIndex;+41
j  com.sun.tools.javac.file.JavacFileManager.openArchive(Ljava/io/File;Z)Lcom/sun/tools/javac/file/JavacFileManager$Archive;+421
j  com.sun.tools.javac.file.JavacFileManager.openArchive(Ljava/io/File;)Lcom/sun/tools/javac/file/JavacFileManager$Archive;+6
j  com.sun.tools.javac.file.JavacFileManager.listContainer(Ljava/io/File;Lcom/sun/tools/javac/file/RelativePath$RelativeDirectory;Ljava/util/Set;ZLcom/sun/tools/javac/util/ListBuffer;)V+45
j  com.sun.tools.javac.file.JavacFileManager.list(Ljavax/tools/JavaFileManager$Location;Ljava/lang/String;Ljava/util/Set;Z)Ljava/lang/Iterable;+82
j  com.sun.tools.javac.jvm.ClassReader.fillIn(Lcom/sun/tools/javac/code/Symbol$PackageSymbol;)V+52
j  com.sun.tools.javac.jvm.ClassReader.complete(Lcom/sun/tools/javac/code/Symbol;)V+88
j  com.sun.tools.javac.jvm.ClassReader.access$000(Lcom/sun/tools/javac/jvm/ClassReader;Lcom/sun/tools/javac/code/Symbol;)V+2
j  com.sun.tools.javac.jvm.ClassReader$1.complete(Lcom/sun/tools/javac/code/Symbol;)V+5
j  com.sun.tools.javac.code.Symbol.complete()V+19
j  com.sun.tools.javac.comp.Enter.visitTopLevel(Lcom/sun/tools/javac/tree/JCTree$JCCompilationUnit;)V+146
j  com.sun.tools.javac.tree.JCTree$JCCompilationUnit.accept(Lcom/sun/tools/javac/tree/JCTree$Visitor;)V+2
j  com.sun.tools.javac.comp.Enter.classEnter(Lcom/sun/tools/javac/tree/JCTree;Lcom/sun/tools/javac/comp/Env;)Lcom/sun/tools/javac/code/Type;+12
j  com.sun.tools.javac.comp.Enter.classEnter(Lcom/sun/tools/javac/util/List;Lcom/sun/tools/javac/comp/Env;)Lcom/sun/tools/javac/util/List;+29
j  com.sun.tools.javac.comp.Enter.complete(Lcom/sun/tools/javac/util/List;Lcom/sun/tools/javac/code/Symbol$ClassSymbol;)V+36
j  com.sun.tools.javac.comp.Enter.main(Lcom/sun/tools/javac/util/List;)V+3
j  com.sun.tools.javac.main.JavaCompiler.enterTrees(Lcom/sun/tools/javac/util/List;)Lcom/sun/tools/javac/util/List;+64
j  com.sun.tools.javac.main.JavaCompiler.compile(Lcom/sun/tools/javac/util/List;Lcom/sun/tools/javac/util/List;Ljava/lang/Iterable;)V+151
j  com.sun.tools.javac.main.Main.compile([Ljava/lang/String;[Ljava/lang/String;Lcom/sun/tools/javac/util/Context;Lcom/sun/tools/javac/util/List;Ljava/lang/Iterable;)Lcom/sun/tools/javac/main/Main$Result;+1299
j  com.sun.tools.javac.main.Main.compile([Ljava/lang/String;Lcom/sun/tools/javac/util/Context;Lcom/sun/tools/javac/util/List;Ljava/lang/Iterable;)Lcom/sun/tools/javac/main/Main$Result;+7
j  com.sun.tools.javac.main.Main.compile([Ljava/lang/String;Lcom/sun/tools/javac/util/Context;)Lcom/sun/tools/javac/main/Main$Result;+7
j  com.sun.tools.javac.main.Main.compile([Ljava/lang/String;)Lcom/sun/tools/javac/main/Main$Result;+15
j  com.sun.tools.javac.Main.compile([Ljava/lang/String;)I+12
j  com.sun.tools.javac.Main.main([Ljava/lang/String;)V+1
v  ~StubRoutines::call_stub
V  [libjvm.so+0x690dd6]  JavaCalls::call_helper(JavaValue*, methodHandle*, JavaCallArguments*, Thread*)+0x1056
V  [libjvm.so+0x6d21e2]  jni_invoke_static(JNIEnv_*, JavaValue*, _jobject*, JNICallType, _jmethodID*, JNI_ArgumentPusher*, Thread*)+0x362
V  [libjvm.so+0x6eea4a]  jni_CallStaticVoidMethod+0x17a
C  [libjli.so+0x7bdf]  JavaMain+0x81f
C  [libpthread.so.0+0x8064]  start_thread+0xc4


---------------  P R O C E S S  ---------------

Java Threads: ( => current thread )
  0x00007fb0200ba000 JavaThread "Service Thread" daemon [_thread_blocked, id=4402, stack(0x00007fb00e8a8000,0x00007fb00e9a9000)]
  0x00007fb0200b7800 JavaThread "C1 CompilerThread1" daemon [_thread_blocked, id=4401, stack(0x00007fb00e9a9000,0x00007fb00eaaa000)]
  0x00007fb0200b4800 JavaThread "C2 CompilerThread0" daemon [_thread_in_native, id=4400, stack(0x00007fb00eaaa000,0x00007fb00ebab000)]
  0x00007fb0200b3000 JavaThread "Signal Dispatcher" daemon [_thread_blocked, id=4399, stack(0x00007fb00ebab000,0x00007fb00ecac000)]
  0x00007fb02007f800 JavaThread "Finalizer" daemon [_thread_blocked, id=4398, stack(0x00007fb00ee35000,0x00007fb00ef36000)]
  0x00007fb02007b000 JavaThread "Reference Handler" daemon [_thread_blocked, id=4397, stack(0x00007fb00ef36000,0x00007fb00f037000)]
=>0x00007fb02000a000 JavaThread "main" [_thread_in_Java, id=4393, stack(0x00007fb0284b9000,0x00007fb0285ba000)]

Other Threads:
  0x00007fb020073800 VMThread [stack: 0x00007fb00f037000,0x00007fb00f138000] [id=4396]
  0x00007fb0200bd800 WatcherThread [stack: 0x00007fb00e7a7000,0x00007fb00e8a8000] [id=4403]

VM state:not at safepoint (normal execution)

VM Mutex/Monitor currently owned by a thread: None

Heap:
 PSYoungGen      total 6656K, used 3124K [0x00000000f0400000, 0x00000000f1400000, 0x0000000100000000)
  eden space 6144K, 42% used [0x00000000f0400000,0x00000000f0690ff0,0x00000000f0a00000)
  from space 512K, 96% used [0x00000000f0a00000,0x00000000f0a7c030,0x00000000f0a80000)
  to   space 2048K, 0% used [0x00000000f1200000,0x00000000f1200000,0x00000000f1400000)
 ParOldGen       total 5632K, used 2334K [0x00000000d0c00000, 0x00000000d1180000, 0x00000000f0400000)
  object space 5632K, 41% used [0x00000000d0c00000,0x00000000d0e47a30,0x00000000d1180000)
 Metaspace       used 7428K, capacity 8308K, committed 8448K, reserved 1056768K
  class space    used 889K, capacity 944K, committed 1024K, reserved 1048576K

Card table byte_map: [0x00007fb025118000,0x00007fb025293000] byte_map_base: 0x00007fb024a92000

Marking Bits: (ParMarkBitMap*) 0x00007fb0279acc80
 Begin Bits: [0x00007fb00f860000, 0x00007fb010430000)
 End Bits:   [0x00007fb010430000, 0x00007fb011000000)

Polling page: 0x00007fb0285d9000

CodeCache: size=245760Kb used=2425Kb max_used=2436Kb free=243334Kb
 bounds [0x00007fb011000000, 0x00007fb011270000, 0x00007fb020000000]
 total_blobs=748 nmethods=466 adapters=198
 compilation: enabled

Compilation events (10 events):
Event: 0,555 Thread 0x00007fb0200b7800 nmethod 469% 0x00007fb01125db50 code [0x00007fb01125df60, 0x00007fb0112600f8]
Event: 0,555 Thread 0x00007fb0200b7800  473       2       java.util.HashMap::resize (359 bytes)
Event: 0,556 Thread 0x00007fb0200b7800 nmethod 473 0x00007fb01125ca10 code [0x00007fb01125cc00, 0x00007fb01125d448]
Event: 0,556 Thread 0x00007fb0200b7800  470       2       com.sun.tools.javac.file.RelativePath$RelativeDirectory::dirname (46 bytes)
Event: 0,556 Thread 0x00007fb0200b7800 nmethod 470 0x00007fb01125c490 code [0x00007fb01125c620, 0x00007fb01125c868]
Event: 0,556 Thread 0x00007fb0200b7800  471       2       java.util.AbstractList::<init> (10 bytes)
Event: 0,556 Thread 0x00007fb0200b7800 nmethod 471 0x00007fb01124f4d0 code [0x00007fb01124f620, 0x00007fb01124f770]
Event: 0,557 Thread 0x00007fb0200b4800 nmethod 373 0x00007fb011251b90 code [0x00007fb011251ce0, 0x00007fb011251e98]
Event: 0,557 Thread 0x00007fb0200b4800  472       4       sun.nio.cs.UTF_8$Decoder::decode (779 bytes)
Event: 0,560 Thread 0x00007fb0200b4800 nmethod 472 0x00007fb011251690 code [0x00007fb0112517e0, 0x00007fb011251a18]

GC Heap History (10 events):
Event: 0,110 GC heap before
{Heap before GC invocations=1 (full 0):
 PSYoungGen      total 2048K, used 1522K [0x00000000f0400000, 0x00000000f0680000, 0x0000000100000000)
  eden space 1536K, 99% used [0x00000000f0400000,0x00000000f057ca38,0x00000000f0580000)
  from space 512K, 0% used [0x00000000f0600000,0x00000000f0600000,0x00000000f0680000)
  to   space 512K, 0% used [0x00000000f0580000,0x00000000f0580000,0x00000000f0600000)
 ParOldGen       total 5632K, used 0K [0x00000000d0c00000, 0x00000000d1180000, 0x00000000f0400000)
  object space 5632K, 0% used [0x00000000d0c00000,0x00000000d0c00000,0x00000000d1180000)
 Metaspace       used 3419K, capacity 4812K, committed 5120K, reserved 1056768K
  class space    used 396K, capacity 456K, committed 512K, reserved 1048576K
Event: 0,112 GC heap after
Heap after GC invocations=1 (full 0):
 PSYoungGen      total 2048K, used 495K [0x00000000f0400000, 0x00000000f0800000, 0x0000000100000000)
  eden space 1536K, 0% used [0x00000000f0400000,0x00000000f0400000,0x00000000f0580000)
  from space 512K, 96% used [0x00000000f0580000,0x00000000f05fbc40,0x00000000f0600000)
  to   space 512K, 0% used [0x00000000f0780000,0x00000000f0780000,0x00000000f0800000)
 ParOldGen       total 5632K, used 8K [0x00000000d0c00000, 0x00000000d1180000, 0x00000000f0400000)
  object space 5632K, 0% used [0x00000000d0c00000,0x00000000d0c02000,0x00000000d1180000)
 Metaspace       used 3419K, capacity 4812K, committed 5120K, reserved 1056768K
  class space    used 396K, capacity 456K, committed 512K, reserved 1048576K
}
Event: 0,154 GC heap before
{Heap before GC invocations=2 (full 0):
 PSYoungGen      total 2048K, used 1942K [0x00000000f0400000, 0x00000000f0800000, 0x0000000100000000)
  eden space 1536K, 94% used [0x00000000f0400000,0x00000000f0569d28,0x00000000f0580000)
  from space 512K, 96% used [0x00000000f0580000,0x00000000f05fbc40,0x00000000f0600000)
  to   space 512K, 0% used [0x00000000f0780000,0x00000000f0780000,0x00000000f0800000)
 ParOldGen       total 5632K, used 8K [0x00000000d0c00000, 0x00000000d1180000, 0x00000000f0400000)
  object space 5632K, 0% used [0x00000000d0c00000,0x00000000d0c02000,0x00000000d1180000)
 Metaspace       used 4105K, capacity 5388K, committed 5760K, reserved 1056768K
  class space    used 489K, capacity 520K, committed 640K, reserved 1048576K
Event: 0,155 GC heap after
Heap after GC invocations=2 (full 0):
 PSYoungGen      total 3584K, used 496K [0x00000000f0400000, 0x00000000f0800000, 0x0000000100000000)
  eden space 3072K, 0% used [0x00000000f0400000,0x00000000f0400000,0x00000000f0700000)
  from space 512K, 96% used [0x00000000f0780000,0x00000000f07fc010,0x00000000f0800000)
  to   space 512K, 0% used [0x00000000f0700000,0x00000000f0700000,0x00000000f0780000)
 ParOldGen       total 5632K, used 48K [0x00000000d0c00000, 0x00000000d1180000, 0x00000000f0400000)
  object space 5632K, 0% used [0x00000000d0c00000,0x00000000d0c0c020,0x00000000d1180000)
 Metaspace       used 4105K, capacity 5388K, committed 5760K, reserved 1056768K
  class space    used 489K, capacity 520K, committed 640K, reserved 1048576K
}
Event: 0,216 GC heap before
{Heap before GC invocations=3 (full 0):
 PSYoungGen      total 3584K, used 3568K [0x00000000f0400000, 0x00000000f0800000, 0x0000000100000000)
  eden space 3072K, 100% used [0x00000000f0400000,0x00000000f0700000,0x00000000f0700000)
  from space 512K, 96% used [0x00000000f0780000,0x00000000f07fc010,0x00000000f0800000)
  to   space 512K, 0% used [0x00000000f0700000,0x00000000f0700000,0x00000000f0780000)
 ParOldGen       total 5632K, used 48K [0x00000000d0c00000, 0x00000000d1180000, 0x00000000f0400000)
  object space 5632K, 0% used [0x00000000d0c00000,0x00000000d0c0c020,0x00000000d1180000)
 Metaspace       used 5131K, capacity 6348K, committed 6656K, reserved 1056768K
  class space    used 623K, capacity 648K, committed 768K, reserved 1048576K
Event: 0,219 GC heap after
Heap after GC invocations=3 (full 0):
 PSYoungGen      total 3584K, used 480K [0x00000000f0400000, 0x00000000f0b00000, 0x0000000100000000)
  eden space 3072K, 0% used [0x00000000f0400000,0x00000000f0400000,0x00000000f0700000)
  from space 512K, 93% used [0x00000000f0700000,0x00000000f0778020,0x00000000f0780000)
  to   space 512K, 0% used [0x00000000f0a80000,0x00000000f0a80000,0x00000000f0b00000)
 ParOldGen       total 5632K, used 516K [0x00000000d0c00000, 0x00000000d1180000, 0x00000000f0400000)
  object space 5632K, 9% used [0x00000000d0c00000,0x00000000d0c81060,0x00000000d1180000)
 Metaspace       used 5131K, capacity 6348K, committed 6656K, reserved 1056768K
  class space    used 623K, capacity 648K, committed 768K, reserved 1048576K
}
Event: 0,300 GC heap before
{Heap before GC invocations=4 (full 0):
 PSYoungGen      total 3584K, used 3552K [0x00000000f0400000, 0x00000000f0b00000, 0x0000000100000000)
  eden space 3072K, 100% used [0x00000000f0400000,0x00000000f0700000,0x00000000f0700000)
  from space 512K, 93% used [0x00000000f0700000,0x00000000f0778020,0x00000000f0780000)
  to   space 512K, 0% used [0x00000000f0a80000,0x00000000f0a80000,0x00000000f0b00000)
 ParOldGen       total 5632K, used 516K [0x00000000d0c00000, 0x00000000d1180000, 0x00000000f0400000)
  object space 5632K, 9% used [0x00000000d0c00000,0x00000000d0c81060,0x00000000d1180000)
 Metaspace       used 6233K, capacity 7404K, committed 7552K, reserved 1056768K
  class space    used 780K, capacity 808K, committed 896K, reserved 1048576K
Event: 0,302 GC heap after
Heap after GC invocations=4 (full 0):
 PSYoungGen      total 6656K, used 480K [0x00000000f0400000, 0x00000000f0b00000, 0x0000000100000000)
  eden space 6144K, 0% used [0x00000000f0400000,0x00000000f0400000,0x00000000f0a00000)
  from space 512K, 93% used [0x00000000f0a80000,0x00000000f0af8020,0x00000000f0b00000)
  to   space 512K, 0% used [0x00000000f0a00000,0x00000000f0a00000,0x00000000f0a80000)
 ParOldGen       total 5632K, used 886K [0x00000000d0c00000, 0x00000000d1180000, 0x00000000f0400000)
  object space 5632K, 15% used [0x00000000d0c00000,0x00000000d0cdd848,0x00000000d1180000)
 Metaspace       used 6233K, capacity 7404K, committed 7552K, reserved 1056768K
  class space    used 780K, capacity 808K, committed 896K, reserved 1048576K
}
Event: 0,508 GC heap before
{Heap before GC invocations=5 (full 0):
 PSYoungGen      total 6656K, used 6624K [0x00000000f0400000, 0x00000000f0b00000, 0x0000000100000000)
  eden space 6144K, 100% used [0x00000000f0400000,0x00000000f0a00000,0x00000000f0a00000)
  from space 512K, 93% used [0x00000000f0a80000,0x00000000f0af8020,0x00000000f0b00000)
  to   space 512K, 0% used [0x00000000f0a00000,0x00000000f0a00000,0x00000000f0a80000)
 ParOldGen       total 5632K, used 886K [0x00000000d0c00000, 0x00000000d1180000, 0x00000000f0400000)
  object space 5632K, 15% used [0x00000000d0c00000,0x00000000d0cdd848,0x00000000d1180000)
 Metaspace       used 7310K, capacity 8212K, committed 8448K, reserved 1056768K
  class space    used 881K, capacity 912K, committed 1024K, reserved 1048576K
Event: 0,513 GC heap after
Heap after GC invocations=5 (full 0):
 PSYoungGen      total 6656K, used 496K [0x00000000f0400000, 0x00000000f1400000, 0x0000000100000000)
  eden space 6144K, 0% used [0x00000000f0400000,0x00000000f0400000,0x00000000f0a00000)
  from space 512K, 96% used [0x00000000f0a00000,0x00000000f0a7c030,0x00000000f0a80000)
  to   space 2048K, 0% used [0x00000000f1200000,0x00000000f1200000,0x00000000f1400000)
 ParOldGen       total 5632K, used 2334K [0x00000000d0c00000, 0x00000000d1180000, 0x00000000f0400000)
  object space 5632K, 41% used [0x00000000d0c00000,0x00000000d0e47a30,0x00000000d1180000)
 Metaspace       used 7310K, capacity 8212K, committed 8448K, reserved 1056768K
  class space    used 881K, capacity 912K, committed 1024K, reserved 1048576K
}

Deoptimization events (6 events):
Event: 0,336 Thread 0x00007fb02000a000 Uncommon trap: reason=unstable_if action=reinterpret pc=0x00007fb0111696ec method=java.lang.String.replace(CC)Ljava/lang/String; @ 2
Event: 0,339 Thread 0x00007fb02000a000 Uncommon trap: reason=class_check action=maybe_recompile pc=0x00007fb011199a60 method=sun.misc.URLClassPath.getLoader(I)Lsun/misc/URLClassPath$Loader; @ 94
Event: 0,340 Thread 0x00007fb02000a000 Uncommon trap: reason=class_check action=maybe_recompile pc=0x00007fb011199a60 method=sun.misc.URLClassPath.getLoader(I)Lsun/misc/URLClassPath$Loader; @ 94
Event: 0,340 Thread 0x00007fb02000a000 Uncommon trap: reason=unstable_if action=reinterpret pc=0x00007fb011189680 method=java.lang.String.indexOf([CII[CIII)I @ 134
Event: 0,382 Thread 0x00007fb02000a000 Uncommon trap: reason=unstable_if action=reinterpret pc=0x00007fb0111c6710 method=com.sun.tools.javac.parser.UnicodeReader.scanChar()V @ 37
Event: 0,385 Thread 0x00007fb02000a000 Uncommon trap: reason=unstable_if action=reinterpret pc=0x00007fb0111bdbd4 method=java.lang.String.<init>([CII)V @ 18

Internal exceptions (8 events):
Event: 0,020 Thread 0x00007fb02000a000 Exception <a 'java/lang/NoSuchMethodError': Method sun.misc.Unsafe.defineClass(Ljava/lang/String;[BII)Ljava/lang/Class; name or signature does not match> (0x00000000f0407cd8) thrown at [/HUDSON3/workspace/8-2-build-linux-amd64/jdk8u121/8372/hotspot/src/sh
Event: 0,020 Thread 0x00007fb02000a000 Exception <a 'java/lang/NoSuchMethodError': Method sun.misc.Unsafe.prefetchRead(Ljava/lang/Object;J)V name or signature does not match> (0x00000000f0407fc0) thrown at [/HUDSON3/workspace/8-2-build-linux-amd64/jdk8u121/8372/hotspot/src/share/vm/prims/jni.c
Event: 0,108 Thread 0x00007fb02000a000 Exception <a 'java/security/PrivilegedActionException'> (0x00000000f0565278) thrown at [/HUDSON3/workspace/8-2-build-linux-amd64/jdk8u121/8372/hotspot/src/share/vm/prims/jvm.cpp, line 1390]
Event: 0,108 Thread 0x00007fb02000a000 Exception <a 'java/security/PrivilegedActionException'> (0x00000000f0565670) thrown at [/HUDSON3/workspace/8-2-build-linux-amd64/jdk8u121/8372/hotspot/src/share/vm/prims/jvm.cpp, line 1390]
Event: 0,108 Thread 0x00007fb02000a000 Exception <a 'java/security/PrivilegedActionException'> (0x00000000f0567cc0) thrown at [/HUDSON3/workspace/8-2-build-linux-amd64/jdk8u121/8372/hotspot/src/share/vm/prims/jvm.cpp, line 1390]
Event: 0,108 Thread 0x00007fb02000a000 Exception <a 'java/security/PrivilegedActionException'> (0x00000000f05680b8) thrown at [/HUDSON3/workspace/8-2-build-linux-amd64/jdk8u121/8372/hotspot/src/share/vm/prims/jvm.cpp, line 1390]
Event: 0,115 Thread 0x00007fb02000a000 Exception <a 'java/security/PrivilegedActionException'> (0x00000000f04129b0) thrown at [/HUDSON3/workspace/8-2-build-linux-amd64/jdk8u121/8372/hotspot/src/share/vm/prims/jvm.cpp, line 1390]
Event: 0,115 Thread 0x00007fb02000a000 Exception <a 'java/security/PrivilegedActionException'> (0x00000000f0412da8) thrown at [/HUDSON3/workspace/8-2-build-linux-amd64/jdk8u121/8372/hotspot/src/share/vm/prims/jvm.cpp, line 1390]

Events (10 events):
Event: 0,524 loading class com/sun/tools/javac/file/ZipFileIndex$Entry
Event: 0,524 loading class com/sun/tools/javac/file/ZipFileIndex$Entry done
Event: 0,540 loading class java/util/Arrays$LegacyMergeSort
Event: 0,540 loading class java/util/Arrays$LegacyMergeSort done
Event: 0,540 loading class sun/security/action/GetBooleanAction
Event: 0,540 loading class sun/security/action/GetBooleanAction done
Event: 0,540 loading class java/util/ComparableTimSort
Event: 0,540 loading class java/util/ComparableTimSort done
Event: 0,541 loading class java/io/RandomAccessFile$1
Event: 0,541 loading class java/io/RandomAccessFile$1 done


Dynamic libraries:
00400000-00401000 r-xp 00000000 08:01 4995247                            /usr/lib/jvm/java-8-oracle/bin/javac
00600000-00601000 rw-p 00000000 08:01 4995247                            /usr/lib/jvm/java-8-oracle/bin/javac
0093b000-0095c000 rw-p 00000000 00:00 0                                  [heap]
d0c00000-d1180000 rw-p 00000000 00:00 0 
d1180000-f0400000 ---p 00000000 00:00 0 
f0400000-f1400000 rw-p 00000000 00:00 0 
f1400000-100000000 ---p 00000000 00:00 0 
100000000-100100000 rw-p 00000000 00:00 0 
100100000-140000000 ---p 00000000 00:00 0 
7fafe4000000-7fafe4021000 rw-p 00000000 00:00 0 
7fafe4021000-7fafe8000000 ---p 00000000 00:00 0 
7fafe8000000-7fafe85a8000 rw-p 00000000 00:00 0 
7fafe85a8000-7fafec000000 ---p 00000000 00:00 0 
7fafec000000-7fafec021000 rw-p 00000000 00:00 0 
7fafec021000-7faff0000000 ---p 00000000 00:00 0 
7faff0000000-7faff0021000 rw-p 00000000 00:00 0 
7faff0021000-7faff4000000 ---p 00000000 00:00 0 
7faff4000000-7faff44b1000 rw-p 00000000 00:00 0 
7faff44b1000-7faff8000000 ---p 00000000 00:00 0 
7faff8000000-7faff8021000 rw-p 00000000 00:00 0 
7faff8021000-7faffc000000 ---p 00000000 00:00 0 
7faffc000000-7faffc021000 rw-p 00000000 00:00 0 
7faffc021000-7fb000000000 ---p 00000000 00:00 0 
7fb000000000-7fb000021000 rw-p 00000000 00:00 0 
7fb000021000-7fb004000000 ---p 00000000 00:00 0 
7fb004000000-7fb004021000 rw-p 00000000 00:00 0 
7fb004021000-7fb008000000 ---p 00000000 00:00 0 
7fb008000000-7fb008021000 rw-p 00000000 00:00 0 
7fb008021000-7fb00c000000 ---p 00000000 00:00 0 
7fb00e72d000-7fb00e7a7000 r--s 010f6000 08:01 4596462                    /usr/lib/jvm/java-8-oracle/lib/tools.jar
7fb00e7a7000-7fb00e7a8000 ---p 00000000 00:00 0 
7fb00e7a8000-7fb00e8a8000 rw-p 00000000 00:00 0                          [stack:4403]
7fb00e8a8000-7fb00e8ab000 ---p 00000000 00:00 0 
7fb00e8ab000-7fb00e9a9000 rw-p 00000000 00:00 0                          [stack:4402]
7fb00e9a9000-7fb00e9ac000 ---p 00000000 00:00 0 
7fb00e9ac000-7fb00eaaa000 rw-p 00000000 00:00 0                          [stack:4401]
7fb00eaaa000-7fb00eaad000 ---p 00000000 00:00 0 
7fb00eaad000-7fb00ebab000 rw-p 00000000 00:00 0                          [stack:4400]
7fb00ebab000-7fb00ebae000 ---p 00000000 00:00 0 
7fb00ebae000-7fb00ecac000 rw-p 00000000 00:00 0                          [stack:4399]
7fb00ecac000-7fb00ee35000 r--p 00000000 08:01 4460371                    /usr/lib/locale/locale-archive
7fb00ee35000-7fb00ee38000 ---p 00000000 00:00 0 
7fb00ee38000-7fb00ef36000 rw-p 00000000 00:00 0                          [stack:4398]
7fb00ef36000-7fb00ef39000 ---p 00000000 00:00 0 
7fb00ef39000-7fb00f037000 rw-p 00000000 00:00 0                          [stack:4397]
7fb00f037000-7fb00f038000 ---p 00000000 00:00 0 
7fb00f038000-7fb011000000 rw-p 00000000 00:00 0                          [stack:4396]
7fb011000000-7fb011270000 rwxp 00000000 00:00 0 
7fb011270000-7fb020000000 ---p 00000000 00:00 0 
7fb020000000-7fb02058d000 rw-p 00000000 00:00 0 
7fb02058d000-7fb024000000 ---p 00000000 00:00 0 
7fb02400d000-7fb024251000 rw-p 00000000 00:00 0 
7fb024251000-7fb02442a000 r--s 03d3e000 08:01 5251199                    /usr/lib/jvm/java-8-oracle/jre/lib/rt.jar
7fb02442a000-7fb024be0000 rw-p 00000000 00:00 0 
7fb024be0000-7fb024ca0000 ---p 00000000 00:00 0 
7fb024ca0000-7fb024e1a000 rw-p 00000000 00:00 0 
7fb024e1a000-7fb024e1b000 ---p 00000000 00:00 0 
7fb024e1b000-7fb024f1b000 rw-p 00000000 00:00 0                          [stack:4395]
7fb024f1b000-7fb024f1c000 ---p 00000000 00:00 0 
7fb024f1c000-7fb02501f000 rw-p 00000000 00:00 0                          [stack:4394]
7fb02501f000-7fb025118000 ---p 00000000 00:00 0 
7fb025118000-7fb02511b000 rw-p 00000000 00:00 0 
7fb02511b000-7fb025214000 ---p 00000000 00:00 0 
7fb025214000-7fb02521c000 rw-p 00000000 00:00 0 
7fb02521c000-7fb025292000 ---p 00000000 00:00 0 
7fb025292000-7fb02529d000 rw-p 00000000 00:00 0 
7fb02529d000-7fb025653000 ---p 00000000 00:00 0 
7fb025653000-7fb02566d000 r-xp 00000000 08:01 5251230                    /usr/lib/jvm/java-8-oracle/jre/lib/amd64/libzip.so
7fb02566d000-7fb02586d000 ---p 0001a000 08:01 5251230                    /usr/lib/jvm/java-8-oracle/jre/lib/amd64/libzip.so
7fb02586d000-7fb02586e000 rw-p 0001a000 08:01 5251230                    /usr/lib/jvm/java-8-oracle/jre/lib/amd64/libzip.so
7fb02586e000-7fb025879000 r-xp 00000000 08:01 4328379                    /lib/x86_64-linux-gnu/libnss_files-2.19.so
7fb025879000-7fb025a78000 ---p 0000b000 08:01 4328379                    /lib/x86_64-linux-gnu/libnss_files-2.19.so
7fb025a78000-7fb025a79000 r--p 0000a000 08:01 4328379                    /lib/x86_64-linux-gnu/libnss_files-2.19.so
7fb025a79000-7fb025a7a000 rw-p 0000b000 08:01 4328379                    /lib/x86_64-linux-gnu/libnss_files-2.19.so
7fb025a7a000-7fb025a84000 r-xp 00000000 08:01 4328381                    /lib/x86_64-linux-gnu/libnss_nis-2.19.so
7fb025a84000-7fb025c83000 ---p 0000a000 08:01 4328381                    /lib/x86_64-linux-gnu/libnss_nis-2.19.so
7fb025c83000-7fb025c84000 r--p 00009000 08:01 4328381                    /lib/x86_64-linux-gnu/libnss_nis-2.19.so
7fb025c84000-7fb025c85000 rw-p 0000a000 08:01 4328381                    /lib/x86_64-linux-gnu/libnss_nis-2.19.so
7fb025c85000-7fb025c9a000 r-xp 00000000 08:01 4328376                    /lib/x86_64-linux-gnu/libnsl-2.19.so
7fb025c9a000-7fb025e99000 ---p 00015000 08:01 4328376                    /lib/x86_64-linux-gnu/libnsl-2.19.so
7fb025e99000-7fb025e9a000 r--p 00014000 08:01 4328376                    /lib/x86_64-linux-gnu/libnsl-2.19.so
7fb025e9a000-7fb025e9b000 rw-p 00015000 08:01 4328376                    /lib/x86_64-linux-gnu/libnsl-2.19.so
7fb025e9b000-7fb025e9d000 rw-p 00000000 00:00 0 
7fb025e9d000-7fb025ea4000 r-xp 00000000 08:01 4328377                    /lib/x86_64-linux-gnu/libnss_compat-2.19.so
7fb025ea4000-7fb0260a3000 ---p 00007000 08:01 4328377                    /lib/x86_64-linux-gnu/libnss_compat-2.19.so
7fb0260a3000-7fb0260a4000 r--p 00006000 08:01 4328377                    /lib/x86_64-linux-gnu/libnss_compat-2.19.so
7fb0260a4000-7fb0260a5000 rw-p 00007000 08:01 4328377                    /lib/x86_64-linux-gnu/libnss_compat-2.19.so
7fb0260a5000-7fb0260d0000 r-xp 00000000 08:01 5251255                    /usr/lib/jvm/java-8-oracle/jre/lib/amd64/libjava.so
7fb0260d0000-7fb0262cf000 ---p 0002b000 08:01 5251255                    /usr/lib/jvm/java-8-oracle/jre/lib/amd64/libjava.so
7fb0262cf000-7fb0262d1000 rw-p 0002a000 08:01 5251255                    /usr/lib/jvm/java-8-oracle/jre/lib/amd64/libjava.so
7fb0262d1000-7fb0262de000 r-xp 00000000 08:01 5251208                    /usr/lib/jvm/java-8-oracle/jre/lib/amd64/libverify.so
7fb0262de000-7fb0264dd000 ---p 0000d000 08:01 5251208                    /usr/lib/jvm/java-8-oracle/jre/lib/amd64/libverify.so
7fb0264dd000-7fb0264df000 rw-p 0000c000 08:01 5251208                    /usr/lib/jvm/java-8-oracle/jre/lib/amd64/libverify.so
7fb0264df000-7fb0264e6000 r-xp 00000000 08:01 4328385                    /lib/x86_64-linux-gnu/librt-2.19.so
7fb0264e6000-7fb0266e5000 ---p 00007000 08:01 4328385                    /lib/x86_64-linux-gnu/librt-2.19.so
7fb0266e5000-7fb0266e6000 r--p 00006000 08:01 4328385                    /lib/x86_64-linux-gnu/librt-2.19.so
7fb0266e6000-7fb0266e7000 rw-p 00007000 08:01 4328385                    /lib/x86_64-linux-gnu/librt-2.19.so
7fb0266e7000-7fb0267e7000 r-xp 00000000 08:01 4328374                    /lib/x86_64-linux-gnu/libm-2.19.so
7fb0267e7000-7fb0269e6000 ---p 00100000 08:01 4328374                    /lib/x86_64-linux-gnu/libm-2.19.so
7fb0269e6000-7fb0269e7000 r--p 000ff000 08:01 4328374                    /lib/x86_64-linux-gnu/libm-2.19.so
7fb0269e7000-7fb0269e8000 rw-p 00100000 08:01 4328374                    /lib/x86_64-linux-gnu/libm-2.19.so
7fb0269e8000-7fb0276b6000 r-xp 00000000 08:01 5516074                    /usr/lib/jvm/java-8-oracle/jre/lib/amd64/server/libjvm.so
7fb0276b6000-7fb0278b6000 ---p 00cce000 08:01 5516074                    /usr/lib/jvm/java-8-oracle/jre/lib/amd64/server/libjvm.so
7fb0278b6000-7fb02798f000 rw-p 00cce000 08:01 5516074                    /usr/lib/jvm/java-8-oracle/jre/lib/amd64/server/libjvm.so
7fb02798f000-7fb0279da000 rw-p 00000000 00:00 0 
7fb0279da000-7fb027b7b000 r-xp 00000000 08:01 4328370                    /lib/x86_64-linux-gnu/libc-2.19.so
7fb027b7b000-7fb027d7b000 ---p 001a1000 08:01 4328370                    /lib/x86_64-linux-gnu/libc-2.19.so
7fb027d7b000-7fb027d7f000 r--p 001a1000 08:01 4328370                    /lib/x86_64-linux-gnu/libc-2.19.so
7fb027d7f000-7fb027d81000 rw-p 001a5000 08:01 4328370                    /lib/x86_64-linux-gnu/libc-2.19.so
7fb027d81000-7fb027d85000 rw-p 00000000 00:00 0 
7fb027d85000-7fb027d88000 r-xp 00000000 08:01 4328373                    /lib/x86_64-linux-gnu/libdl-2.19.so
7fb027d88000-7fb027f87000 ---p 00003000 08:01 4328373                    /lib/x86_64-linux-gnu/libdl-2.19.so
7fb027f87000-7fb027f88000 r--p 00002000 08:01 4328373                    /lib/x86_64-linux-gnu/libdl-2.19.so
7fb027f88000-7fb027f89000 rw-p 00003000 08:01 4328373                    /lib/x86_64-linux-gnu/libdl-2.19.so
7fb027f89000-7fb027f9e000 r-xp 00000000 08:01 4725419                    /usr/lib/jvm/java-8-oracle/lib/amd64/jli/libjli.so
7fb027f9e000-7fb02819e000 ---p 00015000 08:01 4725419                    /usr/lib/jvm/java-8-oracle/lib/amd64/jli/libjli.so
7fb02819e000-7fb02819f000 rw-p 00015000 08:01 4725419                    /usr/lib/jvm/java-8-oracle/lib/amd64/jli/libjli.so
7fb02819f000-7fb0281b7000 r-xp 00000000 08:01 4328366                    /lib/x86_64-linux-gnu/libpthread-2.19.so
7fb0281b7000-7fb0283b6000 ---p 00018000 08:01 4328366                    /lib/x86_64-linux-gnu/libpthread-2.19.so
7fb0283b6000-7fb0283b7000 r--p 00017000 08:01 4328366                    /lib/x86_64-linux-gnu/libpthread-2.19.so
7fb0283b7000-7fb0283b8000 rw-p 00018000 08:01 4328366                    /lib/x86_64-linux-gnu/libpthread-2.19.so
7fb0283b8000-7fb0283bc000 rw-p 00000000 00:00 0 
7fb0283bc000-7fb0283dc000 r-xp 00000000 08:01 4328367                    /lib/x86_64-linux-gnu/ld-2.19.so
7fb0283e7000-7fb0284b9000 rw-p 00000000 00:00 0 
7fb0284b9000-7fb0284bc000 ---p 00000000 00:00 0 
7fb0284bc000-7fb0285bf000 rw-p 00000000 00:00 0                          [stack:4393]
7fb0285bf000-7fb0285d0000 rw-p 00000000 00:00 0 
7fb0285d0000-7fb0285d8000 rw-s 00000000 08:01 5118109                    /tmp/hsperfdata_antonio/4392
7fb0285d8000-7fb0285d9000 rw-p 00000000 00:00 0 
7fb0285d9000-7fb0285da000 r--p 00000000 00:00 0 
7fb0285da000-7fb0285dc000 rw-p 00000000 00:00 0 
7fb0285dc000-7fb0285dd000 r--p 00020000 08:01 4328367                    /lib/x86_64-linux-gnu/ld-2.19.so
7fb0285dd000-7fb0285de000 rw-p 00021000 08:01 4328367                    /lib/x86_64-linux-gnu/ld-2.19.so
7fb0285de000-7fb0285df000 rw-p 00000000 00:00 0 
7ffc97875000-7ffc97896000 rw-p 00000000 00:00 0                          [stack]
7ffc97987000-7ffc97989000 r-xp 00000000 00:00 0                          [vdso]
7ffc97989000-7ffc9798b000 r--p 00000000 00:00 0                          [vvar]
ffffffffff600000-ffffffffff601000 r-xp 00000000 00:00 0                  [vsyscall]

VM Arguments:
jvm_args: -Dapplication.home=/usr/lib/jvm/java-8-oracle -Xms8m 
java_command: com.sun.tools.javac.Main -g -nowarn -classpath /usr/class/cs143/cool/lib:. AbstractSymbol.java AbstractTable.java BoolConst.java CgenClassTable.java CgenNode.java CgenSupport.java ClassTable.java CoolTokenLexer.java Flags.java IdSymbol.java IdTable.java IntSymbol.java IntTable.java ListNode.java Parser.java StringSymbol.java StringTable.java SymbolTable.java TreeConstants.java TreeNode.java Utilities.java cool-tree.java CoolParser.java TokenConstants.java
java_class_path (initial): /usr/lib/jvm/java-8-oracle/lib/tools.jar:/usr/lib/jvm/java-8-oracle/classes
Launcher Type: SUN_STANDARD

Environment Variables:
JAVA_HOME=/usr/lib/jvm/java-8-oracle
PATH=/usr/class/cs143/cool/bin:/usr/local/bin:/usr/bin:/bin:/usr/local/games:/usr/games:/usr/lib/jvm/java-8-oracle/bin:/usr/lib/jvm/java-8-oracle/db/bin:/usr/lib/jvm/java-8-oracle/jre/bin
USERNAME=antonio
SHELL=/bin/bash
DISPLAY=:0.0

Signal Handlers:
SIGSEGV: [libjvm.so+0xac78c0], sa_mask[0]=11111111011111111101111111111110, sa_flags=SA_RESTART|SA_SIGINFO
SIGBUS: [libjvm.so+0xac78c0], sa_mask[0]=11111111011111111101111111111110, sa_flags=SA_RESTART|SA_SIGINFO
SIGFPE: [libjvm.so+0x920ac0], sa_mask[0]=11111111011111111101111111111110, sa_flags=SA_RESTART|SA_SIGINFO
SIGPIPE: [libjvm.so+0x920ac0], sa_mask[0]=11111111011111111101111111111110, sa_flags=SA_RESTART|SA_SIGINFO
SIGXFSZ: [libjvm.so+0x920ac0], sa_mask[0]=11111111011111111101111111111110, sa_flags=SA_RESTART|SA_SIGINFO
SIGILL: [libjvm.so+0x920ac0], sa_mask[0]=11111111011111111101111111111110, sa_flags=SA_RESTART|SA_SIGINFO
SIGUSR1: SIG_DFL, sa_mask[0]=00000000000000000000000000000000, sa_flags=none
SIGUSR2: [libjvm.so+0x922300], sa_mask[0]=00000000000000000000000000000000, sa_flags=SA_RESTART|SA_SIGINFO
SIGHUP: [libjvm.so+0x923700], sa_mask[0]=11111111011111111101111111111110, sa_flags=SA_RESTART|SA_SIGINFO
SIGINT: [libjvm.so+0x923700], sa_mask[0]=11111111011111111101111111111110, sa_flags=SA_RESTART|SA_SIGINFO
SIGTERM: [libjvm.so+0x923700], sa_mask[0]=11111111011111111101111111111110, sa_flags=SA_RESTART|SA_SIGINFO
SIGQUIT: [libjvm.so+0x923700], sa_mask[0]=11111111011111111101111111111110, sa_flags=SA_RESTART|SA_SIGINFO


---------------  S Y S T E M  ---------------

OS:PRETTY_NAME="Debian GNU/Linux 8 (jessie)"
NAME="Debian GNU/Linux"
VERSION_ID="8"
VERSION="8 (jessie)"
ID=debian
HOME_URL="http://www.debian.org/"
SUPPORT_URL="http://www.debian.org/support"
BUG_REPORT_URL="https://bugs.debian.org/"

uname:Linux 3.16.0-4-amd64 #1 SMP Debian 3.16.39-1 (2016-12-30) x86_64
libc:glibc 2.19 NPTL 2.19 
rlimit: STACK 8192k, CORE 0k, NPROC 12009, NOFILE 65536, AS infinity
load average:0,18 0,30 0,28

/proc/meminfo:
MemTotal:        3091540 kB
MemFree:         1391724 kB
MemAvailable:    2144088 kB
Buffers:          133440 kB
Cached:           735132 kB
SwapCached:            0 kB
Active:          1108240 kB
Inactive:         390360 kB
Active(anon):     631064 kB
Inactive(anon):    28160 kB
Active(file):     477176 kB
Inactive(file):   362200 kB
Unevictable:         112 kB
Mlocked:             112 kB
SwapTotal:       6286332 kB
SwapFree:        6286332 kB
Dirty:               256 kB
Writeback:             0 kB
AnonPages:        630216 kB
Mapped:           351432 kB
Shmem:             29200 kB
Slab:             104360 kB
SReclaimable:      51224 kB
SUnreclaim:        53136 kB
KernelStack:        5696 kB
PageTables:        22764 kB
NFS_Unstable:          0 kB
Bounce:                0 kB
WritebackTmp:          0 kB
CommitLimit:     7832100 kB
Committed_AS:    3013024 kB
VmallocTotal:   34359738367 kB
VmallocUsed:       84628 kB
VmallocChunk:   34359651196 kB
HardwareCorrupted:     0 kB
AnonHugePages:         0 kB
HugePages_Total:       0
HugePages_Free:        0
HugePages_Rsvd:        0
HugePages_Surp:        0
Hugepagesize:       2048 kB
DirectMap4k:      154560 kB
DirectMap2M:     2990080 kB


CPU:total 2 (2 cores per cpu, 1 threads per core) family 6 model 23 stepping 6, cmov, cx8, fxsr, mmx, sse, sse2, sse3, ssse3, sse4.1, tsc

/proc/cpuinfo:
processor	: 0
vendor_id	: GenuineIntel
cpu family	: 6
model		: 23
model name	: Intel(R) Core(TM)2 Duo CPU     E8500  @ 3.16GHz
stepping	: 6
microcode	: 0x606
cpu MHz		: 3166.845
cache size	: 6144 KB
physical id	: 0
siblings	: 2
core id		: 0
cpu cores	: 2
apicid		: 0
initial apicid	: 0
fpu		: yes
fpu_exception	: yes
cpuid level	: 10
wp		: yes
flags		: fpu vme de pse tsc msr pae mce cx8 apic sep mtrr pge mca cmov pat pse36 clflush dts acpi mmx fxsr sse sse2 ss ht tm pbe syscall nx lm constant_tsc arch_perfmon pebs bts rep_good nopl aperfmperf pni dtes64 monitor ds_cpl vmx smx est tm2 ssse3 cx16 xtpr pdcm sse4_1 lahf_lm dtherm tpr_shadow vnmi flexpriority
bogomips	: 6333.69
clflush size	: 64
cache_alignment	: 64
address sizes	: 36 bits physical, 48 bits virtual
power management:

processor	: 1
vendor_id	: GenuineIntel
cpu family	: 6
model		: 23
model name	: Intel(R) Core(TM)2 Duo CPU     E8500  @ 3.16GHz
stepping	: 6
microcode	: 0x606
cpu MHz		: 3166.845
cache size	: 6144 KB
physical id	: 0
siblings	: 2
core id		: 1
cpu cores	: 2
apicid		: 1
initial apicid	: 1
fpu		: yes
fpu_exception	: yes
cpuid level	: 10
wp		: yes
flags		: fpu vme de pse tsc msr pae mce cx8 apic sep mtrr pge mca cmov pat pse36 clflush dts acpi mmx fxsr sse sse2 ss ht tm pbe syscall nx lm constant_tsc arch_perfmon pebs bts rep_good nopl aperfmperf pni dtes64 monitor ds_cpl vmx smx est tm2 ssse3 cx16 xtpr pdcm sse4_1 lahf_lm dtherm tpr_shadow vnmi flexpriority
bogomips	: 6333.69
clflush size	: 64
cache_alignment	: 64
address sizes	: 36 bits physical, 48 bits virtual
power management:



Memory: 4k page, physical 3091540k(1391724k free), swap 6286332k(6286332k free)

vm_info: Java HotSpot(TM) 64-Bit Server VM (25.121-b13) for linux-amd64 JRE (1.8.0_121-b13), built on Dec 12 2016 16:36:53 by "java_re" with gcc 4.3.0 20080428 (Red Hat 4.3.0-8)

time: Thu Apr 13 12:33:52 2017
elapsed time: 0 seconds (0d 0h 0m 0s)

