#
# A fatal error has been detected by the Java Runtime Environment:
#
#  SIGSEGV (0xb) at pc=0x00007f394a005060, pid=10620, tid=0x00007f39a0c77700
#
# JRE version: Java(TM) SE Runtime Environment (8.0_121-b13) (build 1.8.0_121-b13)
# Java VM: Java HotSpot(TM) 64-Bit Server VM (25.121-b13 mixed mode linux-amd64 compressed oops)
# Problematic frame:
# C  0x00007f394a005060
#
# Failed to write core dump. Core dumps have been disabled. To enable core dumping, try "ulimit -c unlimited" before starting Java again
#
# If you would like to submit a bug report, please visit:
#   http://bugreport.java.com/bugreport/crash.jsp
#

---------------  T H R E A D  ---------------

Current thread (0x00007f399800a000):  JavaThread "main" [_thread_in_Java, id=10621, stack(0x00007f39a0b77000,0x00007f39a0c78000)]

siginfo: si_signo: 11 (SIGSEGV), si_code: 1 (SEGV_MAPERR), si_addr: 0x00007f394a005060

Registers:
RAX=0x00000000d11a0550, RBX=0x00007f399d2da970, RCX=0x00000000000001a7, RDX=0x0000000100070618
RSP=0x00007f39a0c74438, RBP=0x00007f39a0c74948, RSI=0x00000000d11a0550, RDI=0x00000000d11a0550
R8 =0x0000000000000001, R9 =0x00000000d0cd7770, R10=0x00000000d1155958, R11=0x0000000000000eda
R12=0x0000000000000000, R13=0x00000000d0f35af0, R14=0x00000000d0f35af0, R15=0x00007f399800a000
RIP=0x00007f394a005060, EFLAGS=0x0000000000010202, CSGSFS=0x0000000000000033, ERR=0x0000000000000014
  TRAPNO=0x000000000000000e

Top of Stack: (sp=0x00007f39a0c74438)
0x00007f39a0c74438:   00007f39893b1ca4 00007f39a0c74630
0x00007f39a0c74448:   00007f39893454dc 0000000100038e08
0x00007f39a0c74458:   000000010006af10 00007f39a0c744b0
0x00007f39a0c74468:   00007f399f731560 00007f39a0c745d8
0x00007f39a0c74478:   00007f3989016f47 00007f3989005310
0x00007f39a0c74488:   00007f39980075a0 0000000000000000
0x00007f39a0c74498:   00007f399800a000 00000000f06182f8
0x00007f39a0c744a8:   00000000d11860a0 00000000f0ff6258
0x00007f39a0c744b8:   00000000d0c5d760 00000000f0618398
0x00007f39a0c744c8:   00000000d0f46838 00007f39a0c74630
0x00007f39a0c744d8:   00007f39893a1174 0000000000000000
0x00007f39a0c744e8:   00000000d11a0550 00000000d0cd7770
0x00007f39a0c744f8:   00007f39893cdd84 0000002289007d80
0x00007f39a0c74508:   0000000100087c48 00007f39a0c74620
0x00007f39a0c74518:   ffffffffa0c74518 00000000d11a0550
0x00007f39a0c74528:   00000000d11a0550 00007f39a0c74590
0x00007f39a0c74538:   0000000100087c48 00007f399800a000
0x00007f39a0c74548:   0000000000000022 0000000000000000
0x00007f39a0c74558:   00007f399800a000 00007f39a0c746b0
0x00007f39a0c74568:   00007f399f72c87f 00007f39a0c74948
0x00007f39a0c74578:   00007f39893c9324 00000000d0cd84c0
0x00007f39a0c74588:   ffffffff89007d80 00007f39a0c74948
0x00007f39a0c74598:   00007f398938cc44 00007f39a0c745c0
0x00007f39a0c745a8:   00007f399f98cd39 00000000f0ff7750
0x00007f39a0c745b8:   00000000d0cd7770 00007f39a0c745e0
0x00007f39a0c745c8:   00007f399f7314c5 00007f39a0c74948
0x00007f39a0c745d8:   00007f39893c77cc 00007f39a0c746d0
0x00007f39a0c745e8:   00007f399f72a557 00007f39a0c74740
0x00007f39a0c745f8:   00007f399f72c87f 00007f39a0c746c0
0x00007f39a0c74608:   00007f39a0c746b0 00000005d0cd84c0
0x00007f39a0c74618:   00007f39980075a0 00007f399d04e7a0
0x00007f39a0c74628:   00007f399d049c40 0000000000000000 

Instructions: (pc=0x00007f394a005060)
0x00007f394a005040:   
[error occurred during error reporting (printing registers, top of stack, instructions near pc), id 0xb]

Register to memory mapping:

RAX=0x00000000d11a0550 is an oop
com.sun.tools.javac.code.Type$ClassType 
 - klass: 'com/sun/tools/javac/code/Type$ClassType'
RBX=0x00007f399d2da970 is pointing into metadata
RCX=0x00000000000001a7 is an unknown value
RDX=0x0000000100070618 is pointing into metadata
RSP=0x00007f39a0c74438 is pointing into the stack for thread: 0x00007f399800a000
RBP=0x00007f39a0c74948 is pointing into the stack for thread: 0x00007f399800a000
RSI=0x00000000d11a0550 is an oop
com.sun.tools.javac.code.Type$ClassType 
 - klass: 'com/sun/tools/javac/code/Type$ClassType'
RDI=0x00000000d11a0550 is an oop
com.sun.tools.javac.code.Type$ClassType 
 - klass: 'com/sun/tools/javac/code/Type$ClassType'
R8 =0x0000000000000001 is an unknown value
R9 =0x00000000d0cd7770 is an oop
com.sun.tools.javac.code.Types 
 - klass: 'com/sun/tools/javac/code/Types'
R10=0x00000000d1155958 is an oop
com.sun.tools.javac.code.Type$1 
 - klass: 'com/sun/tools/javac/code/Type$1'
R11=0x0000000000000eda is an unknown value
R12=0x0000000000000000 is an unknown value
R13=0x00000000d0f35af0 is an oop
com.sun.tools.javac.util.List$1 
 - klass: 'com/sun/tools/javac/util/List$1'
R14=0x00000000d0f35af0 is an oop
com.sun.tools.javac.util.List$1 
 - klass: 'com/sun/tools/javac/util/List$1'
R15=0x00007f399800a000 is a thread


Stack: [0x00007f39a0b77000,0x00007f39a0c78000],  sp=0x00007f39a0c74438,  free space=1013k
Native frames: (J=compiled Java code, j=interpreted, Vv=VM code, C=native code)
C  0x00007f394a005060
J 932 C1 com.sun.tools.javac.comp.Check.checkType(Lcom/sun/tools/javac/util/JCDiagnostic$DiagnosticPosition;Lcom/sun/tools/javac/code/Type;Lcom/sun/tools/javac/code/Type;Lcom/sun/tools/javac/comp/Check$CheckContext;)Lcom/sun/tools/javac/code/Type; (188 bytes) @ 0x00007f3989366a34 [0x00007f3989365a40+0xff4]

[error occurred during error reporting (printing native stack), id 0xb]


---------------  P R O C E S S  ---------------

Java Threads: ( => current thread )
  0x00007f39980ba000 JavaThread "Service Thread" daemon [_thread_blocked, id=10630, stack(0x00007f398866f000,0x00007f3988770000)]
  0x00007f39980b7800 JavaThread "C1 CompilerThread1" daemon [_thread_blocked, id=10629, stack(0x00007f3988770000,0x00007f3988871000)]
  0x00007f39980b4800 JavaThread "C2 CompilerThread0" daemon [_thread_blocked, id=10628, stack(0x00007f3988871000,0x00007f3988972000)]
  0x00007f39980b3000 JavaThread "Signal Dispatcher" daemon [_thread_blocked, id=10627, stack(0x00007f3988972000,0x00007f3988a73000)]
  0x00007f399807f800 JavaThread "Finalizer" daemon [_thread_blocked, id=10626, stack(0x00007f3988bfc000,0x00007f3988cfd000)]
  0x00007f399807b000 JavaThread "Reference Handler" daemon [_thread_blocked, id=10625, stack(0x00007f3988cfd000,0x00007f3988dfe000)]
=>0x00007f399800a000 JavaThread "main" [_thread_in_Java, id=10621, stack(0x00007f39a0b77000,0x00007f39a0c78000)]

Other Threads:
  0x00007f3998073800 VMThread [stack: 0x00007f3988dfe000,0x00007f3988eff000] [id=10624]
  0x00007f39980bd000 WatcherThread [stack: 0x00007f398856e000,0x00007f398866f000] [id=10631]

VM state:not at safepoint (normal execution)

VM Mutex/Monitor currently owned by a thread: None

Heap:
 PSYoungGen      total 14336K, used 4261K [0x00000000f0400000, 0x00000000f2400000, 0x0000000100000000)
  eden space 11264K, 19% used [0x00000000f0400000,0x00000000f0630758,0x00000000f0f00000)
  from space 3072K, 65% used [0x00000000f0f00000,0x00000000f10f8fe0,0x00000000f1200000)
  to   space 5120K, 0% used [0x00000000f1f00000,0x00000000f1f00000,0x00000000f2400000)
 ParOldGen       total 11776K, used 6261K [0x00000000d0c00000, 0x00000000d1780000, 0x00000000f0400000)
  object space 11776K, 53% used [0x00000000d0c00000,0x00000000d121d7f0,0x00000000d1780000)
 Metaspace       used 8904K, capacity 9472K, committed 9600K, reserved 1058816K
  class space    used 1030K, capacity 1076K, committed 1152K, reserved 1048576K

Card table byte_map: [0x00007f399d7d6000,0x00007f399d951000] byte_map_base: 0x00007f399d150000

Marking Bits: (ParMarkBitMap*) 0x00007f39a006ac80
 Begin Bits: [0x00007f3982860000, 0x00007f3983430000)
 End Bits:   [0x00007f3983430000, 0x00007f3984000000)

Polling page: 0x00007f39a0c97000

CodeCache: size=245760Kb used=3914Kb max_used=3914Kb free=241845Kb
 bounds [0x00007f3989000000, 0x00007f39893e0000, 0x00007f3998000000]
 total_blobs=1362 nmethods=1069 adapters=208
 compilation: enabled

Compilation events (10 events):
Event: 1,236 Thread 0x00007f39980b7800 nmethod 1008 0x00007f39893ca790 code [0x00007f39893caaa0, 0x00007f39893cc168]
Event: 1,236 Thread 0x00007f39980b7800 1060       3       com.sun.tools.javac.comp.Resolve$InapplicableMethodException::setMessage (7 bytes)
Event: 1,236 Thread 0x00007f39980b4800 1066       4       com.sun.tools.javac.util.List$3::next (39 bytes)
Event: 1,237 Thread 0x00007f39980b4800 nmethod 1066 0x00007f39893cfb50 code [0x00007f39893cfca0, 0x00007f39893cfd58]
Event: 1,237 Thread 0x00007f39980b7800 nmethod 1060 0x00007f39893cf810 code [0x00007f39893cf960, 0x00007f39893cfad0]
Event: 1,237 Thread 0x00007f39980b7800 1067       3       java.util.EnumSet::noneOf (63 bytes)
Event: 1,238 Thread 0x00007f39980b7800 nmethod 1067 0x00007f39893cd8d0 code [0x00007f39893cdb80, 0x00007f39893cee38]
Event: 1,238 Thread 0x00007f39980b7800 1068       3       com.sun.tools.javac.code.Type$ClassType::isRaw (43 bytes)
Event: 1,238 Thread 0x00007f39980b7800 nmethod 1068 0x00007f39893cd010 code [0x00007f39893cd1c0, 0x00007f39893cd768]
Event: 1,238 Thread 0x00007f39980b7800 1069       3       java.util.regex.Pattern$BmpCharProperty::match (50 bytes)

GC Heap History (10 events):
Event: 0,303 GC heap before
{Heap before GC invocations=4 (full 0):
 PSYoungGen      total 3584K, used 3568K [0x00000000f0400000, 0x00000000f0b00000, 0x0000000100000000)
  eden space 3072K, 100% used [0x00000000f0400000,0x00000000f0700000,0x00000000f0700000)
  from space 512K, 96% used [0x00000000f0700000,0x00000000f077c020,0x00000000f0780000)
  to   space 512K, 0% used [0x00000000f0a80000,0x00000000f0a80000,0x00000000f0b00000)
 ParOldGen       total 5632K, used 496K [0x00000000d0c00000, 0x00000000d1180000, 0x00000000f0400000)
  object space 5632K, 8% used [0x00000000d0c00000,0x00000000d0c7c050,0x00000000d1180000)
 Metaspace       used 6227K, capacity 7404K, committed 7552K, reserved 1056768K
  class space    used 780K, capacity 808K, committed 896K, reserved 1048576K
Event: 0,306 GC heap after
Heap after GC invocations=4 (full 0):
 PSYoungGen      total 6656K, used 496K [0x00000000f0400000, 0x00000000f0b00000, 0x0000000100000000)
  eden space 6144K, 0% used [0x00000000f0400000,0x00000000f0400000,0x00000000f0a00000)
  from space 512K, 96% used [0x00000000f0a80000,0x00000000f0afc020,0x00000000f0b00000)
  to   space 512K, 0% used [0x00000000f0a00000,0x00000000f0a00000,0x00000000f0a80000)
 ParOldGen       total 5632K, used 875K [0x00000000d0c00000, 0x00000000d1180000, 0x00000000f0400000)
  object space 5632K, 15% used [0x00000000d0c00000,0x00000000d0cdaf48,0x00000000d1180000)
 Metaspace       used 6227K, capacity 7404K, committed 7552K, reserved 1056768K
  class space    used 780K, capacity 808K, committed 896K, reserved 1048576K
}
Event: 0,532 GC heap before
{Heap before GC invocations=5 (full 0):
 PSYoungGen      total 6656K, used 6583K [0x00000000f0400000, 0x00000000f0b00000, 0x0000000100000000)
  eden space 6144K, 99% used [0x00000000f0400000,0x00000000f09f1c30,0x00000000f0a00000)
  from space 512K, 96% used [0x00000000f0a80000,0x00000000f0afc020,0x00000000f0b00000)
  to   space 512K, 0% used [0x00000000f0a00000,0x00000000f0a00000,0x00000000f0a80000)
 ParOldGen       total 5632K, used 875K [0x00000000d0c00000, 0x00000000d1180000, 0x00000000f0400000)
  object space 5632K, 15% used [0x00000000d0c00000,0x00000000d0cdaf48,0x00000000d1180000)
 Metaspace       used 7273K, capacity 8212K, committed 8448K, reserved 1056768K
  class space    used 877K, capacity 912K, committed 1024K, reserved 1048576K
Event: 0,544 GC heap after
Heap after GC invocations=5 (full 0):
 PSYoungGen      total 6656K, used 480K [0x00000000f0400000, 0x00000000f1400000, 0x0000000100000000)
  eden space 6144K, 0% used [0x00000000f0400000,0x00000000f0400000,0x00000000f0a00000)
  from space 512K, 93% used [0x00000000f0a00000,0x00000000f0a78010,0x00000000f0a80000)
  to   space 2048K, 0% used [0x00000000f1200000,0x00000000f1200000,0x00000000f1400000)
 ParOldGen       total 5632K, used 2370K [0x00000000d0c00000, 0x00000000d1180000, 0x00000000f0400000)
  object space 5632K, 42% used [0x00000000d0c00000,0x00000000d0e50890,0x00000000d1180000)
 Metaspace       used 7273K, capacity 8212K, committed 8448K, reserved 1056768K
  class space    used 877K, capacity 912K, committed 1024K, reserved 1048576K
}
Event: 0,657 GC heap before
{Heap before GC invocations=6 (full 0):
 PSYoungGen      total 6656K, used 6203K [0x00000000f0400000, 0x00000000f1400000, 0x0000000100000000)
  eden space 6144K, 93% used [0x00000000f0400000,0x00000000f0996db0,0x00000000f0a00000)
  from space 512K, 93% used [0x00000000f0a00000,0x00000000f0a78010,0x00000000f0a80000)
  to   space 2048K, 0% used [0x00000000f1200000,0x00000000f1200000,0x00000000f1400000)
 ParOldGen       total 5632K, used 2370K [0x00000000d0c00000, 0x00000000d1180000, 0x00000000f0400000)
  object space 5632K, 42% used [0x00000000d0c00000,0x00000000d0e50890,0x00000000d1180000)
 Metaspace       used 7454K, capacity 8308K, committed 8448K, reserved 1056768K
  class space    used 890K, capacity 944K, committed 1024K, reserved 1048576K
Event: 0,669 GC heap after
Heap after GC invocations=6 (full 0):
 PSYoungGen      total 13312K, used 2040K [0x00000000f0400000, 0x00000000f1600000, 0x0000000100000000)
  eden space 11264K, 0% used [0x00000000f0400000,0x00000000f0400000,0x00000000f0f00000)
  from space 2048K, 99% used [0x00000000f1200000,0x00000000f13fe2f8,0x00000000f1400000)
  to   space 3072K, 0% used [0x00000000f0f00000,0x00000000f0f00000,0x00000000f1200000)
 ParOldGen       total 5632K, used 3716K [0x00000000d0c00000, 0x00000000d1180000, 0x00000000f0400000)
  object space 5632K, 65% used [0x00000000d0c00000,0x00000000d0fa1140,0x00000000d1180000)
 Metaspace       used 7454K, capacity 8308K, committed 8448K, reserved 1056768K
  class space    used 890K, capacity 944K, committed 1024K, reserved 1048576K
}
Event: 0,976 GC heap before
{Heap before GC invocations=7 (full 0):
 PSYoungGen      total 13312K, used 13304K [0x00000000f0400000, 0x00000000f1600000, 0x0000000100000000)
  eden space 11264K, 100% used [0x00000000f0400000,0x00000000f0f00000,0x00000000f0f00000)
  from space 2048K, 99% used [0x00000000f1200000,0x00000000f13fe2f8,0x00000000f1400000)
  to   space 3072K, 0% used [0x00000000f0f00000,0x00000000f0f00000,0x00000000f1200000)
 ParOldGen       total 5632K, used 3716K [0x00000000d0c00000, 0x00000000d1180000, 0x00000000f0400000)
  object space 5632K, 65% used [0x00000000d0c00000,0x00000000d0fa1140,0x00000000d1180000)
 Metaspace       used 8736K, capacity 9312K, committed 9600K, reserved 1058816K
  class space    used 1024K, capacity 1044K, committed 1152K, reserved 1048576K
Event: 1,001 GC heap after
Heap after GC invocations=7 (full 0):
 PSYoungGen      total 14336K, used 3057K [0x00000000f0400000, 0x00000000f2400000, 0x0000000100000000)
  eden space 11264K, 0% used [0x00000000f0400000,0x00000000f0400000,0x00000000f0f00000)
  from space 3072K, 99% used [0x00000000f0f00000,0x00000000f11fc7c8,0x00000000f1200000)
  to   space 5120K, 0% used [0x00000000f1f00000,0x00000000f1f00000,0x00000000f2400000)
 ParOldGen       total 6656K, used 6286K [0x00000000d0c00000, 0x00000000d1280000, 0x00000000f0400000)
  object space 6656K, 94% used [0x00000000d0c00000,0x00000000d12239b0,0x00000000d1280000)
 Metaspace       used 8736K, capacity 9312K, committed 9600K, reserved 1058816K
  class space    used 1024K, capacity 1044K, committed 1152K, reserved 1048576K
}
Event: 1,001 GC heap before
{Heap before GC invocations=8 (full 1):
 PSYoungGen      total 14336K, used 3057K [0x00000000f0400000, 0x00000000f2400000, 0x0000000100000000)
  eden space 11264K, 0% used [0x00000000f0400000,0x00000000f0400000,0x00000000f0f00000)
  from space 3072K, 99% used [0x00000000f0f00000,0x00000000f11fc7c8,0x00000000f1200000)
  to   space 5120K, 0% used [0x00000000f1f00000,0x00000000f1f00000,0x00000000f2400000)
 ParOldGen       total 6656K, used 6286K [0x00000000d0c00000, 0x00000000d1280000, 0x00000000f0400000)
  object space 6656K, 94% used [0x00000000d0c00000,0x00000000d12239b0,0x00000000d1280000)
 Metaspace       used 8736K, capacity 9312K, committed 9600K, reserved 1058816K
  class space    used 1024K, capacity 1044K, committed 1152K, reserved 1048576K
Event: 1,108 GC heap after
Heap after GC invocations=8 (full 1):
 PSYoungGen      total 14336K, used 2019K [0x00000000f0400000, 0x00000000f2400000, 0x0000000100000000)
  eden space 11264K, 0% used [0x00000000f0400000,0x00000000f0400000,0x00000000f0f00000)
  from space 3072K, 65% used [0x00000000f0f00000,0x00000000f10f8fe0,0x00000000f1200000)
  to   space 5120K, 0% used [0x00000000f1f00000,0x00000000f1f00000,0x00000000f2400000)
 ParOldGen       total 11776K, used 6261K [0x00000000d0c00000, 0x00000000d1780000, 0x00000000f0400000)
  object space 11776K, 53% used [0x00000000d0c00000,0x00000000d121d7f0,0x00000000d1780000)
 Metaspace       used 8736K, capacity 9312K, committed 9600K, reserved 1058816K
  class space    used 1024K, capacity 1044K, committed 1152K, reserved 1048576K
}

Deoptimization events (9 events):
Event: 0,340 Thread 0x00007f399800a000 Uncommon trap: reason=unstable_if action=reinterpret pc=0x00007f39891669ec method=java.lang.String.replace(CC)Ljava/lang/String; @ 2
Event: 0,344 Thread 0x00007f399800a000 Uncommon trap: reason=class_check action=maybe_recompile pc=0x00007f398918c7e0 method=sun.misc.URLClassPath.getLoader(I)Lsun/misc/URLClassPath$Loader; @ 94
Event: 0,344 Thread 0x00007f399800a000 Uncommon trap: reason=class_check action=maybe_recompile pc=0x00007f398918c7e0 method=sun.misc.URLClassPath.getLoader(I)Lsun/misc/URLClassPath$Loader; @ 94
Event: 0,344 Thread 0x00007f399800a000 Uncommon trap: reason=unstable_if action=reinterpret pc=0x00007f39891885fc method=java.lang.String.indexOf([CII[CIII)I @ 134
Event: 0,375 Thread 0x00007f399800a000 Uncommon trap: reason=unstable_if action=reinterpret pc=0x00007f39891b74d4 method=java.lang.String.<init>([CII)V @ 18
Event: 0,377 Thread 0x00007f399800a000 Uncommon trap: reason=unstable_if action=reinterpret pc=0x00007f39891be2d0 method=com.sun.tools.javac.parser.UnicodeReader.scanChar()V @ 37
Event: 0,702 Thread 0x00007f399800a000 Uncommon trap: reason=unstable_if action=reinterpret pc=0x00007f398913542c method=java.lang.String.startsWith(Ljava/lang/String;I)Z @ 25
Event: 0,913 Thread 0x00007f399800a000 Uncommon trap: reason=unstable_if action=reinterpret pc=0x00007f39891a3d80 method=sun.misc.MetaIndex.mayContain(Ljava/lang/String;)Z @ 38
Event: 0,913 Thread 0x00007f399800a000 Uncommon trap: reason=unstable_if action=reinterpret pc=0x00007f3989174408 method=sun.misc.MetaIndex.mayContain(Ljava/lang/String;)Z @ 38

Internal exceptions (10 events):
Event: 0,019 Thread 0x00007f399800a000 Exception <a 'java/lang/NoSuchMethodError': Method sun.misc.Unsafe.defineClass(Ljava/lang/String;[BII)Ljava/lang/Class; name or signature does not match> (0x00000000f0407cd8) thrown at [/HUDSON3/workspace/8-2-build-linux-amd64/jdk8u121/8372/hotspot/src/sh
Event: 0,019 Thread 0x00007f399800a000 Exception <a 'java/lang/NoSuchMethodError': Method sun.misc.Unsafe.prefetchRead(Ljava/lang/Object;J)V name or signature does not match> (0x00000000f0407fc0) thrown at [/HUDSON3/workspace/8-2-build-linux-amd64/jdk8u121/8372/hotspot/src/share/vm/prims/jni.c
Event: 0,120 Thread 0x00007f399800a000 Exception <a 'java/security/PrivilegedActionException'> (0x00000000f05652a8) thrown at [/HUDSON3/workspace/8-2-build-linux-amd64/jdk8u121/8372/hotspot/src/share/vm/prims/jvm.cpp, line 1390]
Event: 0,120 Thread 0x00007f399800a000 Exception <a 'java/security/PrivilegedActionException'> (0x00000000f05656a0) thrown at [/HUDSON3/workspace/8-2-build-linux-amd64/jdk8u121/8372/hotspot/src/share/vm/prims/jvm.cpp, line 1390]
Event: 0,121 Thread 0x00007f399800a000 Exception <a 'java/security/PrivilegedActionException'> (0x00000000f0567cf0) thrown at [/HUDSON3/workspace/8-2-build-linux-amd64/jdk8u121/8372/hotspot/src/share/vm/prims/jvm.cpp, line 1390]
Event: 0,121 Thread 0x00007f399800a000 Exception <a 'java/security/PrivilegedActionException'> (0x00000000f05680e8) thrown at [/HUDSON3/workspace/8-2-build-linux-amd64/jdk8u121/8372/hotspot/src/share/vm/prims/jvm.cpp, line 1390]
Event: 0,129 Thread 0x00007f399800a000 Exception <a 'java/security/PrivilegedActionException'> (0x00000000f0424130) thrown at [/HUDSON3/workspace/8-2-build-linux-amd64/jdk8u121/8372/hotspot/src/share/vm/prims/jvm.cpp, line 1390]
Event: 0,129 Thread 0x00007f399800a000 Exception <a 'java/security/PrivilegedActionException'> (0x00000000f0424528) thrown at [/HUDSON3/workspace/8-2-build-linux-amd64/jdk8u121/8372/hotspot/src/share/vm/prims/jvm.cpp, line 1390]
Event: 0,655 Thread 0x00007f399800a000 Exception <a 'java/io/FileNotFoundException'> (0x00000000f0942090) thrown at [/HUDSON3/workspace/8-2-build-linux-amd64/jdk8u121/8372/hotspot/src/share/vm/prims/jni.cpp, line 709]
Event: 0,657 Thread 0x00007f399800a000 Exception <a 'java/io/FileNotFoundException'> (0x00000000f098b420) thrown at [/HUDSON3/workspace/8-2-build-linux-amd64/jdk8u121/8372/hotspot/src/share/vm/prims/jni.cpp, line 709]

Events (10 events):
Event: 1,172 loading class com/sun/tools/javac/code/Types$MethodFilter
Event: 1,172 loading class com/sun/tools/javac/code/Types$MethodFilter done
Event: 1,172 loading class com/sun/tools/javac/code/Kinds
Event: 1,172 loading class com/sun/tools/javac/code/Kinds done
Event: 1,172 loading class com/sun/tools/javac/code/Kinds$1
Event: 1,172 loading class com/sun/tools/javac/code/Kinds$1 done
Event: 1,173 loading class com/sun/tools/javac/code/Kinds$KindName
Event: 1,173 loading class com/sun/tools/javac/code/Kinds$KindName done
Event: 1,198 Executing VM operation: ForceSafepoint
Event: 1,198 Executing VM operation: ForceSafepoint done


Dynamic libraries:
00400000-00401000 r-xp 00000000 08:01 4995247                            /usr/lib/jvm/java-8-oracle/bin/javac
00600000-00601000 rw-p 00000000 08:01 4995247                            /usr/lib/jvm/java-8-oracle/bin/javac
008f9000-0091a000 rw-p 00000000 00:00 0                                  [heap]
d0c00000-d1780000 rw-p 00000000 00:00 0 
d1780000-f0400000 ---p 00000000 00:00 0 
f0400000-f2400000 rw-p 00000000 00:00 0 
f2400000-100000000 ---p 00000000 00:00 0 
100000000-100120000 rw-p 00000000 00:00 0 
100120000-140000000 ---p 00000000 00:00 0 
7f3958000000-7f3958021000 rw-p 00000000 00:00 0 
7f3958021000-7f395c000000 ---p 00000000 00:00 0 
7f3960000000-7f39605ea000 rw-p 00000000 00:00 0 
7f39605ea000-7f3964000000 ---p 00000000 00:00 0 
7f3964000000-7f3964021000 rw-p 00000000 00:00 0 
7f3964021000-7f3968000000 ---p 00000000 00:00 0 
7f3968000000-7f39686dc000 rw-p 00000000 00:00 0 
7f39686dc000-7f396c000000 ---p 00000000 00:00 0 
7f396c000000-7f396c021000 rw-p 00000000 00:00 0 
7f396c021000-7f3970000000 ---p 00000000 00:00 0 
7f3970000000-7f3970021000 rw-p 00000000 00:00 0 
7f3970021000-7f3974000000 ---p 00000000 00:00 0 
7f3974000000-7f3974021000 rw-p 00000000 00:00 0 
7f3974021000-7f3978000000 ---p 00000000 00:00 0 
7f3978000000-7f3978021000 rw-p 00000000 00:00 0 
7f3978021000-7f397c000000 ---p 00000000 00:00 0 
7f397c000000-7f397c021000 rw-p 00000000 00:00 0 
7f397c021000-7f3980000000 ---p 00000000 00:00 0 
7f3982860000-7f3984000000 rw-p 00000000 00:00 0 
7f3984000000-7f3984021000 rw-p 00000000 00:00 0 
7f3984021000-7f3988000000 ---p 00000000 00:00 0 
7f3988348000-7f3988388000 rw-p 00000000 00:00 0 
7f3988388000-7f3988548000 ---p 00000000 00:00 0 
7f3988548000-7f3988552000 r--s 00116000 08:01 5783706                    /usr/lib/jvm/java-8-oracle/jre/lib/ext/localedata.jar
7f3988552000-7f398856e000 r--s 00393000 08:01 5783709                    /usr/lib/jvm/java-8-oracle/jre/lib/ext/cldrdata.jar
7f398856e000-7f398856f000 ---p 00000000 00:00 0 
7f398856f000-7f398866f000 rw-p 00000000 00:00 0                          [stack:10631]
7f398866f000-7f3988672000 ---p 00000000 00:00 0 
7f3988672000-7f3988770000 rw-p 00000000 00:00 0                          [stack:10630]
7f3988770000-7f3988773000 ---p 00000000 00:00 0 
7f3988773000-7f3988871000 rw-p 00000000 00:00 0                          [stack:10629]
7f3988871000-7f3988874000 ---p 00000000 00:00 0 
7f3988874000-7f3988972000 rw-p 00000000 00:00 0                          [stack:10628]
7f3988972000-7f3988975000 ---p 00000000 00:00 0 
7f3988975000-7f3988a73000 rw-p 00000000 00:00 0                          [stack:10627]
7f3988a73000-7f3988bfc000 r--p 00000000 08:01 4460371                    /usr/lib/locale/locale-archive
7f3988bfc000-7f3988bff000 ---p 00000000 00:00 0 
7f3988bff000-7f3988cfd000 rw-p 00000000 00:00 0                          [stack:10626]
7f3988cfd000-7f3988d00000 ---p 00000000 00:00 0 
7f3988d00000-7f3988dfe000 rw-p 00000000 00:00 0                          [stack:10625]
7f3988dfe000-7f3988dff000 ---p 00000000 00:00 0 
7f3988dff000-7f3989000000 rw-p 00000000 00:00 0                          [stack:10624]
7f3989000000-7f39893e0000 rwxp 00000000 00:00 0 
7f39893e0000-7f3998000000 ---p 00000000 00:00 0 
7f3998000000-7f39984cc000 rw-p 00000000 00:00 0 
7f39984cc000-7f399c000000 ---p 00000000 00:00 0 
7f399c006000-7f399c02a000 r--p 00000000 08:01 4460361                    /usr/share/locale/it/LC_MESSAGES/libc.mo
7f399c02a000-7f399c0a4000 r--s 010f6000 08:01 4596462                    /usr/lib/jvm/java-8-oracle/lib/tools.jar
7f399c0a4000-7f399c90f000 rw-p 00000000 00:00 0 
7f399c90f000-7f399cae8000 r--s 03d3e000 08:01 5251199                    /usr/lib/jvm/java-8-oracle/jre/lib/rt.jar
7f399cae8000-7f399d4d8000 rw-p 00000000 00:00 0 
7f399d4d8000-7f399d4d9000 ---p 00000000 00:00 0 
7f399d4d9000-7f399d5d9000 rw-p 00000000 00:00 0                          [stack:10623]
7f399d5d9000-7f399d5da000 ---p 00000000 00:00 0 
7f399d5da000-7f399d6e0000 rw-p 00000000 00:00 0                          [stack:10622]
7f399d6e0000-7f399d7d6000 ---p 00000000 00:00 0 
7f399d7d6000-7f399d7dc000 rw-p 00000000 00:00 0 
7f399d7dc000-7f399d8d2000 ---p 00000000 00:00 0 
7f399d8d2000-7f399d8e2000 rw-p 00000000 00:00 0 
7f399d8e2000-7f399d950000 ---p 00000000 00:00 0 
7f399d950000-7f399d961000 rw-p 00000000 00:00 0 
7f399d961000-7f399dd11000 ---p 00000000 00:00 0 
7f399dd11000-7f399dd2b000 r-xp 00000000 08:01 5251230                    /usr/lib/jvm/java-8-oracle/jre/lib/amd64/libzip.so
7f399dd2b000-7f399df2b000 ---p 0001a000 08:01 5251230                    /usr/lib/jvm/java-8-oracle/jre/lib/amd64/libzip.so
7f399df2b000-7f399df2c000 rw-p 0001a000 08:01 5251230                    /usr/lib/jvm/java-8-oracle/jre/lib/amd64/libzip.so
7f399df2c000-7f399df37000 r-xp 00000000 08:01 4328379                    /lib/x86_64-linux-gnu/libnss_files-2.19.so
7f399df37000-7f399e136000 ---p 0000b000 08:01 4328379                    /lib/x86_64-linux-gnu/libnss_files-2.19.so
7f399e136000-7f399e137000 r--p 0000a000 08:01 4328379                    /lib/x86_64-linux-gnu/libnss_files-2.19.so
7f399e137000-7f399e138000 rw-p 0000b000 08:01 4328379                    /lib/x86_64-linux-gnu/libnss_files-2.19.so
7f399e138000-7f399e142000 r-xp 00000000 08:01 4328381                    /lib/x86_64-linux-gnu/libnss_nis-2.19.so
7f399e142000-7f399e341000 ---p 0000a000 08:01 4328381                    /lib/x86_64-linux-gnu/libnss_nis-2.19.so
7f399e341000-7f399e342000 r--p 00009000 08:01 4328381                    /lib/x86_64-linux-gnu/libnss_nis-2.19.so
7f399e342000-7f399e343000 rw-p 0000a000 08:01 4328381                    /lib/x86_64-linux-gnu/libnss_nis-2.19.so
7f399e343000-7f399e358000 r-xp 00000000 08:01 4328376                    /lib/x86_64-linux-gnu/libnsl-2.19.so
7f399e358000-7f399e557000 ---p 00015000 08:01 4328376                    /lib/x86_64-linux-gnu/libnsl-2.19.so
7f399e557000-7f399e558000 r--p 00014000 08:01 4328376                    /lib/x86_64-linux-gnu/libnsl-2.19.so
7f399e558000-7f399e559000 rw-p 00015000 08:01 4328376                    /lib/x86_64-linux-gnu/libnsl-2.19.so
7f399e559000-7f399e55b000 rw-p 00000000 00:00 0 
7f399e55b000-7f399e562000 r-xp 00000000 08:01 4328377                    /lib/x86_64-linux-gnu/libnss_compat-2.19.so
7f399e562000-7f399e761000 ---p 00007000 08:01 4328377                    /lib/x86_64-linux-gnu/libnss_compat-2.19.so
7f399e761000-7f399e762000 r--p 00006000 08:01 4328377                    /lib/x86_64-linux-gnu/libnss_compat-2.19.so
7f399e762000-7f399e763000 rw-p 00007000 08:01 4328377                    /lib/x86_64-linux-gnu/libnss_compat-2.19.so
7f399e763000-7f399e78e000 r-xp 00000000 08:01 5251255                    /usr/lib/jvm/java-8-oracle/jre/lib/amd64/libjava.so
7f399e78e000-7f399e98d000 ---p 0002b000 08:01 5251255                    /usr/lib/jvm/java-8-oracle/jre/lib/amd64/libjava.so
7f399e98d000-7f399e98f000 rw-p 0002a000 08:01 5251255                    /usr/lib/jvm/java-8-oracle/jre/lib/amd64/libjava.so
7f399e98f000-7f399e99c000 r-xp 00000000 08:01 5251208                    /usr/lib/jvm/java-8-oracle/jre/lib/amd64/libverify.so
7f399e99c000-7f399eb9b000 ---p 0000d000 08:01 5251208                    /usr/lib/jvm/java-8-oracle/jre/lib/amd64/libverify.so
7f399eb9b000-7f399eb9d000 rw-p 0000c000 08:01 5251208                    /usr/lib/jvm/java-8-oracle/jre/lib/amd64/libverify.so
7f399eb9d000-7f399eba4000 r-xp 00000000 08:01 4328385                    /lib/x86_64-linux-gnu/librt-2.19.so
7f399eba4000-7f399eda3000 ---p 00007000 08:01 4328385                    /lib/x86_64-linux-gnu/librt-2.19.so
7f399eda3000-7f399eda4000 r--p 00006000 08:01 4328385                    /lib/x86_64-linux-gnu/librt-2.19.so
7f399eda4000-7f399eda5000 rw-p 00007000 08:01 4328385                    /lib/x86_64-linux-gnu/librt-2.19.so
7f399eda5000-7f399eea5000 r-xp 00000000 08:01 4328374                    /lib/x86_64-linux-gnu/libm-2.19.so
7f399eea5000-7f399f0a4000 ---p 00100000 08:01 4328374                    /lib/x86_64-linux-gnu/libm-2.19.so
7f399f0a4000-7f399f0a5000 r--p 000ff000 08:01 4328374                    /lib/x86_64-linux-gnu/libm-2.19.so
7f399f0a5000-7f399f0a6000 rw-p 00100000 08:01 4328374                    /lib/x86_64-linux-gnu/libm-2.19.so
7f399f0a6000-7f399fd74000 r-xp 00000000 08:01 5516074                    /usr/lib/jvm/java-8-oracle/jre/lib/amd64/server/libjvm.so
7f399fd74000-7f399ff74000 ---p 00cce000 08:01 5516074                    /usr/lib/jvm/java-8-oracle/jre/lib/amd64/server/libjvm.so
7f399ff74000-7f39a004d000 rw-p 00cce000 08:01 5516074                    /usr/lib/jvm/java-8-oracle/jre/lib/amd64/server/libjvm.so
7f39a004d000-7f39a0098000 rw-p 00000000 00:00 0 
7f39a0098000-7f39a0239000 r-xp 00000000 08:01 4328370                    /lib/x86_64-linux-gnu/libc-2.19.so
7f39a0239000-7f39a0439000 ---p 001a1000 08:01 4328370                    /lib/x86_64-linux-gnu/libc-2.19.so
7f39a0439000-7f39a043d000 r--p 001a1000 08:01 4328370                    /lib/x86_64-linux-gnu/libc-2.19.so
7f39a043d000-7f39a043f000 rw-p 001a5000 08:01 4328370                    /lib/x86_64-linux-gnu/libc-2.19.so
7f39a043f000-7f39a0443000 rw-p 00000000 00:00 0 
7f39a0443000-7f39a0446000 r-xp 00000000 08:01 4328373                    /lib/x86_64-linux-gnu/libdl-2.19.so
7f39a0446000-7f39a0645000 ---p 00003000 08:01 4328373                    /lib/x86_64-linux-gnu/libdl-2.19.so
7f39a0645000-7f39a0646000 r--p 00002000 08:01 4328373                    /lib/x86_64-linux-gnu/libdl-2.19.so
7f39a0646000-7f39a0647000 rw-p 00003000 08:01 4328373                    /lib/x86_64-linux-gnu/libdl-2.19.so
7f39a0647000-7f39a065c000 r-xp 00000000 08:01 4725419                    /usr/lib/jvm/java-8-oracle/lib/amd64/jli/libjli.so
7f39a065c000-7f39a085c000 ---p 00015000 08:01 4725419                    /usr/lib/jvm/java-8-oracle/lib/amd64/jli/libjli.so
7f39a085c000-7f39a085d000 rw-p 00015000 08:01 4725419                    /usr/lib/jvm/java-8-oracle/lib/amd64/jli/libjli.so
7f39a085d000-7f39a0875000 r-xp 00000000 08:01 4328366                    /lib/x86_64-linux-gnu/libpthread-2.19.so
7f39a0875000-7f39a0a74000 ---p 00018000 08:01 4328366                    /lib/x86_64-linux-gnu/libpthread-2.19.so
7f39a0a74000-7f39a0a75000 r--p 00017000 08:01 4328366                    /lib/x86_64-linux-gnu/libpthread-2.19.so
7f39a0a75000-7f39a0a76000 rw-p 00018000 08:01 4328366                    /lib/x86_64-linux-gnu/libpthread-2.19.so
7f39a0a76000-7f39a0a7a000 rw-p 00000000 00:00 0 
7f39a0a7a000-7f39a0a9a000 r-xp 00000000 08:01 4328367                    /lib/x86_64-linux-gnu/ld-2.19.so
7f39a0a9e000-7f39a0aa5000 r--s 00000000 08:01 4462525                    /usr/lib/x86_64-linux-gnu/gconv/gconv-modules.cache
7f39a0aa5000-7f39a0b77000 rw-p 00000000 00:00 0 
7f39a0b77000-7f39a0b7a000 ---p 00000000 00:00 0 
7f39a0b7a000-7f39a0c7c000 rw-p 00000000 00:00 0                          [stack:10621]
7f39a0c7f000-7f39a0c8e000 rw-p 00000000 00:00 0 
7f39a0c8e000-7f39a0c96000 rw-s 00000000 08:01 5118117                    /tmp/hsperfdata_antonio/10620
7f39a0c96000-7f39a0c97000 rw-p 00000000 00:00 0 
7f39a0c97000-7f39a0c98000 r--p 00000000 00:00 0 
7f39a0c98000-7f39a0c9a000 rw-p 00000000 00:00 0 
7f39a0c9a000-7f39a0c9b000 r--p 00020000 08:01 4328367                    /lib/x86_64-linux-gnu/ld-2.19.so
7f39a0c9b000-7f39a0c9c000 rw-p 00021000 08:01 4328367                    /lib/x86_64-linux-gnu/ld-2.19.so
7f39a0c9c000-7f39a0c9d000 rw-p 00000000 00:00 0 
7fffcf917000-7fffcf938000 rw-p 00000000 00:00 0                          [stack]
7fffcf9ef000-7fffcf9f1000 r-xp 00000000 00:00 0                          [vdso]
7fffcf9f1000-7fffcf9f3000 r--p 00000000 00:00 0                          [vvar]
ffffffffff600000-ffffffffff601000 r-xp 00000000 00:00 0                  [vsyscall]

VM Arguments:
jvm_args: -Dapplication.home=/usr/lib/jvm/java-8-oracle -Xms8m 
java_command: com.sun.tools.javac.Main -g -nowarn -classpath /usr/class/cs143/cool/lib:. AbstractSymbol.java AbstractTable.java BoolConst.java CgenClassTable.java CgenNode.java CgenSupport.java ClassTable.java CoolTokenLexer.java Flags.java IdSymbol.java IdTable.java IntSymbol.java IntTable.java ListNode.java Parser.java StringSymbol.java StringTable.java SymbolTable.java TreeConstants.java TreeNode.java Utilities.java cool-tree.java CoolParser.java TokenConstants.java
java_class_path (initial): /usr/lib/jvm/java-8-oracle/lib/tools.jar:/usr/lib/jvm/java-8-oracle/classes
Launcher Type: SUN_STANDARD

Environment Variables:
JAVA_HOME=/usr/lib/jvm/java-8-oracle
PATH=/usr/class/cs143/cool/bin:/usr/local/bin:/usr/bin:/bin:/usr/local/games:/usr/games:/usr/lib/jvm/java-8-oracle/bin:/usr/lib/jvm/java-8-oracle/db/bin:/usr/lib/jvm/java-8-oracle/jre/bin
USERNAME=antonio
SHELL=/bin/bash
DISPLAY=:0.0

Signal Handlers:
SIGSEGV: [libjvm.so+0xac78c0], sa_mask[0]=11111111011111111101111111111110, sa_flags=SA_RESTART|SA_SIGINFO
SIGBUS: [libjvm.so+0xac78c0], sa_mask[0]=11111111011111111101111111111110, sa_flags=SA_RESTART|SA_SIGINFO
SIGFPE: [libjvm.so+0x920ac0], sa_mask[0]=11111111011111111101111111111110, sa_flags=SA_RESTART|SA_SIGINFO
SIGPIPE: [libjvm.so+0x920ac0], sa_mask[0]=11111111011111111101111111111110, sa_flags=SA_RESTART|SA_SIGINFO
SIGXFSZ: [libjvm.so+0x920ac0], sa_mask[0]=11111111011111111101111111111110, sa_flags=SA_RESTART|SA_SIGINFO
SIGILL: [libjvm.so+0x920ac0], sa_mask[0]=11111111011111111101111111111110, sa_flags=SA_RESTART|SA_SIGINFO
SIGUSR1: SIG_DFL, sa_mask[0]=00000000000000000000000000000000, sa_flags=none
SIGUSR2: [libjvm.so+0x922300], sa_mask[0]=00000000000000000000000000000000, sa_flags=SA_RESTART|SA_SIGINFO
SIGHUP: [libjvm.so+0x923700], sa_mask[0]=11111111011111111101111111111110, sa_flags=SA_RESTART|SA_SIGINFO
SIGINT: [libjvm.so+0x923700], sa_mask[0]=11111111011111111101111111111110, sa_flags=SA_RESTART|SA_SIGINFO
SIGTERM: [libjvm.so+0x923700], sa_mask[0]=11111111011111111101111111111110, sa_flags=SA_RESTART|SA_SIGINFO
SIGQUIT: [libjvm.so+0x923700], sa_mask[0]=11111111011111111101111111111110, sa_flags=SA_RESTART|SA_SIGINFO


---------------  S Y S T E M  ---------------

OS:PRETTY_NAME="Debian GNU/Linux 8 (jessie)"
NAME="Debian GNU/Linux"
VERSION_ID="8"
VERSION="8 (jessie)"
ID=debian
HOME_URL="http://www.debian.org/"
SUPPORT_URL="http://www.debian.org/support"
BUG_REPORT_URL="https://bugs.debian.org/"

uname:Linux 3.16.0-4-amd64 #1 SMP Debian 3.16.39-1 (2016-12-30) x86_64
libc:glibc 2.19 NPTL 2.19 
rlimit: STACK 8192k, CORE 0k, NPROC 12009, NOFILE 65536, AS infinity
load average:0,31 0,31 0,28

/proc/meminfo:
MemTotal:        3091540 kB
MemFree:         1474572 kB
MemAvailable:    2151592 kB
Buffers:           68044 kB
Cached:           736560 kB
SwapCached:            0 kB
Active:          1086208 kB
Inactive:         362588 kB
Active(anon):     645268 kB
Inactive(anon):    35760 kB
Active(file):     440940 kB
Inactive(file):   326828 kB
Unevictable:         120 kB
Mlocked:             120 kB
SwapTotal:       6286332 kB
SwapFree:        6286332 kB
Dirty:               424 kB
Writeback:             0 kB
AnonPages:        644292 kB
Mapped:           356820 kB
Shmem:             36840 kB
Slab:              75724 kB
SReclaimable:      43752 kB
SUnreclaim:        31972 kB
KernelStack:        5760 kB
PageTables:        22648 kB
NFS_Unstable:          0 kB
Bounce:                0 kB
WritebackTmp:          0 kB
CommitLimit:     7832100 kB
Committed_AS:    3010640 kB
VmallocTotal:   34359738367 kB
VmallocUsed:       84628 kB
VmallocChunk:   34359651196 kB
HardwareCorrupted:     0 kB
AnonHugePages:         0 kB
HugePages_Total:       0
HugePages_Free:        0
HugePages_Rsvd:        0
HugePages_Surp:        0
Hugepagesize:       2048 kB
DirectMap4k:      148416 kB
DirectMap2M:     2996224 kB


CPU:total 2 (2 cores per cpu, 1 threads per core) family 6 model 23 stepping 6, cmov, cx8, fxsr, mmx, sse, sse2, sse3, ssse3, sse4.1, tsc

/proc/cpuinfo:
processor	: 0
vendor_id	: GenuineIntel
cpu family	: 6
model		: 23
model name	: Intel(R) Core(TM)2 Duo CPU     E8500  @ 3.16GHz
stepping	: 6
microcode	: 0x606
cpu MHz		: 3166.865
cache size	: 6144 KB
physical id	: 0
siblings	: 2
core id		: 0
cpu cores	: 2
apicid		: 0
initial apicid	: 0
fpu		: yes
fpu_exception	: yes
cpuid level	: 10
wp		: yes
flags		: fpu vme de pse tsc msr pae mce cx8 apic sep mtrr pge mca cmov pat pse36 clflush dts acpi mmx fxsr sse sse2 ss ht tm pbe syscall nx lm constant_tsc arch_perfmon pebs bts rep_good nopl aperfmperf pni dtes64 monitor ds_cpl vmx smx est tm2 ssse3 cx16 xtpr pdcm sse4_1 lahf_lm dtherm tpr_shadow vnmi flexpriority
bogomips	: 6333.73
clflush size	: 64
cache_alignment	: 64
address sizes	: 36 bits physical, 48 bits virtual
power management:

processor	: 1
vendor_id	: GenuineIntel
cpu family	: 6
model		: 23
model name	: Intel(R) Core(TM)2 Duo CPU     E8500  @ 3.16GHz
stepping	: 6
microcode	: 0x606
cpu MHz		: 3166.865
cache size	: 6144 KB
physical id	: 0
siblings	: 2
core id		: 1
cpu cores	: 2
apicid		: 1
initial apicid	: 1
fpu		: yes
fpu_exception	: yes
cpuid level	: 10
wp		: yes
flags		: fpu vme de pse tsc msr pae mce cx8 apic sep mtrr pge mca cmov pat pse36 clflush dts acpi mmx fxsr sse sse2 ss ht tm pbe syscall nx lm constant_tsc arch_perfmon pebs bts rep_good nopl aperfmperf pni dtes64 monitor ds_cpl vmx smx est tm2 ssse3 cx16 xtpr pdcm sse4_1 lahf_lm dtherm tpr_shadow vnmi flexpriority
bogomips	: 6333.73
clflush size	: 64
cache_alignment	: 64
address sizes	: 36 bits physical, 48 bits virtual
power management:



Memory: 4k page, physical 3091540k(1474572k free), swap 6286332k(6286332k free)

vm_info: Java HotSpot(TM) 64-Bit Server VM (25.121-b13) for linux-amd64 JRE (1.8.0_121-b13), built on Dec 12 2016 16:36:53 by "java_re" with gcc 4.3.0 20080428 (Red Hat 4.3.0-8)

time: Tue Apr 18 11:46:38 2017
elapsed time: 1 seconds (0d 0h 0m 1s)

